{"C:\\Users\\patri\\OneDrive\\Escritorio\\TravelBrain\\frontend-react\\src\\config.js": {"path":"C:\\Users\\patri\\OneDrive\\Escritorio\\TravelBrain\\frontend-react\\src\\config.js","statementMap":{"0":{"start":{"line":1,"column":26},"end":{"line":31,"column":1}},"1":{"start":{"line":11,"column":24},"end":{"line":11,"column":42}},"2":{"start":{"line":15,"column":31},"end":{"line":15,"column":56}},"3":{"start":{"line":19,"column":24},"end":{"line":19,"column":42}},"4":{"start":{"line":23,"column":34},"end":{"line":23,"column":62}},"5":{"start":{"line":27,"column":27},"end":{"line":27,"column":48}},"6":{"start":{"line":33,"column":28},"end":{"line":36,"column":1}}},"fnMap":{"0":{"name":"(anonymous_0)","decl":{"start":{"line":11,"column":16},"end":{"line":11,"column":17}},"loc":{"start":{"line":11,"column":24},"end":{"line":11,"column":42}},"line":11},"1":{"name":"(anonymous_1)","decl":{"start":{"line":15,"column":23},"end":{"line":15,"column":24}},"loc":{"start":{"line":15,"column":31},"end":{"line":15,"column":56}},"line":15},"2":{"name":"(anonymous_2)","decl":{"start":{"line":19,"column":16},"end":{"line":19,"column":17}},"loc":{"start":{"line":19,"column":24},"end":{"line":19,"column":42}},"line":19},"3":{"name":"(anonymous_3)","decl":{"start":{"line":23,"column":26},"end":{"line":23,"column":27}},"loc":{"start":{"line":23,"column":34},"end":{"line":23,"column":62}},"line":23},"4":{"name":"(anonymous_4)","decl":{"start":{"line":27,"column":19},"end":{"line":27,"column":20}},"loc":{"start":{"line":27,"column":27},"end":{"line":27,"column":48}},"line":27}},"branchMap":{},"s":{"0":17,"1":1,"2":0,"3":4,"4":0,"5":0,"6":17},"f":{"0":1,"1":0,"2":4,"3":0,"4":0},"b":{},"_coverageSchema":"1a1c01bbd47fc00a2c39e90264f33305004495a9","hash":"1c78cb886f8dae05302194e817c2e2680c855d04"}
,"C:\\Users\\patri\\OneDrive\\Escritorio\\TravelBrain\\frontend-react\\src\\components\\CurrencySelector.jsx": {"path":"C:\\Users\\patri\\OneDrive\\Escritorio\\TravelBrain\\frontend-react\\src\\components\\CurrencySelector.jsx","statementMap":{"0":{"start":{"line":11,"column":25},"end":{"line":201,"column":1}},"1":{"start":{"line":18,"column":23},"end":{"line":18,"column":55}},"2":{"start":{"line":19,"column":46},"end":{"line":19,"column":79}},"3":{"start":{"line":20,"column":46},"end":{"line":20,"column":79}},"4":{"start":{"line":21,"column":42},"end":{"line":21,"column":53}},"5":{"start":{"line":22,"column":48},"end":{"line":22,"column":69}},"6":{"start":{"line":23,"column":32},"end":{"line":23,"column":47}},"7":{"start":{"line":24,"column":44},"end":{"line":24,"column":59}},"8":{"start":{"line":27,"column":2},"end":{"line":30,"column":39}},"9":{"start":{"line":28,"column":4},"end":{"line":28,"column":58}},"10":{"start":{"line":28,"column":24},"end":{"line":28,"column":58}},"11":{"start":{"line":29,"column":4},"end":{"line":29,"column":58}},"12":{"start":{"line":29,"column":24},"end":{"line":29,"column":58}},"13":{"start":{"line":33,"column":2},"end":{"line":38,"column":20}},"14":{"start":{"line":34,"column":4},"end":{"line":37,"column":5}},"15":{"start":{"line":35,"column":31},"end":{"line":35,"column":69}},"16":{"start":{"line":36,"column":6},"end":{"line":36,"column":42}},"17":{"start":{"line":41,"column":2},"end":{"line":45,"column":47}},"18":{"start":{"line":42,"column":4},"end":{"line":44,"column":5}},"19":{"start":{"line":43,"column":6},"end":{"line":43,"column":26}},"20":{"start":{"line":47,"column":28},"end":{"line":79,"column":3}},"21":{"start":{"line":48,"column":4},"end":{"line":78,"column":5}},"22":{"start":{"line":49,"column":6},"end":{"line":49,"column":23}},"23":{"start":{"line":52,"column":21},"end":{"line":52,"column":54}},"24":{"start":{"line":53,"column":6},"end":{"line":53,"column":98}},"25":{"start":{"line":55,"column":21},"end":{"line":55,"column":82}},"26":{"start":{"line":56,"column":6},"end":{"line":56,"column":97}},"27":{"start":{"line":58,"column":6},"end":{"line":58,"column":35}},"28":{"start":{"line":61,"column":30},"end":{"line":61,"column":77}},"29":{"start":{"line":62,"column":6},"end":{"line":62,"column":42}},"30":{"start":{"line":65,"column":6},"end":{"line":73,"column":7}},"31":{"start":{"line":66,"column":8},"end":{"line":66,"column":84}},"32":{"start":{"line":67,"column":8},"end":{"line":72,"column":11}},"33":{"start":{"line":75,"column":6},"end":{"line":75,"column":57}},"34":{"start":{"line":77,"column":6},"end":{"line":77,"column":24}},"35":{"start":{"line":81,"column":29},"end":{"line":83,"column":3}},"36":{"start":{"line":82,"column":4},"end":{"line":82,"column":38}},"37":{"start":{"line":85,"column":29},"end":{"line":87,"column":3}},"38":{"start":{"line":86,"column":4},"end":{"line":86,"column":38}},"39":{"start":{"line":89,"column":26},"end":{"line":91,"column":3}},"40":{"start":{"line":90,"column":4},"end":{"line":90,"column":87}},"41":{"start":{"line":90,"column":32},"end":{"line":90,"column":47}},"42":{"start":{"line":93,"column":2},"end":{"line":200,"column":4}},"43":{"start":{"line":99,"column":25},"end":{"line":99,"column":57}},"44":{"start":{"line":118,"column":18},"end":{"line":120,"column":27}},"45":{"start":{"line":142,"column":18},"end":{"line":144,"column":27}}},"fnMap":{"0":{"name":"(anonymous_0)","decl":{"start":{"line":11,"column":25},"end":{"line":11,"column":26}},"loc":{"start":{"line":17,"column":6},"end":{"line":201,"column":1}},"line":17},"1":{"name":"(anonymous_1)","decl":{"start":{"line":27,"column":12},"end":{"line":27,"column":13}},"loc":{"start":{"line":27,"column":18},"end":{"line":30,"column":3}},"line":27},"2":{"name":"(anonymous_2)","decl":{"start":{"line":33,"column":12},"end":{"line":33,"column":13}},"loc":{"start":{"line":33,"column":18},"end":{"line":38,"column":3}},"line":33},"3":{"name":"(anonymous_3)","decl":{"start":{"line":41,"column":12},"end":{"line":41,"column":13}},"loc":{"start":{"line":41,"column":18},"end":{"line":45,"column":3}},"line":41},"4":{"name":"(anonymous_4)","decl":{"start":{"line":47,"column":28},"end":{"line":47,"column":29}},"loc":{"start":{"line":47,"column":40},"end":{"line":79,"column":3}},"line":47},"5":{"name":"(anonymous_5)","decl":{"start":{"line":81,"column":29},"end":{"line":81,"column":30}},"loc":{"start":{"line":81,"column":36},"end":{"line":83,"column":3}},"line":81},"6":{"name":"(anonymous_6)","decl":{"start":{"line":85,"column":29},"end":{"line":85,"column":30}},"loc":{"start":{"line":85,"column":36},"end":{"line":87,"column":3}},"line":85},"7":{"name":"(anonymous_7)","decl":{"start":{"line":89,"column":26},"end":{"line":89,"column":27}},"loc":{"start":{"line":89,"column":36},"end":{"line":91,"column":3}},"line":89},"8":{"name":"(anonymous_8)","decl":{"start":{"line":90,"column":27},"end":{"line":90,"column":28}},"loc":{"start":{"line":90,"column":32},"end":{"line":90,"column":47}},"line":90},"9":{"name":"(anonymous_9)","decl":{"start":{"line":99,"column":19},"end":{"line":99,"column":20}},"loc":{"start":{"line":99,"column":25},"end":{"line":99,"column":57}},"line":99},"10":{"name":"(anonymous_10)","decl":{"start":{"line":117,"column":32},"end":{"line":117,"column":33}},"loc":{"start":{"line":118,"column":18},"end":{"line":120,"column":27}},"line":118},"11":{"name":"(anonymous_11)","decl":{"start":{"line":141,"column":32},"end":{"line":141,"column":33}},"loc":{"start":{"line":142,"column":18},"end":{"line":144,"column":27}},"line":142}},"branchMap":{"0":{"loc":{"start":{"line":19,"column":55},"end":{"line":19,"column":78}},"type":"binary-expr","locations":[{"start":{"line":19,"column":55},"end":{"line":19,"column":69}},{"start":{"line":19,"column":73},"end":{"line":19,"column":78}}],"line":19},"1":{"loc":{"start":{"line":20,"column":55},"end":{"line":20,"column":78}},"type":"binary-expr","locations":[{"start":{"line":20,"column":55},"end":{"line":20,"column":69}},{"start":{"line":20,"column":73},"end":{"line":20,"column":78}}],"line":20},"2":{"loc":{"start":{"line":22,"column":57},"end":{"line":22,"column":68}},"type":"binary-expr","locations":[{"start":{"line":22,"column":57},"end":{"line":22,"column":63}},{"start":{"line":22,"column":67},"end":{"line":22,"column":68}}],"line":22},"3":{"loc":{"start":{"line":28,"column":4},"end":{"line":28,"column":58}},"type":"if","locations":[{"start":{"line":28,"column":4},"end":{"line":28,"column":58}},{"start":{},"end":{}}],"line":28},"4":{"loc":{"start":{"line":29,"column":4},"end":{"line":29,"column":58}},"type":"if","locations":[{"start":{"line":29,"column":4},"end":{"line":29,"column":58}},{"start":{},"end":{}}],"line":29},"5":{"loc":{"start":{"line":34,"column":4},"end":{"line":37,"column":5}},"type":"if","locations":[{"start":{"line":34,"column":4},"end":{"line":37,"column":5}},{"start":{},"end":{}}],"line":34},"6":{"loc":{"start":{"line":42,"column":4},"end":{"line":44,"column":5}},"type":"if","locations":[{"start":{"line":42,"column":4},"end":{"line":44,"column":5}},{"start":{},"end":{}}],"line":42},"7":{"loc":{"start":{"line":42,"column":8},"end":{"line":42,"column":40}},"type":"binary-expr","locations":[{"start":{"line":42,"column":8},"end":{"line":42,"column":22}},{"start":{"line":42,"column":26},"end":{"line":42,"column":40}}],"line":42},"8":{"loc":{"start":{"line":52,"column":21},"end":{"line":52,"column":54}},"type":"cond-expr","locations":[{"start":{"line":52,"column":44},"end":{"line":52,"column":50}},{"start":{"line":52,"column":53},"end":{"line":52,"column":54}}],"line":52},"9":{"loc":{"start":{"line":52,"column":21},"end":{"line":52,"column":41}},"type":"binary-expr","locations":[{"start":{"line":52,"column":21},"end":{"line":52,"column":27}},{"start":{"line":52,"column":31},"end":{"line":52,"column":41}}],"line":52},"10":{"loc":{"start":{"line":61,"column":30},"end":{"line":61,"column":77}},"type":"cond-expr","locations":[{"start":{"line":61,"column":53},"end":{"line":61,"column":73}},{"start":{"line":61,"column":76},"end":{"line":61,"column":77}}],"line":61},"11":{"loc":{"start":{"line":61,"column":30},"end":{"line":61,"column":50}},"type":"binary-expr","locations":[{"start":{"line":61,"column":30},"end":{"line":61,"column":36}},{"start":{"line":61,"column":40},"end":{"line":61,"column":50}}],"line":61},"12":{"loc":{"start":{"line":65,"column":6},"end":{"line":73,"column":7}},"type":"if","locations":[{"start":{"line":65,"column":6},"end":{"line":73,"column":7}},{"start":{},"end":{}}],"line":65},"13":{"loc":{"start":{"line":90,"column":11},"end":{"line":90,"column":86}},"type":"binary-expr","locations":[{"start":{"line":90,"column":11},"end":{"line":90,"column":48}},{"start":{"line":90,"column":52},"end":{"line":90,"column":86}}],"line":90},"14":{"loc":{"start":{"line":103,"column":43},"end":{"line":103,"column":70}},"type":"cond-expr","locations":[{"start":{"line":103,"column":59},"end":{"line":103,"column":65}},{"start":{"line":103,"column":68},"end":{"line":103,"column":70}}],"line":103},"15":{"loc":{"start":{"line":107,"column":7},"end":{"line":198,"column":7}},"type":"binary-expr","locations":[{"start":{"line":107,"column":7},"end":{"line":107,"column":20}},{"start":{"line":108,"column":8},"end":{"line":197,"column":14}}],"line":107},"16":{"loc":{"start":{"line":132,"column":17},"end":{"line":134,"column":17}},"type":"binary-expr","locations":[{"start":{"line":132,"column":17},"end":{"line":132,"column":28}},{"start":{"line":133,"column":18},"end":{"line":133,"column":74}}],"line":132},"17":{"loc":{"start":{"line":150,"column":11},"end":{"line":189,"column":11}},"type":"binary-expr","locations":[{"start":{"line":150,"column":11},"end":{"line":150,"column":21}},{"start":{"line":151,"column":12},"end":{"line":188,"column":18}}],"line":150},"18":{"loc":{"start":{"line":152,"column":15},"end":{"line":187,"column":15}},"type":"cond-expr","locations":[{"start":{"line":153,"column":16},"end":{"line":156,"column":22}},{"start":{"line":158,"column":16},"end":{"line":186,"column":19}}],"line":152},"19":{"loc":{"start":{"line":178,"column":19},"end":{"line":185,"column":19}},"type":"binary-expr","locations":[{"start":{"line":178,"column":19},"end":{"line":178,"column":52}},{"start":{"line":179,"column":20},"end":{"line":184,"column":26}}],"line":178},"20":{"loc":{"start":{"line":191,"column":11},"end":{"line":196,"column":11}},"type":"binary-expr","locations":[{"start":{"line":191,"column":11},"end":{"line":191,"column":18}},{"start":{"line":191,"column":22},"end":{"line":191,"column":33}},{"start":{"line":192,"column":12},"end":{"line":195,"column":18}}],"line":191}},"s":{"0":2,"1":2,"2":2,"3":2,"4":2,"5":2,"6":2,"7":2,"8":2,"9":1,"10":0,"11":1,"12":0,"13":2,"14":1,"15":0,"16":0,"17":2,"18":1,"19":1,"20":2,"21":1,"22":1,"23":1,"24":1,"25":1,"26":1,"27":1,"28":1,"29":1,"30":1,"31":0,"32":0,"33":0,"34":1,"35":2,"36":0,"37":2,"38":0,"39":2,"40":0,"41":0,"42":2,"43":0,"44":0,"45":0},"f":{"0":2,"1":1,"2":1,"3":1,"4":1,"5":0,"6":0,"7":0,"8":0,"9":0,"10":0,"11":0},"b":{"0":[2,2],"1":[2,2],"2":[2,2],"3":[0,1],"4":[0,1],"5":[0,1],"6":[1,0],"7":[1,1],"8":[0,1],"9":[1,0],"10":[0,1],"11":[1,0],"12":[0,1],"13":[0,0],"14":[0,2],"15":[2,0],"16":[0,0],"17":[0,0],"18":[0,0],"19":[0,0],"20":[0,0,0]},"_coverageSchema":"1a1c01bbd47fc00a2c39e90264f33305004495a9","hash":"502c1546093dd1a64a632b5438da0f6100e379b0"}
,"C:\\Users\\patri\\OneDrive\\Escritorio\\TravelBrain\\frontend-react\\src\\components\\GoogleLoginButton.jsx": {"path":"C:\\Users\\patri\\OneDrive\\Escritorio\\TravelBrain\\frontend-react\\src\\components\\GoogleLoginButton.jsx","statementMap":{"0":{"start":{"line":4,"column":26},"end":{"line":25,"column":1}},"1":{"start":{"line":5,"column":28},"end":{"line":8,"column":3}},"2":{"start":{"line":7,"column":4},"end":{"line":7,"column":46}},"3":{"start":{"line":10,"column":2},"end":{"line":24,"column":4}}},"fnMap":{"0":{"name":"(anonymous_0)","decl":{"start":{"line":4,"column":26},"end":{"line":4,"column":27}},"loc":{"start":{"line":4,"column":65},"end":{"line":25,"column":1}},"line":4},"1":{"name":"(anonymous_1)","decl":{"start":{"line":5,"column":28},"end":{"line":5,"column":29}},"loc":{"start":{"line":5,"column":34},"end":{"line":8,"column":3}},"line":5}},"branchMap":{"0":{"loc":{"start":{"line":4,"column":29},"end":{"line":4,"column":58}},"type":"default-arg","locations":[{"start":{"line":4,"column":36},"end":{"line":4,"column":58}}],"line":4}},"s":{"0":2,"1":2,"2":0,"3":2},"f":{"0":2,"1":0},"b":{"0":[1]},"_coverageSchema":"1a1c01bbd47fc00a2c39e90264f33305004495a9","hash":"4924440ec6e9785a213214e18f7cd3c684c4cac6"}
,"C:\\Users\\patri\\OneDrive\\Escritorio\\TravelBrain\\frontend-react\\src\\components\\Navbar.jsx": {"path":"C:\\Users\\patri\\OneDrive\\Escritorio\\TravelBrain\\frontend-react\\src\\components\\Navbar.jsx","statementMap":{"0":{"start":{"line":8,"column":30},"end":{"line":8,"column":39}},"1":{"start":{"line":9,"column":19},"end":{"line":9,"column":32}},"2":{"start":{"line":10,"column":19},"end":{"line":10,"column":32}},"3":{"start":{"line":11,"column":17},"end":{"line":11,"column":36}},"4":{"start":{"line":12,"column":34},"end":{"line":12,"column":49}},"5":{"start":{"line":13,"column":46},"end":{"line":13,"column":61}},"6":{"start":{"line":16,"column":2},"end":{"line":24,"column":16}},"7":{"start":{"line":17,"column":31},"end":{"line":21,"column":5}},"8":{"start":{"line":18,"column":6},"end":{"line":20,"column":7}},"9":{"start":{"line":19,"column":8},"end":{"line":19,"column":26}},"10":{"start":{"line":22,"column":4},"end":{"line":22,"column":58}},"11":{"start":{"line":23,"column":4},"end":{"line":23,"column":74}},"12":{"start":{"line":23,"column":17},"end":{"line":23,"column":74}},"13":{"start":{"line":27,"column":2},"end":{"line":29,"column":25}},"14":{"start":{"line":28,"column":4},"end":{"line":28,"column":28}},"15":{"start":{"line":32,"column":2},"end":{"line":41,"column":22}},"16":{"start":{"line":33,"column":4},"end":{"line":37,"column":5}},"17":{"start":{"line":34,"column":6},"end":{"line":34,"column":45}},"18":{"start":{"line":36,"column":6},"end":{"line":36,"column":39}},"19":{"start":{"line":38,"column":4},"end":{"line":40,"column":5}},"20":{"start":{"line":39,"column":6},"end":{"line":39,"column":39}},"21":{"start":{"line":43,"column":23},"end":{"line":46,"column":3}},"22":{"start":{"line":44,"column":4},"end":{"line":44,"column":12}},"23":{"start":{"line":45,"column":4},"end":{"line":45,"column":17}},"24":{"start":{"line":48,"column":19},"end":{"line":54,"column":3}},"25":{"start":{"line":56,"column":19},"end":{"line":56,"column":55}},"26":{"start":{"line":56,"column":29},"end":{"line":56,"column":55}},"27":{"start":{"line":58,"column":2},"end":{"line":221,"column":3}},"28":{"start":{"line":71,"column":14},"end":{"line":77,"column":21}},"29":{"start":{"line":88,"column":18},"end":{"line":88,"column":37}},"30":{"start":{"line":89,"column":18},"end":{"line":89,"column":40}},"31":{"start":{"line":152,"column":29},"end":{"line":152,"column":52}},"32":{"start":{"line":168,"column":23},"end":{"line":168,"column":47}},"33":{"start":{"line":175,"column":25},"end":{"line":175,"column":49}},"34":{"start":{"line":198,"column":12},"end":{"line":204,"column":19}}},"fnMap":{"0":{"name":"Navbar","decl":{"start":{"line":7,"column":24},"end":{"line":7,"column":30}},"loc":{"start":{"line":7,"column":33},"end":{"line":222,"column":1}},"line":7},"1":{"name":"(anonymous_1)","decl":{"start":{"line":16,"column":12},"end":{"line":16,"column":13}},"loc":{"start":{"line":16,"column":18},"end":{"line":24,"column":3}},"line":16},"2":{"name":"(anonymous_2)","decl":{"start":{"line":17,"column":31},"end":{"line":17,"column":32}},"loc":{"start":{"line":17,"column":38},"end":{"line":21,"column":5}},"line":17},"3":{"name":"(anonymous_3)","decl":{"start":{"line":23,"column":11},"end":{"line":23,"column":12}},"loc":{"start":{"line":23,"column":17},"end":{"line":23,"column":74}},"line":23},"4":{"name":"(anonymous_4)","decl":{"start":{"line":27,"column":12},"end":{"line":27,"column":13}},"loc":{"start":{"line":27,"column":18},"end":{"line":29,"column":3}},"line":27},"5":{"name":"(anonymous_5)","decl":{"start":{"line":32,"column":12},"end":{"line":32,"column":13}},"loc":{"start":{"line":32,"column":18},"end":{"line":41,"column":3}},"line":32},"6":{"name":"(anonymous_6)","decl":{"start":{"line":38,"column":11},"end":{"line":38,"column":12}},"loc":{"start":{"line":38,"column":17},"end":{"line":40,"column":5}},"line":38},"7":{"name":"(anonymous_7)","decl":{"start":{"line":43,"column":23},"end":{"line":43,"column":24}},"loc":{"start":{"line":43,"column":29},"end":{"line":46,"column":3}},"line":43},"8":{"name":"(anonymous_8)","decl":{"start":{"line":56,"column":19},"end":{"line":56,"column":20}},"loc":{"start":{"line":56,"column":29},"end":{"line":56,"column":55}},"line":56},"9":{"name":"(anonymous_9)","decl":{"start":{"line":70,"column":26},"end":{"line":70,"column":27}},"loc":{"start":{"line":71,"column":14},"end":{"line":77,"column":21}},"line":71},"10":{"name":"(anonymous_10)","decl":{"start":{"line":87,"column":25},"end":{"line":87,"column":26}},"loc":{"start":{"line":87,"column":32},"end":{"line":90,"column":17}},"line":87},"11":{"name":"(anonymous_11)","decl":{"start":{"line":152,"column":23},"end":{"line":152,"column":24}},"loc":{"start":{"line":152,"column":29},"end":{"line":152,"column":52}},"line":152},"12":{"name":"(anonymous_12)","decl":{"start":{"line":168,"column":17},"end":{"line":168,"column":18}},"loc":{"start":{"line":168,"column":23},"end":{"line":168,"column":47}},"line":168},"13":{"name":"(anonymous_13)","decl":{"start":{"line":175,"column":19},"end":{"line":175,"column":20}},"loc":{"start":{"line":175,"column":25},"end":{"line":175,"column":49}},"line":175},"14":{"name":"(anonymous_14)","decl":{"start":{"line":197,"column":24},"end":{"line":197,"column":25}},"loc":{"start":{"line":198,"column":12},"end":{"line":204,"column":19}},"line":198}},"branchMap":{"0":{"loc":{"start":{"line":18,"column":6},"end":{"line":20,"column":7}},"type":"if","locations":[{"start":{"line":18,"column":6},"end":{"line":20,"column":7}},{"start":{},"end":{}}],"line":18},"1":{"loc":{"start":{"line":18,"column":10},"end":{"line":18,"column":53}},"type":"binary-expr","locations":[{"start":{"line":18,"column":10},"end":{"line":18,"column":18}},{"start":{"line":18,"column":22},"end":{"line":18,"column":53}}],"line":18},"2":{"loc":{"start":{"line":33,"column":4},"end":{"line":37,"column":5}},"type":"if","locations":[{"start":{"line":33,"column":4},"end":{"line":37,"column":5}},{"start":{"line":35,"column":11},"end":{"line":37,"column":5}}],"line":33},"3":{"loc":{"start":{"line":74,"column":39},"end":{"line":74,"column":72}},"type":"cond-expr","locations":[{"start":{"line":74,"column":59},"end":{"line":74,"column":67}},{"start":{"line":74,"column":70},"end":{"line":74,"column":72}}],"line":74},"4":{"loc":{"start":{"line":93,"column":20},"end":{"line":93,"column":55}},"type":"binary-expr","locations":[{"start":{"line":93,"column":20},"end":{"line":93,"column":30}},{"start":{"line":93,"column":34},"end":{"line":93,"column":48}},{"start":{"line":93,"column":52},"end":{"line":93,"column":55}}],"line":93},"5":{"loc":{"start":{"line":95,"column":45},"end":{"line":95,"column":83}},"type":"binary-expr","locations":[{"start":{"line":95,"column":45},"end":{"line":95,"column":55}},{"start":{"line":95,"column":59},"end":{"line":95,"column":73}},{"start":{"line":95,"column":77},"end":{"line":95,"column":83}}],"line":95},"6":{"loc":{"start":{"line":97,"column":47},"end":{"line":97,"column":72}},"type":"cond-expr","locations":[{"start":{"line":97,"column":58},"end":{"line":97,"column":67}},{"start":{"line":97,"column":70},"end":{"line":97,"column":72}}],"line":97},"7":{"loc":{"start":{"line":107,"column":15},"end":{"line":146,"column":15}},"type":"binary-expr","locations":[{"start":{"line":107,"column":15},"end":{"line":107,"column":23}},{"start":{"line":108,"column":16},"end":{"line":145,"column":22}}],"line":107},"8":{"loc":{"start":{"line":112,"column":26},"end":{"line":112,"column":61}},"type":"binary-expr","locations":[{"start":{"line":112,"column":26},"end":{"line":112,"column":36}},{"start":{"line":112,"column":40},"end":{"line":112,"column":54}},{"start":{"line":112,"column":58},"end":{"line":112,"column":61}}],"line":112},"9":{"loc":{"start":{"line":115,"column":54},"end":{"line":115,"column":92}},"type":"binary-expr","locations":[{"start":{"line":115,"column":54},"end":{"line":115,"column":64}},{"start":{"line":115,"column":68},"end":{"line":115,"column":82}},{"start":{"line":115,"column":86},"end":{"line":115,"column":92}}],"line":115},"10":{"loc":{"start":{"line":116,"column":55},"end":{"line":116,"column":72}},"type":"binary-expr","locations":[{"start":{"line":116,"column":55},"end":{"line":116,"column":66}},{"start":{"line":116,"column":70},"end":{"line":116,"column":72}}],"line":116},"11":{"loc":{"start":{"line":127,"column":19},"end":{"line":135,"column":19}},"type":"binary-expr","locations":[{"start":{"line":127,"column":19},"end":{"line":127,"column":41}},{"start":{"line":128,"column":20},"end":{"line":134,"column":27}}],"line":127},"12":{"loc":{"start":{"line":167,"column":41},"end":{"line":167,"column":71}},"type":"cond-expr","locations":[{"start":{"line":167,"column":58},"end":{"line":167,"column":66}},{"start":{"line":167,"column":69},"end":{"line":167,"column":71}}],"line":167},"13":{"loc":{"start":{"line":172,"column":41},"end":{"line":172,"column":71}},"type":"cond-expr","locations":[{"start":{"line":172,"column":58},"end":{"line":172,"column":66}},{"start":{"line":172,"column":69},"end":{"line":172,"column":71}}],"line":172},"14":{"loc":{"start":{"line":187,"column":14},"end":{"line":187,"column":49}},"type":"binary-expr","locations":[{"start":{"line":187,"column":14},"end":{"line":187,"column":24}},{"start":{"line":187,"column":28},"end":{"line":187,"column":42}},{"start":{"line":187,"column":46},"end":{"line":187,"column":49}}],"line":187},"15":{"loc":{"start":{"line":190,"column":45},"end":{"line":190,"column":83}},"type":"binary-expr","locations":[{"start":{"line":190,"column":45},"end":{"line":190,"column":55}},{"start":{"line":190,"column":59},"end":{"line":190,"column":73}},{"start":{"line":190,"column":77},"end":{"line":190,"column":83}}],"line":190},"16":{"loc":{"start":{"line":191,"column":46},"end":{"line":191,"column":63}},"type":"binary-expr","locations":[{"start":{"line":191,"column":46},"end":{"line":191,"column":57}},{"start":{"line":191,"column":61},"end":{"line":191,"column":63}}],"line":191},"17":{"loc":{"start":{"line":201,"column":37},"end":{"line":201,"column":70}},"type":"cond-expr","locations":[{"start":{"line":201,"column":57},"end":{"line":201,"column":65}},{"start":{"line":201,"column":68},"end":{"line":201,"column":70}}],"line":201},"18":{"loc":{"start":{"line":210,"column":11},"end":{"line":214,"column":11}},"type":"binary-expr","locations":[{"start":{"line":210,"column":11},"end":{"line":210,"column":33}},{"start":{"line":211,"column":12},"end":{"line":213,"column":19}}],"line":210}},"s":{"0":5,"1":5,"2":5,"3":5,"4":5,"5":5,"6":5,"7":5,"8":0,"9":0,"10":5,"11":5,"12":5,"13":5,"14":5,"15":5,"16":5,"17":0,"18":5,"19":5,"20":5,"21":5,"22":0,"23":0,"24":5,"25":5,"26":50,"27":5,"28":25,"29":0,"30":0,"31":0,"32":0,"33":0,"34":25},"f":{"0":5,"1":5,"2":0,"3":5,"4":5,"5":5,"6":5,"7":0,"8":50,"9":25,"10":0,"11":0,"12":0,"13":0,"14":25},"b":{"0":[0,0],"1":[0,0],"2":[0,5],"3":[0,25],"4":[5,5,5],"5":[5,5,5],"6":[0,5],"7":[5,0],"8":[0,0,0],"9":[0,0,0],"10":[0,0],"11":[0,0],"12":[0,5],"13":[0,5],"14":[5,5,5],"15":[5,5,5],"16":[5,5],"17":[0,25],"18":[5,0]},"_coverageSchema":"1a1c01bbd47fc00a2c39e90264f33305004495a9","hash":"becfa2960e8956f8174d42013736d9c39af26f83"}
,"C:\\Users\\patri\\OneDrive\\Escritorio\\TravelBrain\\frontend-react\\src\\hooks\\useAuth.js": {"path":"C:\\Users\\patri\\OneDrive\\Escritorio\\TravelBrain\\frontend-react\\src\\hooks\\useAuth.js","statementMap":{"0":{"start":{"line":3,"column":23},"end":{"line":31,"column":1}},"1":{"start":{"line":4,"column":26},"end":{"line":7,"column":3}},"2":{"start":{"line":5,"column":18},"end":{"line":5,"column":58}},"3":{"start":{"line":6,"column":4},"end":{"line":6,"column":18}},"4":{"start":{"line":9,"column":18},"end":{"line":12,"column":3}},"5":{"start":{"line":10,"column":20},"end":{"line":10,"column":59}},"6":{"start":{"line":11,"column":4},"end":{"line":11,"column":47}},"7":{"start":{"line":14,"column":19},"end":{"line":17,"column":3}},"8":{"start":{"line":15,"column":4},"end":{"line":15,"column":51}},"9":{"start":{"line":16,"column":4},"end":{"line":16,"column":65}},"10":{"start":{"line":19,"column":17},"end":{"line":23,"column":3}},"11":{"start":{"line":20,"column":4},"end":{"line":20,"column":47}},"12":{"start":{"line":21,"column":4},"end":{"line":21,"column":46}},"13":{"start":{"line":22,"column":4},"end":{"line":22,"column":30}},"14":{"start":{"line":25,"column":2},"end":{"line":30,"column":3}}},"fnMap":{"0":{"name":"(anonymous_0)","decl":{"start":{"line":3,"column":23},"end":{"line":3,"column":24}},"loc":{"start":{"line":3,"column":29},"end":{"line":31,"column":1}},"line":3},"1":{"name":"(anonymous_1)","decl":{"start":{"line":4,"column":26},"end":{"line":4,"column":27}},"loc":{"start":{"line":4,"column":32},"end":{"line":7,"column":3}},"line":4},"2":{"name":"(anonymous_2)","decl":{"start":{"line":9,"column":18},"end":{"line":9,"column":19}},"loc":{"start":{"line":9,"column":24},"end":{"line":12,"column":3}},"line":9},"3":{"name":"(anonymous_3)","decl":{"start":{"line":14,"column":19},"end":{"line":14,"column":20}},"loc":{"start":{"line":14,"column":36},"end":{"line":17,"column":3}},"line":14},"4":{"name":"(anonymous_4)","decl":{"start":{"line":19,"column":17},"end":{"line":19,"column":18}},"loc":{"start":{"line":19,"column":23},"end":{"line":23,"column":3}},"line":19}},"branchMap":{"0":{"loc":{"start":{"line":11,"column":11},"end":{"line":11,"column":47}},"type":"cond-expr","locations":[{"start":{"line":11,"column":21},"end":{"line":11,"column":40}},{"start":{"line":11,"column":43},"end":{"line":11,"column":47}}],"line":11}},"s":{"0":9,"1":13,"2":0,"3":0,"4":13,"5":10,"6":10,"7":13,"8":0,"9":0,"10":13,"11":0,"12":0,"13":0,"14":13},"f":{"0":13,"1":0,"2":10,"3":0,"4":0},"b":{"0":[0,10]},"_coverageSchema":"1a1c01bbd47fc00a2c39e90264f33305004495a9","hash":"eb9fdb045bed377084a3c491329fc59a0c40250f"}
,"C:\\Users\\patri\\OneDrive\\Escritorio\\TravelBrain\\frontend-react\\src\\pages\\Admin.jsx": {"path":"C:\\Users\\patri\\OneDrive\\Escritorio\\TravelBrain\\frontend-react\\src\\pages\\Admin.jsx","statementMap":{"0":{"start":{"line":9,"column":30},"end":{"line":9,"column":39}},"1":{"start":{"line":10,"column":26},"end":{"line":10,"column":45}},"2":{"start":{"line":11,"column":28},"end":{"line":11,"column":40}},"3":{"start":{"line":12,"column":46},"end":{"line":12,"column":60}},"4":{"start":{"line":13,"column":46},"end":{"line":13,"column":60}},"5":{"start":{"line":14,"column":28},"end":{"line":14,"column":42}},"6":{"start":{"line":15,"column":32},"end":{"line":15,"column":46}},"7":{"start":{"line":16,"column":34},"end":{"line":16,"column":49}},"8":{"start":{"line":17,"column":28},"end":{"line":17,"column":40}},"9":{"start":{"line":18,"column":46},"end":{"line":18,"column":58}},"10":{"start":{"line":19,"column":38},"end":{"line":19,"column":50}},"11":{"start":{"line":20,"column":40},"end":{"line":20,"column":52}},"12":{"start":{"line":21,"column":40},"end":{"line":21,"column":51}},"13":{"start":{"line":22,"column":38},"end":{"line":22,"column":52}},"14":{"start":{"line":23,"column":34},"end":{"line":23,"column":49}},"15":{"start":{"line":24,"column":32},"end":{"line":27,"column":4}},"16":{"start":{"line":28,"column":19},"end":{"line":28,"column":32}},"17":{"start":{"line":29,"column":23},"end":{"line":29,"column":25}},"18":{"start":{"line":30,"column":24},"end":{"line":30,"column":48}},"19":{"start":{"line":33,"column":2},"end":{"line":52,"column":30}},"20":{"start":{"line":34,"column":18},"end":{"line":37,"column":12}},"21":{"start":{"line":35,"column":6},"end":{"line":35,"column":33}},"22":{"start":{"line":36,"column":6},"end":{"line":36,"column":24}},"23":{"start":{"line":40,"column":31},"end":{"line":44,"column":5}},"24":{"start":{"line":41,"column":6},"end":{"line":43,"column":7}},"25":{"start":{"line":42,"column":8},"end":{"line":42,"column":27}},"26":{"start":{"line":46,"column":4},"end":{"line":46,"column":59}},"27":{"start":{"line":48,"column":4},"end":{"line":51,"column":6}},"28":{"start":{"line":49,"column":6},"end":{"line":49,"column":26}},"29":{"start":{"line":50,"column":6},"end":{"line":50,"column":64}},"30":{"start":{"line":54,"column":2},"end":{"line":56,"column":41}},"31":{"start":{"line":55,"column":4},"end":{"line":55,"column":16}},"32":{"start":{"line":58,"column":20},"end":{"line":106,"column":3}},"33":{"start":{"line":59,"column":4},"end":{"line":105,"column":5}},"34":{"start":{"line":61,"column":6},"end":{"line":65,"column":7}},"35":{"start":{"line":62,"column":8},"end":{"line":62,"column":26}},"36":{"start":{"line":64,"column":8},"end":{"line":64,"column":25}},"37":{"start":{"line":68,"column":21},"end":{"line":71,"column":8}},"38":{"start":{"line":73,"column":6},"end":{"line":75,"column":7}},"39":{"start":{"line":74,"column":8},"end":{"line":74,"column":44}},"40":{"start":{"line":77,"column":6},"end":{"line":79,"column":7}},"41":{"start":{"line":78,"column":8},"end":{"line":78,"column":48}},"42":{"start":{"line":81,"column":6},"end":{"line":83,"column":7}},"43":{"start":{"line":82,"column":8},"end":{"line":82,"column":44}},"44":{"start":{"line":85,"column":45},"end":{"line":88,"column":8}},"45":{"start":{"line":90,"column":6},"end":{"line":90,"column":46}},"46":{"start":{"line":91,"column":6},"end":{"line":91,"column":51}},"47":{"start":{"line":92,"column":6},"end":{"line":92,"column":41}},"48":{"start":{"line":93,"column":6},"end":{"line":93,"column":19}},"49":{"start":{"line":95,"column":6},"end":{"line":95,"column":51}},"50":{"start":{"line":96,"column":6},"end":{"line":101,"column":7}},"51":{"start":{"line":97,"column":8},"end":{"line":97,"column":56}},"52":{"start":{"line":98,"column":8},"end":{"line":98,"column":55}},"53":{"start":{"line":98,"column":25},"end":{"line":98,"column":47}},"54":{"start":{"line":100,"column":8},"end":{"line":100,"column":58}},"55":{"start":{"line":103,"column":6},"end":{"line":103,"column":24}},"56":{"start":{"line":104,"column":6},"end":{"line":104,"column":25}},"57":{"start":{"line":108,"column":23},"end":{"line":112,"column":3}},"58":{"start":{"line":109,"column":4},"end":{"line":109,"column":23}},"59":{"start":{"line":110,"column":4},"end":{"line":110,"column":13}},"60":{"start":{"line":111,"column":4},"end":{"line":111,"column":23}},"61":{"start":{"line":114,"column":29},"end":{"line":136,"column":3}},"62":{"start":{"line":115,"column":4},"end":{"line":115,"column":30}},"63":{"start":{"line":116,"column":4},"end":{"line":135,"column":5}},"64":{"start":{"line":117,"column":23},"end":{"line":117,"column":71}},"65":{"start":{"line":119,"column":6},"end":{"line":123,"column":8}},"66":{"start":{"line":120,"column":8},"end":{"line":122,"column":9}},"67":{"start":{"line":121,"column":10},"end":{"line":121,"column":59}},"68":{"start":{"line":124,"column":6},"end":{"line":124,"column":47}},"69":{"start":{"line":125,"column":6},"end":{"line":125,"column":52}},"70":{"start":{"line":125,"column":23},"end":{"line":125,"column":44}},"71":{"start":{"line":127,"column":28},"end":{"line":127,"column":61}},"72":{"start":{"line":128,"column":6},"end":{"line":128,"column":41}},"73":{"start":{"line":130,"column":6},"end":{"line":130,"column":54}},"74":{"start":{"line":131,"column":6},"end":{"line":131,"column":74}},"75":{"start":{"line":132,"column":6},"end":{"line":132,"column":43}},"76":{"start":{"line":132,"column":23},"end":{"line":132,"column":35}},"77":{"start":{"line":134,"column":6},"end":{"line":134,"column":30}},"78":{"start":{"line":138,"column":31},"end":{"line":160,"column":3}},"79":{"start":{"line":139,"column":4},"end":{"line":139,"column":30}},"80":{"start":{"line":140,"column":4},"end":{"line":159,"column":5}},"81":{"start":{"line":141,"column":23},"end":{"line":141,"column":73}},"82":{"start":{"line":143,"column":6},"end":{"line":147,"column":8}},"83":{"start":{"line":144,"column":8},"end":{"line":146,"column":9}},"84":{"start":{"line":145,"column":10},"end":{"line":145,"column":61}},"85":{"start":{"line":148,"column":6},"end":{"line":148,"column":47}},"86":{"start":{"line":149,"column":6},"end":{"line":149,"column":52}},"87":{"start":{"line":149,"column":23},"end":{"line":149,"column":44}},"88":{"start":{"line":151,"column":28},"end":{"line":151,"column":61}},"89":{"start":{"line":152,"column":6},"end":{"line":152,"column":41}},"90":{"start":{"line":154,"column":6},"end":{"line":154,"column":57}},"91":{"start":{"line":155,"column":6},"end":{"line":155,"column":77}},"92":{"start":{"line":156,"column":6},"end":{"line":156,"column":43}},"93":{"start":{"line":156,"column":23},"end":{"line":156,"column":35}},"94":{"start":{"line":158,"column":6},"end":{"line":158,"column":30}},"95":{"start":{"line":163,"column":27},"end":{"line":184,"column":3}},"96":{"start":{"line":164,"column":4},"end":{"line":164,"column":77}},"97":{"start":{"line":164,"column":70},"end":{"line":164,"column":77}},"98":{"start":{"line":165,"column":4},"end":{"line":165,"column":30}},"99":{"start":{"line":166,"column":4},"end":{"line":183,"column":5}},"100":{"start":{"line":167,"column":23},"end":{"line":167,"column":63}},"101":{"start":{"line":169,"column":6},"end":{"line":169,"column":69}},"102":{"start":{"line":169,"column":28},"end":{"line":169,"column":67}},"103":{"start":{"line":169,"column":50},"end":{"line":169,"column":66}},"104":{"start":{"line":170,"column":6},"end":{"line":170,"column":70}},"105":{"start":{"line":171,"column":6},"end":{"line":171,"column":52}},"106":{"start":{"line":171,"column":23},"end":{"line":171,"column":44}},"107":{"start":{"line":173,"column":28},"end":{"line":173,"column":61}},"108":{"start":{"line":174,"column":6},"end":{"line":174,"column":41}},"109":{"start":{"line":176,"column":6},"end":{"line":176,"column":55}},"110":{"start":{"line":177,"column":6},"end":{"line":177,"column":75}},"111":{"start":{"line":178,"column":6},"end":{"line":178,"column":43}},"112":{"start":{"line":178,"column":23},"end":{"line":178,"column":35}},"113":{"start":{"line":180,"column":6},"end":{"line":180,"column":18}},"114":{"start":{"line":182,"column":6},"end":{"line":182,"column":30}},"115":{"start":{"line":186,"column":33},"end":{"line":192,"column":3}},"116":{"start":{"line":187,"column":4},"end":{"line":191,"column":5}},"117":{"start":{"line":188,"column":6},"end":{"line":188,"column":41}},"118":{"start":{"line":190,"column":6},"end":{"line":190,"column":39}},"119":{"start":{"line":194,"column":27},"end":{"line":215,"column":3}},"120":{"start":{"line":195,"column":4},"end":{"line":214,"column":5}},"121":{"start":{"line":196,"column":23},"end":{"line":196,"column":86}},"122":{"start":{"line":198,"column":6},"end":{"line":202,"column":8}},"123":{"start":{"line":199,"column":8},"end":{"line":201,"column":9}},"124":{"start":{"line":200,"column":10},"end":{"line":200,"column":56}},"125":{"start":{"line":203,"column":6},"end":{"line":203,"column":47}},"126":{"start":{"line":204,"column":6},"end":{"line":204,"column":52}},"127":{"start":{"line":204,"column":23},"end":{"line":204,"column":44}},"128":{"start":{"line":206,"column":28},"end":{"line":206,"column":61}},"129":{"start":{"line":207,"column":6},"end":{"line":207,"column":41}},"130":{"start":{"line":209,"column":6},"end":{"line":209,"column":50}},"131":{"start":{"line":210,"column":6},"end":{"line":210,"column":81}},"132":{"start":{"line":211,"column":6},"end":{"line":211,"column":43}},"133":{"start":{"line":211,"column":23},"end":{"line":211,"column":35}},"134":{"start":{"line":213,"column":6},"end":{"line":213,"column":18}},"135":{"start":{"line":217,"column":23},"end":{"line":219,"column":3}},"136":{"start":{"line":218,"column":4},"end":{"line":218,"column":35}},"137":{"start":{"line":221,"column":29},"end":{"line":227,"column":3}},"138":{"start":{"line":222,"column":4},"end":{"line":225,"column":8}},"139":{"start":{"line":222,"column":24},"end":{"line":225,"column":5}},"140":{"start":{"line":226,"column":4},"end":{"line":226,"column":22}},"141":{"start":{"line":229,"column":27},"end":{"line":231,"column":3}},"142":{"start":{"line":230,"column":4},"end":{"line":230,"column":28}},"143":{"start":{"line":233,"column":23},"end":{"line":240,"column":3}},"144":{"start":{"line":234,"column":4},"end":{"line":239,"column":5}},"145":{"start":{"line":235,"column":20},"end":{"line":235,"column":40}},"146":{"start":{"line":236,"column":25},"end":{"line":236,"column":50}},"147":{"start":{"line":237,"column":19},"end":{"line":237,"column":38}},"148":{"start":{"line":238,"column":15},"end":{"line":238,"column":25}},"149":{"start":{"line":242,"column":25},"end":{"line":244,"column":3}},"150":{"start":{"line":243,"column":4},"end":{"line":243,"column":69}},"151":{"start":{"line":246,"column":2},"end":{"line":252,"column":3}},"152":{"start":{"line":247,"column":4},"end":{"line":251,"column":6}},"153":{"start":{"line":254,"column":2},"end":{"line":578,"column":4}},"154":{"start":{"line":276,"column":31},"end":{"line":276,"column":53}},"155":{"start":{"line":382,"column":18},"end":{"line":382,"column":37}},"156":{"start":{"line":383,"column":18},"end":{"line":383,"column":36}},"157":{"start":{"line":396,"column":31},"end":{"line":396,"column":75}},"158":{"start":{"line":406,"column":31},"end":{"line":406,"column":73}},"159":{"start":{"line":444,"column":16},"end":{"line":492,"column":21}},"160":{"start":{"line":451,"column":39},"end":{"line":451,"column":81}},"161":{"start":{"line":465,"column":42},"end":{"line":465,"column":87}},"162":{"start":{"line":484,"column":39},"end":{"line":484,"column":65}},"163":{"start":{"line":503,"column":29},"end":{"line":503,"column":62}},"164":{"start":{"line":518,"column":35},"end":{"line":518,"column":54}},"165":{"start":{"line":527,"column":71},"end":{"line":527,"column":76}},"166":{"start":{"line":530,"column":18},"end":{"line":532,"column":19}},"167":{"start":{"line":531,"column":20},"end":{"line":531,"column":32}},"168":{"start":{"line":533,"column":18},"end":{"line":533,"column":59}},"169":{"start":{"line":536,"column":18},"end":{"line":542,"column":27}},"170":{"start":{"line":539,"column":35},"end":{"line":539,"column":57}},"171":{"start":{"line":551,"column":35},"end":{"line":551,"column":74}},"172":{"start":{"line":565,"column":29},"end":{"line":565,"column":62}}},"fnMap":{"0":{"name":"Admin","decl":{"start":{"line":8,"column":9},"end":{"line":8,"column":14}},"loc":{"start":{"line":8,"column":17},"end":{"line":579,"column":1}},"line":8},"1":{"name":"(anonymous_1)","decl":{"start":{"line":33,"column":12},"end":{"line":33,"column":13}},"loc":{"start":{"line":33,"column":18},"end":{"line":52,"column":3}},"line":33},"2":{"name":"(anonymous_2)","decl":{"start":{"line":34,"column":29},"end":{"line":34,"column":30}},"loc":{"start":{"line":34,"column":35},"end":{"line":37,"column":5}},"line":34},"3":{"name":"(anonymous_3)","decl":{"start":{"line":40,"column":31},"end":{"line":40,"column":32}},"loc":{"start":{"line":40,"column":42},"end":{"line":44,"column":5}},"line":40},"4":{"name":"(anonymous_4)","decl":{"start":{"line":48,"column":11},"end":{"line":48,"column":12}},"loc":{"start":{"line":48,"column":17},"end":{"line":51,"column":5}},"line":48},"5":{"name":"(anonymous_5)","decl":{"start":{"line":54,"column":12},"end":{"line":54,"column":13}},"loc":{"start":{"line":54,"column":18},"end":{"line":56,"column":3}},"line":54},"6":{"name":"(anonymous_6)","decl":{"start":{"line":58,"column":20},"end":{"line":58,"column":21}},"loc":{"start":{"line":58,"column":32},"end":{"line":106,"column":3}},"line":58},"7":{"name":"(anonymous_7)","decl":{"start":{"line":98,"column":19},"end":{"line":98,"column":20}},"loc":{"start":{"line":98,"column":25},"end":{"line":98,"column":47}},"line":98},"8":{"name":"(anonymous_8)","decl":{"start":{"line":108,"column":23},"end":{"line":108,"column":24}},"loc":{"start":{"line":108,"column":29},"end":{"line":112,"column":3}},"line":108},"9":{"name":"(anonymous_9)","decl":{"start":{"line":114,"column":29},"end":{"line":114,"column":30}},"loc":{"start":{"line":114,"column":47},"end":{"line":136,"column":3}},"line":114},"10":{"name":"(anonymous_10)","decl":{"start":{"line":119,"column":15},"end":{"line":119,"column":16}},"loc":{"start":{"line":120,"column":8},"end":{"line":122,"column":9}},"line":120},"11":{"name":"(anonymous_11)","decl":{"start":{"line":120,"column":22},"end":{"line":120,"column":23}},"loc":{"start":{"line":121,"column":10},"end":{"line":121,"column":59}},"line":121},"12":{"name":"(anonymous_12)","decl":{"start":{"line":125,"column":17},"end":{"line":125,"column":18}},"loc":{"start":{"line":125,"column":23},"end":{"line":125,"column":44}},"line":125},"13":{"name":"(anonymous_13)","decl":{"start":{"line":132,"column":17},"end":{"line":132,"column":18}},"loc":{"start":{"line":132,"column":23},"end":{"line":132,"column":35}},"line":132},"14":{"name":"(anonymous_14)","decl":{"start":{"line":138,"column":31},"end":{"line":138,"column":32}},"loc":{"start":{"line":138,"column":49},"end":{"line":160,"column":3}},"line":138},"15":{"name":"(anonymous_15)","decl":{"start":{"line":143,"column":15},"end":{"line":143,"column":16}},"loc":{"start":{"line":144,"column":8},"end":{"line":146,"column":9}},"line":144},"16":{"name":"(anonymous_16)","decl":{"start":{"line":144,"column":22},"end":{"line":144,"column":23}},"loc":{"start":{"line":145,"column":10},"end":{"line":145,"column":61}},"line":145},"17":{"name":"(anonymous_17)","decl":{"start":{"line":149,"column":17},"end":{"line":149,"column":18}},"loc":{"start":{"line":149,"column":23},"end":{"line":149,"column":44}},"line":149},"18":{"name":"(anonymous_18)","decl":{"start":{"line":156,"column":17},"end":{"line":156,"column":18}},"loc":{"start":{"line":156,"column":23},"end":{"line":156,"column":35}},"line":156},"19":{"name":"(anonymous_19)","decl":{"start":{"line":163,"column":27},"end":{"line":163,"column":28}},"loc":{"start":{"line":163,"column":45},"end":{"line":184,"column":3}},"line":163},"20":{"name":"(anonymous_20)","decl":{"start":{"line":169,"column":15},"end":{"line":169,"column":16}},"loc":{"start":{"line":169,"column":28},"end":{"line":169,"column":67}},"line":169},"21":{"name":"(anonymous_21)","decl":{"start":{"line":169,"column":45},"end":{"line":169,"column":46}},"loc":{"start":{"line":169,"column":50},"end":{"line":169,"column":66}},"line":169},"22":{"name":"(anonymous_22)","decl":{"start":{"line":171,"column":17},"end":{"line":171,"column":18}},"loc":{"start":{"line":171,"column":23},"end":{"line":171,"column":44}},"line":171},"23":{"name":"(anonymous_23)","decl":{"start":{"line":178,"column":17},"end":{"line":178,"column":18}},"loc":{"start":{"line":178,"column":23},"end":{"line":178,"column":35}},"line":178},"24":{"name":"(anonymous_24)","decl":{"start":{"line":186,"column":33},"end":{"line":186,"column":34}},"loc":{"start":{"line":186,"column":66},"end":{"line":192,"column":3}},"line":186},"25":{"name":"(anonymous_25)","decl":{"start":{"line":194,"column":27},"end":{"line":194,"column":28}},"loc":{"start":{"line":194,"column":54},"end":{"line":215,"column":3}},"line":194},"26":{"name":"(anonymous_26)","decl":{"start":{"line":198,"column":15},"end":{"line":198,"column":16}},"loc":{"start":{"line":199,"column":8},"end":{"line":201,"column":9}},"line":199},"27":{"name":"(anonymous_27)","decl":{"start":{"line":199,"column":22},"end":{"line":199,"column":23}},"loc":{"start":{"line":200,"column":10},"end":{"line":200,"column":56}},"line":200},"28":{"name":"(anonymous_28)","decl":{"start":{"line":204,"column":17},"end":{"line":204,"column":18}},"loc":{"start":{"line":204,"column":23},"end":{"line":204,"column":44}},"line":204},"29":{"name":"(anonymous_29)","decl":{"start":{"line":211,"column":17},"end":{"line":211,"column":18}},"loc":{"start":{"line":211,"column":23},"end":{"line":211,"column":35}},"line":211},"30":{"name":"(anonymous_30)","decl":{"start":{"line":217,"column":23},"end":{"line":217,"column":24}},"loc":{"start":{"line":217,"column":30},"end":{"line":219,"column":3}},"line":217},"31":{"name":"(anonymous_31)","decl":{"start":{"line":221,"column":29},"end":{"line":221,"column":30}},"loc":{"start":{"line":221,"column":52},"end":{"line":227,"column":3}},"line":221},"32":{"name":"(anonymous_32)","decl":{"start":{"line":222,"column":15},"end":{"line":222,"column":16}},"loc":{"start":{"line":222,"column":24},"end":{"line":225,"column":5}},"line":222},"33":{"name":"(anonymous_33)","decl":{"start":{"line":229,"column":27},"end":{"line":229,"column":28}},"loc":{"start":{"line":229,"column":40},"end":{"line":231,"column":3}},"line":229},"34":{"name":"(anonymous_34)","decl":{"start":{"line":233,"column":23},"end":{"line":233,"column":24}},"loc":{"start":{"line":233,"column":33},"end":{"line":240,"column":3}},"line":233},"35":{"name":"(anonymous_35)","decl":{"start":{"line":242,"column":25},"end":{"line":242,"column":26}},"loc":{"start":{"line":242,"column":37},"end":{"line":244,"column":3}},"line":242},"36":{"name":"(anonymous_36)","decl":{"start":{"line":276,"column":25},"end":{"line":276,"column":26}},"loc":{"start":{"line":276,"column":31},"end":{"line":276,"column":53}},"line":276},"37":{"name":"(anonymous_37)","decl":{"start":{"line":381,"column":25},"end":{"line":381,"column":26}},"loc":{"start":{"line":381,"column":31},"end":{"line":384,"column":17}},"line":381},"38":{"name":"(anonymous_38)","decl":{"start":{"line":396,"column":24},"end":{"line":396,"column":25}},"loc":{"start":{"line":396,"column":31},"end":{"line":396,"column":75}},"line":396},"39":{"name":"(anonymous_39)","decl":{"start":{"line":406,"column":24},"end":{"line":406,"column":25}},"loc":{"start":{"line":406,"column":31},"end":{"line":406,"column":73}},"line":406},"40":{"name":"(anonymous_40)","decl":{"start":{"line":443,"column":25},"end":{"line":443,"column":26}},"loc":{"start":{"line":444,"column":16},"end":{"line":492,"column":21}},"line":444},"41":{"name":"(anonymous_41)","decl":{"start":{"line":451,"column":32},"end":{"line":451,"column":33}},"loc":{"start":{"line":451,"column":39},"end":{"line":451,"column":81}},"line":451},"42":{"name":"(anonymous_42)","decl":{"start":{"line":465,"column":36},"end":{"line":465,"column":37}},"loc":{"start":{"line":465,"column":42},"end":{"line":465,"column":87}},"line":465},"43":{"name":"(anonymous_43)","decl":{"start":{"line":484,"column":33},"end":{"line":484,"column":34}},"loc":{"start":{"line":484,"column":39},"end":{"line":484,"column":65}},"line":484},"44":{"name":"(anonymous_44)","decl":{"start":{"line":503,"column":23},"end":{"line":503,"column":24}},"loc":{"start":{"line":503,"column":29},"end":{"line":503,"column":62}},"line":503},"45":{"name":"(anonymous_45)","decl":{"start":{"line":518,"column":29},"end":{"line":518,"column":30}},"loc":{"start":{"line":518,"column":35},"end":{"line":518,"column":54}},"line":518},"46":{"name":"(anonymous_46)","decl":{"start":{"line":527,"column":61},"end":{"line":527,"column":62}},"loc":{"start":{"line":527,"column":71},"end":{"line":527,"column":76}},"line":527},"47":{"name":"(anonymous_47)","decl":{"start":{"line":528,"column":24},"end":{"line":528,"column":25}},"loc":{"start":{"line":528,"column":32},"end":{"line":534,"column":17}},"line":528},"48":{"name":"(anonymous_48)","decl":{"start":{"line":535,"column":21},"end":{"line":535,"column":22}},"loc":{"start":{"line":536,"column":18},"end":{"line":542,"column":27}},"line":536},"49":{"name":"(anonymous_49)","decl":{"start":{"line":539,"column":29},"end":{"line":539,"column":30}},"loc":{"start":{"line":539,"column":35},"end":{"line":539,"column":57}},"line":539},"50":{"name":"(anonymous_50)","decl":{"start":{"line":551,"column":29},"end":{"line":551,"column":30}},"loc":{"start":{"line":551,"column":35},"end":{"line":551,"column":74}},"line":551},"51":{"name":"(anonymous_51)","decl":{"start":{"line":565,"column":23},"end":{"line":565,"column":24}},"loc":{"start":{"line":565,"column":29},"end":{"line":565,"column":62}},"line":565}},"branchMap":{"0":{"loc":{"start":{"line":30,"column":24},"end":{"line":30,"column":48}},"type":"binary-expr","locations":[{"start":{"line":30,"column":24},"end":{"line":30,"column":37}},{"start":{"line":30,"column":41},"end":{"line":30,"column":48}}],"line":30},"1":{"loc":{"start":{"line":41,"column":6},"end":{"line":43,"column":7}},"type":"if","locations":[{"start":{"line":41,"column":6},"end":{"line":43,"column":7}},{"start":{},"end":{}}],"line":41},"2":{"loc":{"start":{"line":41,"column":10},"end":{"line":41,"column":57}},"type":"binary-expr","locations":[{"start":{"line":41,"column":10},"end":{"line":41,"column":18}},{"start":{"line":41,"column":22},"end":{"line":41,"column":57}}],"line":41},"3":{"loc":{"start":{"line":61,"column":6},"end":{"line":65,"column":7}},"type":"if","locations":[{"start":{"line":61,"column":6},"end":{"line":65,"column":7}},{"start":{"line":63,"column":13},"end":{"line":65,"column":7}}],"line":61},"4":{"loc":{"start":{"line":73,"column":6},"end":{"line":75,"column":7}},"type":"if","locations":[{"start":{"line":73,"column":6},"end":{"line":75,"column":7}},{"start":{},"end":{}}],"line":73},"5":{"loc":{"start":{"line":77,"column":6},"end":{"line":79,"column":7}},"type":"if","locations":[{"start":{"line":77,"column":6},"end":{"line":79,"column":7}},{"start":{},"end":{}}],"line":77},"6":{"loc":{"start":{"line":81,"column":6},"end":{"line":83,"column":7}},"type":"if","locations":[{"start":{"line":81,"column":6},"end":{"line":83,"column":7}},{"start":{},"end":{}}],"line":81},"7":{"loc":{"start":{"line":90,"column":15},"end":{"line":90,"column":44}},"type":"binary-expr","locations":[{"start":{"line":90,"column":15},"end":{"line":90,"column":38}},{"start":{"line":90,"column":42},"end":{"line":90,"column":44}}],"line":90},"8":{"loc":{"start":{"line":96,"column":6},"end":{"line":101,"column":7}},"type":"if","locations":[{"start":{"line":96,"column":6},"end":{"line":101,"column":7}},{"start":{"line":99,"column":13},"end":{"line":101,"column":7}}],"line":96},"9":{"loc":{"start":{"line":121,"column":10},"end":{"line":121,"column":59}},"type":"cond-expr","locations":[{"start":{"line":121,"column":29},"end":{"line":121,"column":55}},{"start":{"line":121,"column":58},"end":{"line":121,"column":59}}],"line":121},"10":{"loc":{"start":{"line":131,"column":15},"end":{"line":131,"column":72}},"type":"binary-expr","locations":[{"start":{"line":131,"column":15},"end":{"line":131,"column":42}},{"start":{"line":131,"column":46},"end":{"line":131,"column":72}}],"line":131},"11":{"loc":{"start":{"line":145,"column":10},"end":{"line":145,"column":61}},"type":"cond-expr","locations":[{"start":{"line":145,"column":29},"end":{"line":145,"column":57}},{"start":{"line":145,"column":60},"end":{"line":145,"column":61}}],"line":145},"12":{"loc":{"start":{"line":155,"column":15},"end":{"line":155,"column":75}},"type":"binary-expr","locations":[{"start":{"line":155,"column":15},"end":{"line":155,"column":42}},{"start":{"line":155,"column":46},"end":{"line":155,"column":75}}],"line":155},"13":{"loc":{"start":{"line":164,"column":4},"end":{"line":164,"column":77}},"type":"if","locations":[{"start":{"line":164,"column":4},"end":{"line":164,"column":77}},{"start":{},"end":{}}],"line":164},"14":{"loc":{"start":{"line":170,"column":24},"end":{"line":170,"column":68}},"type":"binary-expr","locations":[{"start":{"line":170,"column":24},"end":{"line":170,"column":45}},{"start":{"line":170,"column":49},"end":{"line":170,"column":68}}],"line":170},"15":{"loc":{"start":{"line":177,"column":15},"end":{"line":177,"column":73}},"type":"binary-expr","locations":[{"start":{"line":177,"column":15},"end":{"line":177,"column":42}},{"start":{"line":177,"column":46},"end":{"line":177,"column":73}}],"line":177},"16":{"loc":{"start":{"line":187,"column":4},"end":{"line":191,"column":5}},"type":"if","locations":[{"start":{"line":187,"column":4},"end":{"line":191,"column":5}},{"start":{"line":189,"column":11},"end":{"line":191,"column":5}}],"line":187},"17":{"loc":{"start":{"line":200,"column":10},"end":{"line":200,"column":56}},"type":"cond-expr","locations":[{"start":{"line":200,"column":29},"end":{"line":200,"column":52}},{"start":{"line":200,"column":55},"end":{"line":200,"column":56}}],"line":200},"18":{"loc":{"start":{"line":210,"column":15},"end":{"line":210,"column":79}},"type":"binary-expr","locations":[{"start":{"line":210,"column":15},"end":{"line":210,"column":42}},{"start":{"line":210,"column":46},"end":{"line":210,"column":79}}],"line":210},"19":{"loc":{"start":{"line":234,"column":4},"end":{"line":239,"column":5}},"type":"switch","locations":[{"start":{"line":235,"column":6},"end":{"line":235,"column":40}},{"start":{"line":236,"column":6},"end":{"line":236,"column":50}},{"start":{"line":237,"column":6},"end":{"line":237,"column":38}},{"start":{"line":238,"column":6},"end":{"line":238,"column":25}}],"line":234},"20":{"loc":{"start":{"line":243,"column":11},"end":{"line":243,"column":68}},"type":"cond-expr","locations":[{"start":{"line":243,"column":33},"end":{"line":243,"column":48}},{"start":{"line":243,"column":51},"end":{"line":243,"column":68}}],"line":243},"21":{"loc":{"start":{"line":246,"column":2},"end":{"line":252,"column":3}},"type":"if","locations":[{"start":{"line":246,"column":2},"end":{"line":252,"column":3}},{"start":{},"end":{}}],"line":246},"22":{"loc":{"start":{"line":279,"column":20},"end":{"line":279,"column":55}},"type":"binary-expr","locations":[{"start":{"line":279,"column":20},"end":{"line":279,"column":30}},{"start":{"line":279,"column":34},"end":{"line":279,"column":48}},{"start":{"line":279,"column":52},"end":{"line":279,"column":55}}],"line":279},"23":{"loc":{"start":{"line":281,"column":45},"end":{"line":281,"column":83}},"type":"binary-expr","locations":[{"start":{"line":281,"column":45},"end":{"line":281,"column":55}},{"start":{"line":281,"column":59},"end":{"line":281,"column":73}},{"start":{"line":281,"column":77},"end":{"line":281,"column":83}}],"line":281},"24":{"loc":{"start":{"line":282,"column":51},"end":{"line":282,"column":76}},"type":"cond-expr","locations":[{"start":{"line":282,"column":62},"end":{"line":282,"column":71}},{"start":{"line":282,"column":74},"end":{"line":282,"column":76}}],"line":282},"25":{"loc":{"start":{"line":285,"column":15},"end":{"line":322,"column":15}},"type":"binary-expr","locations":[{"start":{"line":285,"column":15},"end":{"line":285,"column":23}},{"start":{"line":286,"column":16},"end":{"line":321,"column":22}}],"line":285},"26":{"loc":{"start":{"line":290,"column":26},"end":{"line":290,"column":61}},"type":"binary-expr","locations":[{"start":{"line":290,"column":26},"end":{"line":290,"column":36}},{"start":{"line":290,"column":40},"end":{"line":290,"column":54}},{"start":{"line":290,"column":58},"end":{"line":290,"column":61}}],"line":290},"27":{"loc":{"start":{"line":293,"column":54},"end":{"line":293,"column":92}},"type":"binary-expr","locations":[{"start":{"line":293,"column":54},"end":{"line":293,"column":64}},{"start":{"line":293,"column":68},"end":{"line":293,"column":82}},{"start":{"line":293,"column":86},"end":{"line":293,"column":92}}],"line":293},"28":{"loc":{"start":{"line":305,"column":19},"end":{"line":312,"column":19}},"type":"binary-expr","locations":[{"start":{"line":305,"column":19},"end":{"line":305,"column":41}},{"start":{"line":306,"column":20},"end":{"line":311,"column":27}}],"line":305},"29":{"loc":{"start":{"line":336,"column":7},"end":{"line":336,"column":64}},"type":"binary-expr","locations":[{"start":{"line":336,"column":7},"end":{"line":336,"column":12}},{"start":{"line":336,"column":16},"end":{"line":336,"column":64}}],"line":336},"30":{"loc":{"start":{"line":337,"column":7},"end":{"line":337,"column":84}},"type":"binary-expr","locations":[{"start":{"line":337,"column":7},"end":{"line":337,"column":21}},{"start":{"line":337,"column":25},"end":{"line":337,"column":84}}],"line":337},"31":{"loc":{"start":{"line":340,"column":7},"end":{"line":359,"column":7}},"type":"binary-expr","locations":[{"start":{"line":340,"column":7},"end":{"line":340,"column":12}},{"start":{"line":341,"column":8},"end":{"line":358,"column":14}}],"line":340},"32":{"loc":{"start":{"line":378,"column":13},"end":{"line":389,"column":13}},"type":"binary-expr","locations":[{"start":{"line":378,"column":13},"end":{"line":378,"column":24}},{"start":{"line":379,"column":14},"end":{"line":388,"column":23}}],"line":378},"33":{"loc":{"start":{"line":417,"column":9},"end":{"line":422,"column":9}},"type":"binary-expr","locations":[{"start":{"line":417,"column":9},"end":{"line":417,"column":19}},{"start":{"line":418,"column":10},"end":{"line":421,"column":16}}],"line":417},"34":{"loc":{"start":{"line":420,"column":13},"end":{"line":420,"column":60}},"type":"binary-expr","locations":[{"start":{"line":420,"column":13},"end":{"line":420,"column":23}},{"start":{"line":420,"column":27},"end":{"line":420,"column":60}}],"line":420},"35":{"loc":{"start":{"line":424,"column":43},"end":{"line":424,"column":69}},"type":"cond-expr","locations":[{"start":{"line":424,"column":54},"end":{"line":424,"column":64}},{"start":{"line":424,"column":67},"end":{"line":424,"column":69}}],"line":424},"36":{"loc":{"start":{"line":425,"column":11},"end":{"line":429,"column":11}},"type":"binary-expr","locations":[{"start":{"line":425,"column":11},"end":{"line":425,"column":19}},{"start":{"line":426,"column":12},"end":{"line":428,"column":18}}],"line":425},"37":{"loc":{"start":{"line":446,"column":23},"end":{"line":446,"column":39}},"type":"binary-expr","locations":[{"start":{"line":446,"column":23},"end":{"line":446,"column":32}},{"start":{"line":446,"column":36},"end":{"line":446,"column":39}}],"line":446},"38":{"loc":{"start":{"line":447,"column":23},"end":{"line":447,"column":43}},"type":"binary-expr","locations":[{"start":{"line":447,"column":23},"end":{"line":447,"column":36}},{"start":{"line":447,"column":40},"end":{"line":447,"column":43}}],"line":447},"39":{"loc":{"start":{"line":469,"column":27},"end":{"line":469,"column":98}},"type":"binary-expr","locations":[{"start":{"line":469,"column":27},"end":{"line":469,"column":54}},{"start":{"line":469,"column":58},"end":{"line":469,"column":98}}],"line":469},"40":{"loc":{"start":{"line":475,"column":21},"end":{"line":477,"column":27}},"type":"cond-expr","locations":[{"start":{"line":476,"column":24},"end":{"line":476,"column":76}},{"start":{"line":477,"column":24},"end":{"line":477,"column":27}}],"line":475},"41":{"loc":{"start":{"line":488,"column":25},"end":{"line":488,"column":81}},"type":"cond-expr","locations":[{"start":{"line":488,"column":55},"end":{"line":488,"column":70}},{"start":{"line":488,"column":73},"end":{"line":488,"column":81}}],"line":488},"42":{"loc":{"start":{"line":499,"column":9},"end":{"line":574,"column":9}},"type":"binary-expr","locations":[{"start":{"line":499,"column":9},"end":{"line":499,"column":19}},{"start":{"line":499,"column":23},"end":{"line":499,"column":48}},{"start":{"line":500,"column":10},"end":{"line":573,"column":16}}],"line":499},"43":{"loc":{"start":{"line":514,"column":15},"end":{"line":524,"column":15}},"type":"binary-expr","locations":[{"start":{"line":514,"column":15},"end":{"line":514,"column":30}},{"start":{"line":515,"column":16},"end":{"line":523,"column":19}}],"line":514},"44":{"loc":{"start":{"line":522,"column":19},"end":{"line":522,"column":86}},"type":"binary-expr","locations":[{"start":{"line":522,"column":19},"end":{"line":522,"column":34}},{"start":{"line":522,"column":38},"end":{"line":522,"column":86}}],"line":522},"45":{"loc":{"start":{"line":530,"column":18},"end":{"line":532,"column":19}},"type":"if","locations":[{"start":{"line":530,"column":18},"end":{"line":532,"column":19}},{"start":{},"end":{}}],"line":530},"46":{"loc":{"start":{"line":538,"column":52},"end":{"line":538,"column":88}},"type":"cond-expr","locations":[{"start":{"line":538,"column":75},"end":{"line":538,"column":83}},{"start":{"line":538,"column":86},"end":{"line":538,"column":88}}],"line":538},"47":{"loc":{"start":{"line":546,"column":15},"end":{"line":556,"column":15}},"type":"binary-expr","locations":[{"start":{"line":546,"column":15},"end":{"line":546,"column":54}},{"start":{"line":547,"column":16},"end":{"line":555,"column":19}}],"line":546},"48":{"loc":{"start":{"line":548,"column":19},"end":{"line":548,"column":110}},"type":"binary-expr","locations":[{"start":{"line":548,"column":19},"end":{"line":548,"column":58}},{"start":{"line":548,"column":62},"end":{"line":548,"column":110}}],"line":548}},"s":{"0":1,"1":1,"2":1,"3":1,"4":1,"5":1,"6":1,"7":1,"8":1,"9":1,"10":1,"11":1,"12":1,"13":1,"14":1,"15":1,"16":1,"17":1,"18":1,"19":1,"20":1,"21":0,"22":0,"23":1,"24":0,"25":0,"26":1,"27":1,"28":1,"29":1,"30":1,"31":1,"32":1,"33":1,"34":1,"35":0,"36":1,"37":1,"38":1,"39":0,"40":1,"41":0,"42":1,"43":0,"44":1,"45":0,"46":0,"47":0,"48":0,"49":0,"50":0,"51":0,"52":0,"53":0,"54":0,"55":0,"56":0,"57":1,"58":0,"59":0,"60":0,"61":1,"62":0,"63":0,"64":0,"65":0,"66":0,"67":0,"68":0,"69":0,"70":0,"71":0,"72":0,"73":0,"74":0,"75":0,"76":0,"77":0,"78":1,"79":0,"80":0,"81":0,"82":0,"83":0,"84":0,"85":0,"86":0,"87":0,"88":0,"89":0,"90":0,"91":0,"92":0,"93":0,"94":0,"95":1,"96":0,"97":0,"98":0,"99":0,"100":0,"101":0,"102":0,"103":0,"104":0,"105":0,"106":0,"107":0,"108":0,"109":0,"110":0,"111":0,"112":0,"113":0,"114":0,"115":1,"116":0,"117":0,"118":0,"119":1,"120":0,"121":0,"122":0,"123":0,"124":0,"125":0,"126":0,"127":0,"128":0,"129":0,"130":0,"131":0,"132":0,"133":0,"134":0,"135":1,"136":0,"137":1,"138":0,"139":0,"140":0,"141":1,"142":0,"143":1,"144":0,"145":0,"146":0,"147":0,"148":0,"149":1,"150":0,"151":1,"152":1,"153":0,"154":0,"155":0,"156":0,"157":0,"158":0,"159":0,"160":0,"161":0,"162":0,"163":0,"164":0,"165":0,"166":0,"167":0,"168":0,"169":0,"170":0,"171":0,"172":0},"f":{"0":1,"1":1,"2":0,"3":0,"4":1,"5":1,"6":1,"7":0,"8":0,"9":0,"10":0,"11":0,"12":0,"13":0,"14":0,"15":0,"16":0,"17":0,"18":0,"19":0,"20":0,"21":0,"22":0,"23":0,"24":0,"25":0,"26":0,"27":0,"28":0,"29":0,"30":0,"31":0,"32":0,"33":0,"34":0,"35":0,"36":0,"37":0,"38":0,"39":0,"40":0,"41":0,"42":0,"43":0,"44":0,"45":0,"46":0,"47":0,"48":0,"49":0,"50":0,"51":0},"b":{"0":[1,1],"1":[0,0],"2":[0,0],"3":[0,1],"4":[0,1],"5":[0,1],"6":[0,1],"7":[0,0],"8":[0,0],"9":[0,0],"10":[0,0],"11":[0,0],"12":[0,0],"13":[0,0],"14":[0,0],"15":[0,0],"16":[0,0],"17":[0,0],"18":[0,0],"19":[0,0,0,0],"20":[0,0],"21":[1,0],"22":[0,0,0],"23":[0,0,0],"24":[0,0],"25":[0,0],"26":[0,0,0],"27":[0,0,0],"28":[0,0],"29":[0,0],"30":[0,0],"31":[0,0],"32":[0,0],"33":[0,0],"34":[0,0],"35":[0,0],"36":[0,0],"37":[0,0],"38":[0,0],"39":[0,0],"40":[0,0],"41":[0,0],"42":[0,0,0],"43":[0,0],"44":[0,0],"45":[0,0],"46":[0,0],"47":[0,0],"48":[0,0]},"_coverageSchema":"1a1c01bbd47fc00a2c39e90264f33305004495a9","hash":"fce9a5b5355ab4d0da329493a0951a63d57ac806"}
,"C:\\Users\\patri\\OneDrive\\Escritorio\\TravelBrain\\frontend-react\\src\\pages\\AuthSuccess.jsx": {"path":"C:\\Users\\patri\\OneDrive\\Escritorio\\TravelBrain\\frontend-react\\src\\pages\\AuthSuccess.jsx","statementMap":{"0":{"start":{"line":6,"column":20},"end":{"line":102,"column":1}},"1":{"start":{"line":7,"column":25},"end":{"line":7,"column":42}},"2":{"start":{"line":8,"column":19},"end":{"line":8,"column":32}},"3":{"start":{"line":9,"column":30},"end":{"line":9,"column":52}},"4":{"start":{"line":11,"column":2},"end":{"line":71,"column":31}},"5":{"start":{"line":12,"column":23},"end":{"line":68,"column":5}},"6":{"start":{"line":13,"column":20},"end":{"line":13,"column":45}},"7":{"start":{"line":14,"column":20},"end":{"line":14,"column":45}},"8":{"start":{"line":16,"column":6},"end":{"line":23,"column":7}},"9":{"start":{"line":17,"column":8},"end":{"line":17,"column":56}},"10":{"start":{"line":18,"column":8},"end":{"line":18,"column":27}},"11":{"start":{"line":19,"column":8},"end":{"line":21,"column":17}},"12":{"start":{"line":20,"column":10},"end":{"line":20,"column":29}},"13":{"start":{"line":22,"column":8},"end":{"line":22,"column":15}},"14":{"start":{"line":25,"column":6},"end":{"line":67,"column":7}},"15":{"start":{"line":26,"column":8},"end":{"line":61,"column":9}},"16":{"start":{"line":28,"column":10},"end":{"line":28,"column":58}},"17":{"start":{"line":31,"column":27},"end":{"line":35,"column":12}},"18":{"start":{"line":37,"column":10},"end":{"line":52,"column":11}},"19":{"start":{"line":38,"column":25},"end":{"line":38,"column":46}},"20":{"start":{"line":39,"column":12},"end":{"line":49,"column":13}},"21":{"start":{"line":40,"column":14},"end":{"line":40,"column":81}},"22":{"start":{"line":41,"column":14},"end":{"line":41,"column":35}},"23":{"start":{"line":44,"column":14},"end":{"line":46,"column":23}},"24":{"start":{"line":45,"column":16},"end":{"line":45,"column":39}},"25":{"start":{"line":48,"column":14},"end":{"line":48,"column":65}},"26":{"start":{"line":51,"column":12},"end":{"line":51,"column":46}},"27":{"start":{"line":54,"column":10},"end":{"line":54,"column":67}},"28":{"start":{"line":55,"column":10},"end":{"line":55,"column":29}},"29":{"start":{"line":56,"column":10},"end":{"line":56,"column":54}},"30":{"start":{"line":57,"column":10},"end":{"line":57,"column":53}},"31":{"start":{"line":58,"column":10},"end":{"line":60,"column":19}},"32":{"start":{"line":59,"column":12},"end":{"line":59,"column":31}},"33":{"start":{"line":63,"column":8},"end":{"line":63,"column":27}},"34":{"start":{"line":64,"column":8},"end":{"line":66,"column":17}},"35":{"start":{"line":65,"column":10},"end":{"line":65,"column":29}},"36":{"start":{"line":70,"column":4},"end":{"line":70,"column":17}},"37":{"start":{"line":73,"column":2},"end":{"line":101,"column":4}}},"fnMap":{"0":{"name":"(anonymous_0)","decl":{"start":{"line":6,"column":20},"end":{"line":6,"column":21}},"loc":{"start":{"line":6,"column":26},"end":{"line":102,"column":1}},"line":6},"1":{"name":"(anonymous_1)","decl":{"start":{"line":11,"column":12},"end":{"line":11,"column":13}},"loc":{"start":{"line":11,"column":18},"end":{"line":71,"column":3}},"line":11},"2":{"name":"(anonymous_2)","decl":{"start":{"line":12,"column":23},"end":{"line":12,"column":24}},"loc":{"start":{"line":12,"column":35},"end":{"line":68,"column":5}},"line":12},"3":{"name":"(anonymous_3)","decl":{"start":{"line":19,"column":19},"end":{"line":19,"column":20}},"loc":{"start":{"line":19,"column":25},"end":{"line":21,"column":9}},"line":19},"4":{"name":"(anonymous_4)","decl":{"start":{"line":44,"column":25},"end":{"line":44,"column":26}},"loc":{"start":{"line":44,"column":31},"end":{"line":46,"column":15}},"line":44},"5":{"name":"(anonymous_5)","decl":{"start":{"line":58,"column":21},"end":{"line":58,"column":22}},"loc":{"start":{"line":58,"column":27},"end":{"line":60,"column":11}},"line":58},"6":{"name":"(anonymous_6)","decl":{"start":{"line":64,"column":19},"end":{"line":64,"column":20}},"loc":{"start":{"line":64,"column":25},"end":{"line":66,"column":9}},"line":64}},"branchMap":{"0":{"loc":{"start":{"line":16,"column":6},"end":{"line":23,"column":7}},"type":"if","locations":[{"start":{"line":16,"column":6},"end":{"line":23,"column":7}},{"start":{},"end":{}}],"line":16},"1":{"loc":{"start":{"line":25,"column":6},"end":{"line":67,"column":7}},"type":"if","locations":[{"start":{"line":25,"column":6},"end":{"line":67,"column":7}},{"start":{"line":62,"column":13},"end":{"line":67,"column":7}}],"line":25},"2":{"loc":{"start":{"line":37,"column":10},"end":{"line":52,"column":11}},"type":"if","locations":[{"start":{"line":37,"column":10},"end":{"line":52,"column":11}},{"start":{"line":50,"column":17},"end":{"line":52,"column":11}}],"line":37},"3":{"loc":{"start":{"line":39,"column":12},"end":{"line":49,"column":13}},"type":"if","locations":[{"start":{"line":39,"column":12},"end":{"line":49,"column":13}},{"start":{"line":47,"column":19},"end":{"line":49,"column":13}}],"line":39},"4":{"loc":{"start":{"line":39,"column":16},"end":{"line":39,"column":41}},"type":"binary-expr","locations":[{"start":{"line":39,"column":16},"end":{"line":39,"column":28}},{"start":{"line":39,"column":32},"end":{"line":39,"column":41}}],"line":39},"5":{"loc":{"start":{"line":76,"column":9},"end":{"line":82,"column":9}},"type":"binary-expr","locations":[{"start":{"line":76,"column":9},"end":{"line":76,"column":32}},{"start":{"line":77,"column":10},"end":{"line":81,"column":13}}],"line":76},"6":{"loc":{"start":{"line":84,"column":9},"end":{"line":90,"column":9}},"type":"binary-expr","locations":[{"start":{"line":84,"column":9},"end":{"line":84,"column":29}},{"start":{"line":85,"column":10},"end":{"line":89,"column":13}}],"line":84},"7":{"loc":{"start":{"line":92,"column":9},"end":{"line":98,"column":9}},"type":"binary-expr","locations":[{"start":{"line":92,"column":9},"end":{"line":92,"column":27}},{"start":{"line":93,"column":10},"end":{"line":97,"column":13}}],"line":92}},"s":{"0":1,"1":2,"2":2,"3":2,"4":2,"5":1,"6":1,"7":1,"8":1,"9":0,"10":0,"11":0,"12":0,"13":0,"14":1,"15":1,"16":1,"17":1,"18":0,"19":0,"20":0,"21":0,"22":0,"23":0,"24":0,"25":0,"26":0,"27":1,"28":1,"29":1,"30":1,"31":1,"32":0,"33":0,"34":0,"35":0,"36":1,"37":2},"f":{"0":2,"1":1,"2":1,"3":0,"4":0,"5":0,"6":0},"b":{"0":[0,1],"1":[1,0],"2":[0,0],"3":[0,0],"4":[0,0],"5":[2,1],"6":[2,0],"7":[2,1]},"_coverageSchema":"1a1c01bbd47fc00a2c39e90264f33305004495a9","hash":"2a5680dfa0b40d81aeeae46acbcb1cba29698ab3"}
,"C:\\Users\\patri\\OneDrive\\Escritorio\\TravelBrain\\frontend-react\\src\\pages\\Dashboard.jsx": {"path":"C:\\Users\\patri\\OneDrive\\Escritorio\\TravelBrain\\frontend-react\\src\\pages\\Dashboard.jsx","statementMap":{"0":{"start":{"line":11,"column":22},"end":{"line":11,"column":31}},"1":{"start":{"line":12,"column":15},"end":{"line":12,"column":24}},"2":{"start":{"line":13,"column":28},"end":{"line":13,"column":81}},"3":{"start":{"line":14,"column":50},"end":{"line":14,"column":62}},"4":{"start":{"line":15,"column":52},"end":{"line":15,"column":66}},"5":{"start":{"line":17,"column":2},"end":{"line":88,"column":8}},"6":{"start":{"line":18,"column":30},"end":{"line":84,"column":5}},"7":{"start":{"line":19,"column":6},"end":{"line":83,"column":5}},"8":{"start":{"line":20,"column":8},"end":{"line":20,"column":34}},"9":{"start":{"line":21,"column":56},"end":{"line":25,"column":10}},"10":{"start":{"line":24,"column":62},"end":{"line":24,"column":74}},"11":{"start":{"line":27,"column":22},"end":{"line":27,"column":71}},"12":{"start":{"line":28,"column":29},"end":{"line":28,"column":92}},"13":{"start":{"line":29,"column":25},"end":{"line":29,"column":78}},"14":{"start":{"line":31,"column":8},"end":{"line":35,"column":8}},"15":{"start":{"line":32,"column":35},"end":{"line":32,"column":57}},"16":{"start":{"line":38,"column":25},"end":{"line":38,"column":27}},"17":{"start":{"line":41,"column":6},"end":{"line":50,"column":8}},"18":{"start":{"line":42,"column":8},"end":{"line":49,"column":10}},"19":{"start":{"line":53,"column":6},"end":{"line":62,"column":8}},"20":{"start":{"line":54,"column":8},"end":{"line":61,"column":10}},"21":{"start":{"line":65,"column":6},"end":{"line":74,"column":8}},"22":{"start":{"line":66,"column":8},"end":{"line":73,"column":10}},"23":{"start":{"line":77,"column":6},"end":{"line":77,"column":68}},"24":{"start":{"line":77,"column":32},"end":{"line":77,"column":67}},"25":{"start":{"line":78,"column":6},"end":{"line":78,"column":49}},"26":{"start":{"line":79,"column":6},"end":{"line":79,"column":33}},"27":{"start":{"line":81,"column":6},"end":{"line":81,"column":49}},"28":{"start":{"line":82,"column":6},"end":{"line":82,"column":33}},"29":{"start":{"line":86,"column":4},"end":{"line":86,"column":23}},"30":{"start":{"line":90,"column":29},"end":{"line":102,"column":3}},"31":{"start":{"line":91,"column":16},"end":{"line":91,"column":26}},"32":{"start":{"line":92,"column":25},"end":{"line":92,"column":39}},"33":{"start":{"line":93,"column":21},"end":{"line":93,"column":49}},"34":{"start":{"line":94,"column":21},"end":{"line":94,"column":65}},"35":{"start":{"line":95,"column":22},"end":{"line":95,"column":61}},"36":{"start":{"line":96,"column":24},"end":{"line":96,"column":58}},"37":{"start":{"line":98,"column":4},"end":{"line":98,"column":57}},"38":{"start":{"line":98,"column":26},"end":{"line":98,"column":57}},"39":{"start":{"line":99,"column":4},"end":{"line":99,"column":50}},"40":{"start":{"line":99,"column":24},"end":{"line":99,"column":50}},"41":{"start":{"line":100,"column":4},"end":{"line":100,"column":47}},"42":{"start":{"line":100,"column":22},"end":{"line":100,"column":47}},"43":{"start":{"line":101,"column":4},"end":{"line":101,"column":44}},"44":{"start":{"line":104,"column":2},"end":{"line":259,"column":3}},"45":{"start":{"line":233,"column":18},"end":{"line":242,"column":24}}},"fnMap":{"0":{"name":"Dashboard","decl":{"start":{"line":10,"column":24},"end":{"line":10,"column":33}},"loc":{"start":{"line":10,"column":36},"end":{"line":260,"column":1}},"line":10},"1":{"name":"(anonymous_1)","decl":{"start":{"line":17,"column":12},"end":{"line":17,"column":13}},"loc":{"start":{"line":17,"column":18},"end":{"line":88,"column":3}},"line":17},"2":{"name":"(anonymous_2)","decl":{"start":{"line":18,"column":30},"end":{"line":18,"column":31}},"loc":{"start":{"line":18,"column":42},"end":{"line":84,"column":5}},"line":18},"3":{"name":"(anonymous_3)","decl":{"start":{"line":24,"column":55},"end":{"line":24,"column":56}},"loc":{"start":{"line":24,"column":62},"end":{"line":24,"column":74}},"line":24},"4":{"name":"(anonymous_4)","decl":{"start":{"line":32,"column":30},"end":{"line":32,"column":31}},"loc":{"start":{"line":32,"column":35},"end":{"line":32,"column":57}},"line":32},"5":{"name":"(anonymous_5)","decl":{"start":{"line":41,"column":32},"end":{"line":41,"column":33}},"loc":{"start":{"line":41,"column":40},"end":{"line":50,"column":7}},"line":41},"6":{"name":"(anonymous_6)","decl":{"start":{"line":53,"column":39},"end":{"line":53,"column":40}},"loc":{"start":{"line":53,"column":47},"end":{"line":62,"column":7}},"line":53},"7":{"name":"(anonymous_7)","decl":{"start":{"line":65,"column":35},"end":{"line":65,"column":36}},"loc":{"start":{"line":65,"column":46},"end":{"line":74,"column":7}},"line":65},"8":{"name":"(anonymous_8)","decl":{"start":{"line":77,"column":22},"end":{"line":77,"column":23}},"loc":{"start":{"line":77,"column":32},"end":{"line":77,"column":67}},"line":77},"9":{"name":"(anonymous_9)","decl":{"start":{"line":90,"column":29},"end":{"line":90,"column":30}},"loc":{"start":{"line":90,"column":39},"end":{"line":102,"column":3}},"line":90},"10":{"name":"(anonymous_10)","decl":{"start":{"line":232,"column":38},"end":{"line":232,"column":39}},"loc":{"start":{"line":233,"column":18},"end":{"line":242,"column":24}},"line":233}},"branchMap":{"0":{"loc":{"start":{"line":27,"column":22},"end":{"line":27,"column":71}},"type":"cond-expr","locations":[{"start":{"line":27,"column":53},"end":{"line":27,"column":66}},{"start":{"line":27,"column":69},"end":{"line":27,"column":71}}],"line":27},"1":{"loc":{"start":{"line":28,"column":29},"end":{"line":28,"column":92}},"type":"cond-expr","locations":[{"start":{"line":28,"column":67},"end":{"line":28,"column":87}},{"start":{"line":28,"column":90},"end":{"line":28,"column":92}}],"line":28},"2":{"loc":{"start":{"line":29,"column":25},"end":{"line":29,"column":78}},"type":"cond-expr","locations":[{"start":{"line":29,"column":58},"end":{"line":29,"column":73}},{"start":{"line":29,"column":76},"end":{"line":29,"column":78}}],"line":29},"3":{"loc":{"start":{"line":47,"column":16},"end":{"line":47,"column":44}},"type":"binary-expr","locations":[{"start":{"line":47,"column":16},"end":{"line":47,"column":30}},{"start":{"line":47,"column":34},"end":{"line":47,"column":44}}],"line":47},"4":{"loc":{"start":{"line":59,"column":16},"end":{"line":59,"column":44}},"type":"binary-expr","locations":[{"start":{"line":59,"column":16},"end":{"line":59,"column":30}},{"start":{"line":59,"column":34},"end":{"line":59,"column":44}}],"line":59},"5":{"loc":{"start":{"line":70,"column":26},"end":{"line":70,"column":53}},"type":"binary-expr","locations":[{"start":{"line":70,"column":26},"end":{"line":70,"column":39}},{"start":{"line":70,"column":43},"end":{"line":70,"column":53}}],"line":70},"6":{"loc":{"start":{"line":71,"column":16},"end":{"line":71,"column":47}},"type":"binary-expr","locations":[{"start":{"line":71,"column":16},"end":{"line":71,"column":33}},{"start":{"line":71,"column":37},"end":{"line":71,"column":47}}],"line":71},"7":{"loc":{"start":{"line":98,"column":4},"end":{"line":98,"column":57}},"type":"if","locations":[{"start":{"line":98,"column":4},"end":{"line":98,"column":57}},{"start":{},"end":{}}],"line":98},"8":{"loc":{"start":{"line":99,"column":4},"end":{"line":99,"column":50}},"type":"if","locations":[{"start":{"line":99,"column":4},"end":{"line":99,"column":50}},{"start":{},"end":{}}],"line":99},"9":{"loc":{"start":{"line":100,"column":4},"end":{"line":100,"column":47}},"type":"if","locations":[{"start":{"line":100,"column":4},"end":{"line":100,"column":47}},{"start":{},"end":{}}],"line":100},"10":{"loc":{"start":{"line":114,"column":29},"end":{"line":114,"column":71}},"type":"binary-expr","locations":[{"start":{"line":114,"column":29},"end":{"line":114,"column":39}},{"start":{"line":114,"column":43},"end":{"line":114,"column":57}},{"start":{"line":114,"column":61},"end":{"line":114,"column":71}}],"line":114},"11":{"loc":{"start":{"line":225,"column":13},"end":{"line":254,"column":13}},"type":"cond-expr","locations":[{"start":{"line":226,"column":14},"end":{"line":229,"column":20}},{"start":{"line":230,"column":16},"end":{"line":254,"column":13}}],"line":225},"12":{"loc":{"start":{"line":230,"column":16},"end":{"line":254,"column":13}},"type":"cond-expr","locations":[{"start":{"line":231,"column":14},"end":{"line":244,"column":20}},{"start":{"line":246,"column":14},"e
[...]
:4},"end":{"line":187,"column":16}},"34":{"start":{"line":194,"column":31},"end":{"line":268,"column":1}},"35":{"start":{"line":195,"column":2},"end":{"line":267,"column":3}},"36":{"start":{"line":196,"column":4},"end":{"line":204,"column":5}},"37":{"start":{"line":197,"column":6},"end":{"line":203,"column":8}},"38":{"start":{"line":207,"column":4},"end":{"line":229,"column":5}},"39":{"start":{"line":208,"column":23},"end":{"line":210,"column":7}},"40":{"start":{"line":211,"column":6},"end":{"line":226,"column":7}},"41":{"start":{"line":212,"column":21},"end":{"line":212,"column":42}},"42":{"start":{"line":213,"column":8},"end":{"line":225,"column":9}},"43":{"start":{"line":214,"column":23},"end":{"line":214,"column":45}},"44":{"start":{"line":215,"column":34},"end":{"line":215,"column":59}},"45":{"start":{"line":216,"column":10},"end":{"line":224,"column":12}},"46":{"start":{"line":228,"column":6},"end":{"line":228,"column":78}},"47":{"start":{"line":232,"column":26},"end":{"line":238,"column":5}},"48":{"start":{"line":241,"column":15},"end":{"line":241,"column":16}},"49":{"start":{"line":242,"column":4},"end":{"line":250,"column":5}},"50":{"start":{"line":243,"column":6},"end":{"line":243,"column":53}},"51":{"start":{"line":244,"column":11},"end":{"line":250,"column":5}},"52":{"start":{"line":245,"column":6},"end":{"line":245,"column":57}},"53":{"start":{"line":248,"column":6},"end":{"line":248,"column":97}},"54":{"start":{"line":249,"column":6},"end":{"line":249,"column":15}},"55":{"start":{"line":252,"column":28},"end":{"line":252,"column":53}},"56":{"start":{"line":254,"column":4},"end":{"line":262,"column":6}},"57":{"start":{"line":265,"column":4},"end":{"line":265,"column":55}},"58":{"start":{"line":266,"column":4},"end":{"line":266,"column":16}},"59":{"start":{"line":273,"column":30},"end":{"line":287,"column":1}},"60":{"start":{"line":274,"column":17},"end":{"line":274,"column":55}},"61":{"start":{"line":276,"column":2},"end":{"line":286,"column":3}},"62":{"start":{"line":277,"column":22},"end":{"line":281,"column":21}},"63":{"start":{"line":283,"column":4},"end":{"line":283,"column":36}},"64":{"start":{"line":285,"column":4},"end":{"line":285,"column":56}},"65":{"start":{"line":292,"column":36},"end":{"line":309,"column":1}},"66":{"start":{"line":293,"column":2},"end":{"line":308,"column":4}}},"fnMap":{"0":{"name":"(anonymous_0)","decl":{"start":{"line":126,"column":41},"end":{"line":126,"column":42}},"loc":{"start":{"line":126,"column":58},"end":{"line":143,"column":1}},"line":126},"1":{"name":"(anonymous_1)","decl":{"start":{"line":148,"column":38},"end":{"line":148,"column":39}},"loc":{"start":{"line":148,"column":50},"end":{"line":166,"column":1}},"line":148},"2":{"name":"(anonymous_2)","decl":{"start":{"line":154,"column":38},"end":{"line":154,"column":39}},"loc":{"start":{"line":154,"column":57},"end":{"line":154,"column":71}},"line":154},"3":{"name":"(anonymous_3)","decl":{"start":{"line":161,"column":45},"end":{"line":161,"column":46}},"loc":{"start":{"line":161,"column":54},"end":{"line":164,"column":5}},"line":161},"4":{"name":"(anonymous_4)","decl":{"start":{"line":171,"column":32},"end":{"line":171,"column":33}},"loc":{"start":{"line":171,"column":64},"end":{"line":189,"column":1}},"line":171},"5":{"name":"(anonymous_5)","decl":{"start":{"line":194,"column":31},"end":{"line":194,"column":32}},"loc":{"start":{"line":194,"column":75},"end":{"line":268,"column":1}},"line":194},"6":{"name":"(anonymous_6)","decl":{"start":{"line":273,"column":30},"end":{"line":273,"column":31}},"loc":{"start":{"line":273,"column":78},"end":{"line":287,"column":1}},"line":273},"7":{"name":"(anonymous_7)","decl":{"start":{"line":292,"column":36},"end":{"line":292,"column":37}},"loc":{"start":{"line":292,"column":42},"end":{"line":309,"column":1}},"line":292}},"branchMap":{"0":{"loc":{"start":{"line":127,"column":2},"end":{"line":127,"column":33}},"type":"if","locations":[{"start":{"line":127,"column":2},"end":{"line":127,"column":33}},{"start":{},"end":{}}],"line":127},"1":{"loc":{"start":{"line":130,"column":2},"end":{"line":132,"column":3}},"type":"if","locations":[{"start":{"line":130,"column":2},"end":{"line":132,"column":3}},{"start":{},"end":{}}],"line":130},"2":{"loc":{"start":{"line":137,"column":4},"end":{"line":139,"column":5}},"type":"if","locations":[{"start":{"line":137,"column":4},"end":{"line":139,"column":5}},{"start":{},"end":{}}],"line":137},"3":{"loc":{"start":{"line":137,"column":8},"end":{"line":137,"column":100}},"type":"binary-expr","locations":[{"start":{"line":137,"column":8},"end":{"line":137,"column":52}},{"start":{"line":137,"column":56},"end":{"line":137,"column":100}}],"line":137},"4":{"loc":{"start":{"line":153,"column":4},"end":{"line":155,"column":5}},"type":"if","locations":[{"start":{"line":153,"column":4},"end":{"line":155,"column":5}},{"start":{},"end":{}}],"line":153},"5":{"loc":{"start":{"line":171,"column":39},"end":{"line":171,"column":59}},"type":"default-arg","locations":[{"start":{"line":171,"column":54},"end":{"line":171,"column":59}}],"line":171},"6":{"loc":{"start":{"line":176,"column":4},"end":{"line":182,"column":5}},"type":"if","locations":[{"start":{"line":176,"column":4},"end":{"line":182,"column":5}},{"start":{},"end":{}}],"line":176},"7":{"loc":{"start":{"line":176,"column":8},"end":{"line":176,"column":26}},"type":"binary-expr","locations":[{"start":{"line":176,"column":8},"end":{"line":176,"column":12}},{"start":{"line":176,"column":16},"end":{"line":176,"column":26}}],"line":176},"8":{"loc":{"start":{"line":196,"column":4},"end":{"line":204,"column":5}},"type":"if","locations":[{"start":{"line":196,"column":4},"end":{"line":204,"column":5}},{"start":{},"end":{}}],"line":196},"9":{"loc":{"start":{"line":211,"column":6},"end":{"line":226,"column":7}},"type":"if","locations":[{"start":{"line":211,"column":6},"end":{"line":226,"column":7}},{"start":{},"end":{}}],"line":211},"10":{"loc":{"start":{"line":213,"column":8},"end":{"line":225,"column":9}},"type":"if","locations":[{"start":{"line":213,"column":8},"end":{"line":225,"column":9}},{"start":{},"end":{}}],"line":213},"11":{"loc":{"start":{"line":213,"column":12},"end":{"line":213,"column":85}},"type":"binary-expr","locations":[{"start":{"line":213,"column":12},"end":{"line":213,"column":16}},{"start":{"line":213,"column":20},"end":{"line":213,"column":45}},{"start":{"line":213,"column":49},"end":{"line":213,"column":59}},{"start":{"line":213,"column":63},"end":{"line":213,"column":85}}],"line":213},"12":{"loc":{"start":{"line":242,"column":4},"end":{"line":250,"column":5}},"type":"if","locations":[{"start":{"line":242,"column":4},"end":{"line":250,"column":5}},{"start":{"line":244,"column":11},"end":{"line":250,"column":5}}],"line":242},"13":{"loc":{"start":{"line":242,"column":8},"end":{"line":242,"column":78}},"type":"binary-expr","locations":[{"start":{"line":242,"column":8},"end":{"line":242,"column":35}},{"start":{"line":242,"column":39},"end":{"line":242,"column":78}}],"line":242},"14":{"loc":{"start":{"line":244,"column":11},"end":{"line":250,"column":5}},"type":"if","locations":[{"start":{"line":244,"column":11},"end":{"line":250,"column":5}},{"start":{"line":246,"column":11},"end":{"line":250,"column":5}}],"line":244},"15":{"loc":{"start":{"line":244,"column":15},"end":{"line":244,"column":83}},"type":"binary-expr","locations":[{"start":{"line":244,"column":15},"end":{"line":244,"column":40}},{"start":{"line":244,"column":44},"end":{"line":244,"column":83}}],"line":244},"16":{"loc":{"start":{"line":273,"column":39},"end":{"line":273,"column":55}},"type":"default-arg","locations":[{"start":{"line":273,"column":50},"end":{"line":273,"column":55}}],"line":273},"17":{"loc":{"start":{"line":273,"column":57},"end":{"line":273,"column":73}},"type":"default-arg","locations":[{"start":{"line":273,"column":66},"end":{"line":273,"column":73}}],"line":273},"18":{"loc":{"start":{"line":274,"column":17},"end":{"line":274,"column":55}},"type":"binary-expr","locations":[{"start":{"line":274,"column":17},"end":{"line":274,"column":43}},{"start":{"line":274,"column":47},"end":{"line":274,"column":55}}],"line":274}},"s":{"0":4,"1":4,"2":4,"3":4,"4":4,"5":0,"6":0,"7":0,"8":0,"9":0,"10":0,"11":0,"12":0,"13":0,"14":4,"15":0,"16":0,"17":0,"18":0,"19":0,"20":0,"21":0,"22":0,"23":0,"24":0,"25":4,"26":0,"27":0,"28":0,"29":0,"30":0,"31":0,"32":0,"33":0,"34":4,"35":1,"36":1,"37":1,"38":0,"39":0,"40":0,"41":0,"42":0,"43":0,"44":0,"45":0,"46":0,"47":0,"48":0,"49":0,"50":0,"51":0,"52":0,"53":0,"54":0,"55":0,"56":0,"57":0,"58":0,"59":4,"60":0,"61":0,"62":0,"63":0,"64":0,"65":4,"66":2},"f":{"0":0,"1":0,"2":0,"3":0,"4":0,"5":1,"6":0,"7":2},"b":{"0":[0,0],"1":[0,0],"2":[0,0],"3":[0,0],"4":[0,0],"5":[0],"6":[0,0],"7":[0,0],"8":[1,0],"9":[0,0],"10":[0,0],"11":[0,0,0,0],"12":[0,0],"13":[0,0],"14":[0,0],"15":[0,0],"16":[0],"17":[0],"18":[0,0]},"_coverageSchema":"1a1c01bbd47fc00a2c39e90264f33305004495a9","hash":"83fba097f72b4d17a7603ec9c0ddbbfde0ab45bc"}
,"C:\\Users\\patri\\OneDrive\\Escritorio\\TravelBrain\\frontend-react\\src\\services\\itineraryService.js": {"path":"C:\\Users\\patri\\OneDrive\\Escritorio\\TravelBrain\\frontend-react\\src\\services\\itineraryService.js","statementMap":{"0":{"start":{"line":4,"column":21},"end":{"line":4,"column":40}},"1":{"start":{"line":9,"column":21},"end":{"line":12,"column":1}},"2":{"start":{"line":10,"column":16},"end":{"line":10,"column":56}},"3":{"start":{"line":11,"column":2},"end":{"line":11,"column":15}},"4":{"start":{"line":17,"column":26},"end":{"line":25,"column":1}},"5":{"start":{"line":18,"column":16},"end":{"line":18,"column":30}},"6":{"start":{"line":19,"column":2},"end":{"line":24,"column":4}},"7":{"start":{"line":35,"column":33},"end":{"line":47,"column":1}},"8":{"start":{"line":36,"column":2},"end":{"line":46,"column":3}},"9":{"start":{"line":37,"column":21},"end":{"line":41,"column":5}},"10":{"start":{"line":42,"column":4},"end":{"line":42,"column":25}},"11":{"start":{"line":44,"column":4},"end":{"line":44,"column":56}},"12":{"start":{"line":45,"column":4},"end":{"line":45,"column":40}},"13":{"start":{"line":54,"column":32},"end":{"line":65,"column":1}},"14":{"start":{"line":55,"column":2},"end":{"line":64,"column":3}},"15":{"start":{"line":56,"column":21},"end":{"line":59,"column":5}},"16":{"start":{"line":60,"column":4},"end":{"line":60,"column":25}},"17":{"start":{"line":62,"column":4},"end":{"line":62,"column":53}},"18":{"start":{"line":63,"column":4},"end":{"line":63,"column":40}},"19":{"start":{"line":72,"column":36},"end":{"line":83,"column":1}},"20":{"start":{"line":73,"column":2},"end":{"line":82,"column":3}},"21":{"start":{"line":74,"column":21},"end":{"line":77,"column":5}},"22":{"start":{"line":78,"column":4},"end":{"line":78,"column":25}},"23":{"start":{"line":80,"column":4},"end":{"line":80,"column":61}},"24":{"start":{"line":81,"column":4},"end":{"line":81,"column":40}},"25":{"start":{"line":89,"column":34},"end":{"line":100,"column":1}},"26":{"start":{"line":90,"column":2},"end":{"line":99,"column":3}},"27":{"start":{"line":91,"column":21},"end":{"line":94,"column":5}},"28":{"start":{"line":95,"column":4},"end":{"line":95,"column":25}},"29":{"start":{"line":97,"column":4},"end":{"line":97,"column":60}},"30":{"start":{"line":98,"column":4},"end":{"line":98,"column":40}},"31":{"start":{"line":107,"column":31},"end":{"line":118,"column":1}},"32":{"start":{"line":108,"column":2},"end":{"line":117,"column":3}},"33":{"start":{"line":109,"column":21},"end":{"line":112,"column":5}},"34":{"start":{"line":113,"column":4},"end":{"line":113,"column":25}},"35":{"start":{"line":115,"column":4},"end":{"line":115,"column":54}},"36":{"start":{"line":116,"column":4},"end":{"line":116,"column":40}},"37":{"start":{"line":125,"column":36},"end":{"line":129,"column":1}},"38":{"start":{"line":128,"column":2},"end":{"line":128,"column":62}}},"fnMap":{"0":{"name":"(anonymous_0)","decl":{"start":{"line":9,"column":21},"end":{"line":9,"column":22}},"loc":{"start":{"line":9,"column":27},"end":{"line":12,"column":1}},"line":9},"1":{"name":"(anonymous_1)","decl":{"start":{"line":17,"column":26},"end":{"line":17,"column":27}},"loc":{"start":{"line":17,"column":32},"end":{"line":25,"column":1}},"line":17},"2":{"name":"(anonymous_2)","decl":{"start":{"line":35,"column":33},"end":{"line":35,"column":34}},"loc":{"start":{"line":35,"column":49},"end":{"line":47,"column":1}},"line":35},"3":{"name":"(anonymous_3)","decl":{"start":{"line":54,"column":32},"end":{"line":54,"column":33}},"loc":{"start":{"line":54,"column":46},"end":{"line":65,"column":1}},"line":54},"4":{"name":"(anonymous_4)","decl":{"start":{"line":72,"column":36},"end":{"line":72,"column":37}},"loc":{"start":{"line":72,"column":54},"end":{"line":83,"column":1}},"line":72},"5":{"name":"(anonymous_5)","decl":{"start":{"line":89,"column":34},"end":{"line":89,"column":35}},"loc":{"start":{"line":89,"column":46},"end":{"line":100,"column":1}},"line":89},"6":{"name":"(anonymous_6)","decl":{"start":{"line":107,"column":31},"end":{"line":107,"column":32}},"loc":{"start":{"line":107,"column":45},"end":{"line":118,"column":1}},"line":107},"7":{"name":"(anonymous_7)","decl":{"start":{"line":125,"column":36},"end":{"line":125,"column":37}},"loc":{"start":{"line":125,"column":57},"end":{"line":129,"column":1}},"line":125}},"branchMap":{"0":{"loc":{"start":{"line":45,"column":10},"end":{"line":45,"column":39}},"type":"binary-expr","locations":[{"start":{"line":45,"column":10},"end":{"line":45,"column":30}},{"start":{"line":45,"column":34},"end":{"line":45,"column":39}}],"line":45},"1":{"loc":{"start":{"line":63,"column":10},"end":{"line":63,"column":39}},"type":"binary-expr","locations":[{"start":{"line":63,"column":10},"end":{"line":63,"column":30}},{"start":{"line":63,"column":34},"end":{"line":63,"column":39}}],"line":63},"2":{"loc":{"start":{"line":81,"column":10},"end":{"line":81,"column":39}},"type":"binary-expr","locations":[{"start":{"line":81,"column":10},"end":{"line":81,"column":30}},{"start":{"line":81,"column":34},"end":{"line":81,"column":39}}],"line":81},"3":{"loc":{"start":{"line":98,"column":10},"end":{"line":98,"column":39}},"type":"binary-expr","locations":[{"start":{"line":98,"column":10},"end":{"line":98,"column":30}},{"start":{"line":98,"column":34},"end":{"line":98,"column":39}}],"line":98},"4":{"loc":{"start":{"line":116,"column":10},"end":{"line":116,"column":39}},"type":"binary-expr","locations":[{"start":{"line":116,"column":10},"end":{"line":116,"column":30}},{"start":{"line":116,"column":34},"end":{"line":116,"column":39}}],"line":116}},"s":{"0":2,"1":2,"2":0,"3":0,"4":2,"5":0,"6":0,"7":2,"8":0,"9":0,"10":0,"11":0,"12":0,"13":2,"14":0,"15":0,"16":0,"17":0,"18":0,"19":2,"20":0,"21":0,"22":0,"23":0,"24":0,"25":2,"26":0,"27":0,"28":0,"29":0,"30":0,"31":2,"32":0,"33":0,"34":0,"35":0,"36":0,"37":2,"38":0},"f":{"0":0,"1":0,"2":0,"3":0,"4":0,"5":0,"6":0,"7":0},"b":{"0":[0,0],"1":[0,0],"2":[0,0],"3":[0,0],"4":[0,0]},"_coverageSchema":"1a1c01bbd47fc00a2c39e90264f33305004495a9","hash":"e88ccefc1649062cd841f1277acbaf03ff61894a"}
,"C:\\Users\\patri\\OneDrive\\Escritorio\\TravelBrain\\frontend-react\\src\\services\\tripService.js": {"path":"C:\\Users\\patri\\OneDrive\\Escritorio\\TravelBrain\\frontend-react\\src\\services\\tripService.js","statementMap":{"0":{"start":{"line":4,"column":27},"end":{"line":40,"column":1}},"1":{"start":{"line":7,"column":21},"end":{"line":7,"column":62}},"2":{"start":{"line":8,"column":4},"end":{"line":8,"column":24}},"3":{"start":{"line":13,"column":21},"end":{"line":13,"column":71}},"4":{"start":{"line":14,"column":4},"end":{"line":14,"column":24}},"5":{"start":{"line":19,"column":21},"end":{"line":19,"column":62}},"6":{"start":{"line":20,"column":4},"end":{"line":20,"column":63}},"7":{"start":{"line":20,"column":40},"end":{"line":20,"column":62}},"8":{"start":{"line":25,"column":21},"end":{"line":25,"column":73}},"9":{"start":{"line":26,"column":4},"end":{"line":26,"column":24}},"10":{"start":{"line":31,"column":21},"end":{"line":31,"column":81}},"11":{"start":{"line":32,"column":4},"end":{"line":32,"column":24}},"12":{"start":{"line":37,"column":21},"end":{"line":37,"column":74}},"13":{"start":{"line":38,"column":4},"end":{"line":38,"column":24}}},"fnMap":{"0":{"name":"(anonymous_0)","decl":{"start":{"line":6,"column":15},"end":{"line":6,"column":16}},"loc":{"start":{"line":6,"column":27},"end":{"line":9,"column":3}},"line":6},"1":{"name":"(anonymous_1)","decl":{"start":{"line":12,"column":15},"end":{"line":12,"column":16}},"loc":{"start":{"line":12,"column":29},"end":{"line":15,"column":3}},"line":12},"2":{"name":"(anonymous_2)","decl":{"start":{"line":18,"column":20},"end":{"line":18,"column":21}},"loc":{"start":{"line":18,"column":38},"end":{"line":21,"column":3}},"line":18},"3":{"name":"(anonymous_3)","decl":{"start":{"line":20,"column":32},"end":{"line":20,"column":33}},"loc":{"start":{"line":20,"column":40},"end":{"line":20,"column":62}},"line":20},"4":{"name":"(anonymous_4)","decl":{"start":{"line":24,"column":14},"end":{"line":24,"column":15}},"loc":{"start":{"line":24,"column":34},"end":{"line":27,"column":3}},"line":24},"5":{"name":"(anonymous_5)","decl":{"start":{"line":30,"column":14},"end":{"line":30,"column":15}},"loc":{"start":{"line":30,"column":38},"end":{"line":33,"column":3}},"line":30},"6":{"name":"(anonymous_6)","decl":{"start":{"line":36,"column":14},"end":{"line":36,"column":15}},"loc":{"start":{"line":36,"column":28},"end":{"line":39,"column":3}},"line":36}},"branchMap":{},"s":{"0":5,"1":5,"2":3,"3":2,"4":2,"5":2,"6":2,"7":3,"8":1,"9":1,"10":1,"11":1,"12":1,"13":1},"f":{"0":5,"1":2,"2":2,"3":3,"4":1,"5":1,"6":1},"b":{},"_coverageSchema":"1a1c01bbd47fc00a2c39e90264f33305004495a9","hash":"59d7a9ed1fb30d2b3707d1dfe2d42c917e09ccba"}
,"C:\\Users\\patri\\OneDrive\\Escritorio\\TravelBrain\\frontend-react\\src\\services\\weatherService.js": {"path":"C:\\Users\\patri\\OneDrive\\Escritorio\\TravelBrain\\frontend-react\\src\\services\\weatherService.js","statementMap":{"0":{"start":{"line":4,"column":30},"end":{"line":42,"column":1}},"1":{"start":{"line":8,"column":22},"end":{"line":8,"column":42}},"2":{"start":{"line":9,"column":21},"end":{"line":15,"column":6}},"3":{"start":{"line":16,"column":4},"end":{"line":16,"column":24}},"4":{"start":{"line":21,"column":21},"end":{"line":21,"column":74}},"5":{"start":{"line":22,"column":4},"end":{"line":22,"column":24}},"6":{"start":{"line":27,"column":21},"end":{"line":27,"column":85}},"7":{"start":{"line":28,"column":4},"end":{"line":28,"column":24}},"8":{"start":{"line":33,"column":21},"end":{"line":33,"column":87}},"9":{"start":{"line":34,"column":4},"end":{"line":34,"column":24}},"10":{"start":{"line":39,"column":21},"end":{"line":39,"column":77}},"11":{"start":{"line":40,"column":4},"end":{"line":40,"column":24}}},"fnMap":{"0":{"name":"(anonymous_0)","decl":{"start":{"line":6,"column":25},"end":{"line":6,"column":26}},"loc":{"start":{"line":6,"column":37},"end":{"line":17,"column":3}},"line":6},"1":{"name":"(anonymous_1)","decl":{"start":{"line":20,"column":18},"end":{"line":20,"column":19}},"loc":{"start":{"line":20,"column":32},"end":{"line":23,"column":3}},"line":20},"2":{"name":"(anonymous_2)","decl":{"start":{"line":26,"column":23},"end":{"line":26,"column":24}},"loc":{"start":{"line":26,"column":46},"end":{"line":29,"column":3}},"line":26},"3":{"name":"(anonymous_3)","decl":{"start":{"line":32,"column":17},"end":{"line":32,"column":18}},"loc":{"start":{"line":32,"column":44},"end":{"line":35,"column":3}},"line":32},"4":{"name":"(anonymous_4)","decl":{"start":{"line":38,"column":17},"end":{"line":38,"column":18}},"loc":{"start":{"line":38,"column":31},"end":{"line":41,"column":3}},"line":38}},"branchMap":{},"s":{"0":1,"1":0,"2":0,"3":0,"4":0,"5":0,"6":0,"7":0,"8":0,"9":0,"10":0,"11":0},"f":{"0":0,"1":0,"2":0,"3":0,"4":0},"b":{},"_coverageSchema":"1a1c01bbd47fc00a2c39e90264f33305004495a9","hash":"cedd1a428f0951690db5cc74f0c3f8511f2febff"}
}
