TN:
SF:src\config.js
FN:11,(anonymous_0)
FN:15,(anonymous_1)
FN:19,(anonymous_2)
FN:23,(anonymous_3)
FN:27,(anonymous_4)
FNF:5
FNH:2
FNDA:1,(anonymous_0)
FNDA:0,(anonymous_1)
FNDA:4,(anonymous_2)
FNDA:0,(anonymous_3)
FNDA:0,(anonymous_4)
DA:1,17
DA:11,1
DA:15,0
DA:19,4
DA:23,0
DA:27,0
DA:33,17
LF:7
LH:4
BRF:0
BRH:0
end_of_record
TN:
SF:src\components\CurrencySelector.jsx
FN:11,(anonymous_0)
FN:27,(anonymous_1)
FN:33,(anonymous_2)
FN:41,(anonymous_3)
FN:47,(anonymous_4)
FN:81,(anonymous_5)
FN:85,(anonymous_6)
FN:89,(anonymous_7)
FN:90,(anonymous_8)
FN:99,(anonymous_9)
FN:117,(anonymous_10)
FN:141,(anonymous_11)
FNF:12
FNH:5
FNDA:2,(anonymous_0)
FNDA:1,(anonymous_1)
FNDA:1,(anonymous_2)
FNDA:1,(anonymous_3)
FNDA:1,(anonymous_4)
FNDA:0,(anonymous_5)
FNDA:0,(anonymous_6)
FNDA:0,(anonymous_7)
FNDA:0,(anonymous_8)
FNDA:0,(anonymous_9)
FNDA:0,(anonymous_10)
FNDA:0,(anonymous_11)
DA:11,2
DA:18,2
DA:19,2
DA:20,2
DA:21,2
DA:22,2
DA:23,2
DA:24,2
DA:27,2
DA:28,1
DA:29,1
DA:33,2
DA:34,1
DA:35,0
DA:36,0
DA:41,2
DA:42,1
DA:43,1
DA:47,2
DA:48,1
DA:49,1
DA:52,1
DA:53,1
DA:55,1
DA:56,1
DA:58,1
DA:61,1
DA:62,1
DA:65,1
DA:66,0
DA:67,0
DA:75,0
DA:77,1
DA:81,2
DA:82,0
DA:85,2
DA:86,0
DA:89,2
DA:90,0
DA:93,2
DA:99,0
DA:118,0
DA:142,0
LF:43
LH:32
BRDA:19,0,0,2
BRDA:19,0,1,2
BRDA:20,1,0,2
BRDA:20,1,1,2
BRDA:22,2,0,2
BRDA:22,2,1,2
BRDA:28,3,0,0
BRDA:28,3,1,1
BRDA:29,4,0,0
BRDA:29,4,1,1
BRDA:34,5,0,0
BRDA:34,5,1,1
BRDA:42,6,0,1
BRDA:42,6,1,0
BRDA:42,7,0,1
BRDA:42,7,1,1
BRDA:52,8,0,0
BRDA:52,8,1,1
BRDA:52,9,0,1
BRDA:52,9,1,0
BRDA:61,10,0,0
BRDA:61,10,1,1
BRDA:61,11,0,1
BRDA:61,11,1,0
BRDA:65,12,0,0
BRDA:65,12,1,1
BRDA:90,13,0,0
BRDA:90,13,1,0
BRDA:103,14,0,0
BRDA:103,14,1,2
BRDA:107,15,0,2
BRDA:107,15,1,0
BRDA:132,16,0,0
BRDA:132,16,1,0
BRDA:150,17,0,0
BRDA:150,17,1,0
BRDA:152,18,0,0
BRDA:152,18,1,0
BRDA:178,19,0,0
BRDA:178,19,1,0
BRDA:191,20,0,0
BRDA:191,20,1,0
BRDA:191,20,2,0
BRF:43
BRH:19
end_of_record
TN:
SF:src\components\GoogleLoginButton.jsx
FN:4,(anonymous_0)
FN:5,(anonymous_1)
FNF:2
FNH:1
FNDA:2,(anonymous_0)
FNDA:0,(anonymous_1)
DA:4,2
DA:5,2
DA:7,0
DA:10,2
LF:4
LH:3
BRDA:4,0,0,1
BRF:1
BRH:1
end_of_record
TN:
SF:src\components\Navbar.jsx
FN:7,Navbar
FN:16,(anonymous_1)
FN:17,(anonymous_2)
FN:23,(anonymous_3)
FN:27,(anonymous_4)
FN:32,(anonymous_5)
FN:38,(anonymous_6)
FN:43,(anonymous_7)
FN:56,(anonymous_8)
FN:70,(anonymous_9)
FN:87,(anonymous_10)
FN:152,(anonymous_11)
FN:168,(anonymous_12)
FN:175,(anonymous_13)
FN:197,(anonymous_14)
FNF:15
FNH:9
FNDA:5,Navbar
FNDA:5,(anonymous_1)
FNDA:0,(anonymous_2)
FNDA:5,(anonymous_3)
FNDA:5,(anonymous_4)
FNDA:5,(anonymous_5)
FNDA:5,(anonymous_6)
FNDA:0,(anonymous_7)
FNDA:50,(anonymous_8)
FNDA:25,(anonymous_9)
FNDA:0,(anonymous_10)
FNDA:0,(anonymous_11)
FNDA:0,(anonymous_12)
FNDA:0,(anonymous_13)
FNDA:25,(anonymous_14)
DA:8,5
DA:9,5
DA:10,5
DA:11,5
DA:12,5
DA:13,5
DA:16,5
DA:17,5
DA:18,0
DA:19,0
DA:22,5
DA:23,5
DA:27,5
DA:28,5
DA:32,5
DA:33,5
DA:34,0
DA:36,5
DA:38,5
DA:39,5
DA:43,5
DA:44,0
DA:45,0
DA:48,5
DA:56,50
DA:58,5
DA:71,25
DA:88,0
DA:89,0
DA:152,0
DA:168,0
DA:175,0
DA:198,25
LF:33
LH:23
BRDA:18,0,0,0
BRDA:18,0,1,0
BRDA:18,1,0,0
BRDA:18,1,1,0
BRDA:33,2,0,0
BRDA:33,2,1,5
BRDA:74,3,0,0
BRDA:74,3,1,25
BRDA:93,4,0,5
BRDA:93,4,1,5
BRDA:93,4,2,5
BRDA:95,5,0,5
BRDA:95,5,1,5
BRDA:95,5,2,5
BRDA:97,6,0,0
BRDA:97,6,1,5
BRDA:107,7,0,5
BRDA:107,7,1,0
BRDA:112,8,0,0
BRDA:112,8,1,0
BRDA:112,8,2,0
BRDA:115,9,0,0
BRDA:115,9,1,0
BRDA:115,9,2,0
BRDA:116,10,0,0
BRDA:116,10,1,0
BRDA:127,11,0,0
BRDA:127,11,1,0
BRDA:167,12,0,0
BRDA:167,12,1,5
BRDA:172,13,0,0
BRDA:172,13,1,5
BRDA:187,14,0,5
BRDA:187,14,1,5
BRDA:187,14,2,5
BRDA:190,15,0,5
BRDA:190,15,1,5
BRDA:190,15,2,5
BRDA:191,16,0,5
BRDA:191,16,1,5
BRDA:201,17,0,0
BRDA:201,17,1,25
BRDA:210,18,0,5
BRDA:210,18,1,0
BRF:44
BRH:22
end_of_record
TN:
SF:src\hooks\useAuth.js
FN:3,(anonymous_0)
FN:4,(anonymous_1)
FN:9,(anonymous_2)
FN:14,(anonymous_3)
FN:19,(anonymous_4)
FNF:5
FNH:2
FNDA:13,(anonymous_0)
FNDA:0,(anonymous_1)
FNDA:10,(anonymous_2)
FNDA:0,(anonymous_3)
FNDA:0,(anonymous_4)
DA:3,9
DA:4,13
DA:5,0
DA:6,0
DA:9,13
DA:10,10
DA:11,10
DA:14,13
DA:15,0
DA:16,0
DA:19,13
DA:20,0
DA:21,0
DA:22,0
DA:25,13
LF:15
LH:8
BRDA:11,0,0,0
BRDA:11,0,1,10
BRF:2
BRH:1
end_of_record
TN:
SF:src\pages\Admin.jsx
FN:8,Admin
FN:33,(anonymous_1)
FN:34,(anonymous_2)
FN:40,(anonymous_3)
FN:48,(anonymous_4)
FN:54,(anonymous_5)
FN:58,(anonymous_6)
FN:98,(anonymous_7)
FN:108,(anonymous_8)
FN:114,(anonymous_9)
FN:119,(anonymous_10)
FN:120,(anonymous_11)
FN:125,(anonymous_12)
FN:132,(anonymous_13)
FN:138,(anonymous_14)
FN:143,(anonymous_15)
FN:144,(anonymous_16)
FN:149,(anonymous_17)
FN:156,(anonymous_18)
FN:163,(anonymous_19)
FN:169,(anonymous_20)
FN:169,(anonymous_21)
FN:171,(anonymous_22)
FN:178,(anonymous_23)
FN:186,(anonymous_24)
FN:194,(anonymous_25)
FN:198,(anonymous_26)
FN:199,(anonymous_27)
FN:204,(anonymous_28)
FN:211,(anonymous_29)
FN:217,(anonymous_30)
FN:221,(anonymous_31)
FN:222,(anonymous_32)
FN:229,(anonymous_33)
FN:233,(anonymous_34)
FN:242,(anonymous_35)
FN:276,(anonymous_36)
FN:381,(anonymous_37)
FN:396,(anonymous_38)
FN:406,(anonymous_39)
FN:443,(anonymous_40)
FN:451,(anonymous_41)
FN:465,(anonymous_42)
FN:484,(anonymous_43)
FN:503,(anonymous_44)
FN:518,(anonymous_45)
FN:527,(anonymous_46)
FN:528,(anonymous_47)
FN:535,(anonymous_48)
FN:539,(anonymous_49)
FN:551,(anonymous_50)
FN:565,(anonymous_51)
FNF:52
FNH:5
FNDA:1,Admin
FNDA:1,(anonymous_1)
FNDA:0,(anonymous_2)
FNDA:0,(anonymous_3)
FNDA:1,(anonymous_4)
FNDA:1,(anonymous_5)
FNDA:1,(anonymous_6)
FNDA:0,(anonymous_7)
FNDA:0,(anonymous_8)
FNDA:0,(anonymous_9)
FNDA:0,(anonymous_10)
FNDA:0,(anonymous_11)
FNDA:0,(anonymous_12)
FNDA:0,(anonymous_13)
FNDA:0,(anonymous_14)
FNDA:0,(anonymous_15)
FNDA:0,(anonymous_16)
FNDA:0,(anonymous_17)
FNDA:0,(anonymous_18)
FNDA:0,(anonymous_19)
FNDA:0,(anonymous_20)
FNDA:0,(anonymous_21)
FNDA:0,(anonymous_22)
FNDA:0,(anonymous_23)
FNDA:0,(anonymous_24)
FNDA:0,(anonymous_25)
FNDA:0,(anonymous_26)
FNDA:0,(anonymous_27)
FNDA:0,(anonymous_28)
FNDA:0,(anonymous_29)
FNDA:0,(anonymous_30)
FNDA:0,(anonymous_31)
FNDA:0,(anonymous_32)
FNDA:0,(anonymous_33)
FNDA:0,(anonymous_34)
FNDA:0,(anonymous_35)
FNDA:0,(anonymous_36)
FNDA:0,(anonymous_37)
FNDA:0,(anonymous_38)
FNDA:0,(anonymous_39)
FNDA:0,(anonymous_40)
FNDA:0,(anonymous_41)
FNDA:0,(anonymous_42)
FNDA:0,(anonymous_43)
FNDA:0,(anonymous_44)
FNDA:0,(anonymous_45)
FNDA:0,(anonymous_46)
FNDA:0,(anonymous_47)
FNDA:0,(anonymous_48)
FNDA:0,(anonymous_49)
FNDA:0,(anonymous_50)
FNDA:0,(anonymous_51)
DA:9,1
DA:10,1
DA:11,1
DA:12,1
DA:13,1
DA:14,1
DA:15,1
DA:16,1
DA:17,1
DA:18,1
DA:19,1
DA:20,1
DA:21,1
DA:22,1
DA:23,1
DA:24,1
DA:28,1
DA:29,1
DA:30,1
DA:33,1
DA:34,1
DA:35,0
DA:36,0
DA:40,1
DA:41,0
DA:42,0
DA:46,1
DA:48,1
DA:49,1
DA:50,1
DA:54,1
DA:55,1
DA:58,1
DA:59,1
DA:61,1
DA:62,0
DA:64,1
DA:68,1
DA:73,1
DA:74,0
DA:77,1
DA:78,0
DA:81,1
DA:82,0
DA:85,1
DA:90,0
DA:91,0
DA:92,0
DA:93,0
DA:95,0
DA:96,0
DA:97,0
DA:98,0
DA:100,0
DA:103,0
DA:104,0
DA:108,1
DA:109,0
DA:110,0
DA:111,0
DA:114,1
DA:115,0
DA:116,0
DA:117,0
DA:119,0
DA:120,0
DA:121,0
DA:124,0
DA:125,0
DA:127,0
DA:128,0
DA:130,0
DA:131,0
DA:132,0
DA:134,0
DA:138,1
DA:139,0
DA:140,0
DA:141,0
DA:143,0
DA:144,0
DA:145,0
DA:148,0
DA:149,0
DA:151,0
DA:152,0
DA:154,0
DA:155,0
DA:156,0
DA:158,0
DA:163,1
DA:164,0
DA:165,0
DA:166,0
DA:167,0
DA:169,0
DA:170,0
DA:171,0
DA:173,0
DA:174,0
DA:176,0
DA:177,0
DA:178,0
DA:180,0
DA:182,0
DA:186,1
DA:187,0
DA:188,0
DA:190,0
DA:194,1
DA:195,0
DA:196,0
DA:198,0
DA:199,0
DA:200,0
DA:203,0
DA:204,0
DA:206,0
DA:207,0
DA:209,0
DA:210,0
DA:211,0
DA:213,0
DA:217,1
DA:218,0
DA:221,1
DA:222,0
DA:226,0
DA:229,1
DA:230,0
DA:233,1
DA:234,0
DA:235,0
DA:236,0
DA:237,0
DA:238,0
DA:242,1
DA:243,0
DA:246,1
DA:247,1
DA:254,0
DA:276,0
DA:382,0
DA:383,0
DA:396,0
DA:406,0
DA:444,0
DA:451,0
DA:465,0
DA:484,0
DA:503,0
DA:518,0
DA:527,0
DA:530,0
DA:531,0
DA:533,0
DA:536,0
DA:539,0
DA:551,0
DA:565,0
LF:160
LH:50
BRDA:30,0,0,1
BRDA:30,0,1,1
BRDA:41,1,0,0
BRDA:41,1,1,0
BRDA:41,2,0,0
BRDA:41,2,1,0
BRDA:61,3,0,0
BRDA:61,3,1,1
BRDA:73,4,0,0
BRDA:73,4,1,1
BRDA:77,5,0,0
BRDA:77,5,1,1
BRDA:81,6,0,0
BRDA:81,6,1,1
BRDA:90,7,0,0
BRDA:90,7,1,0
BRDA:96,8,0,0
BRDA:96,8,1,0
BRDA:121,9,0,0
BRDA:121,9,1,0
BRDA:131,10,0,0
BRDA:131,10,1,0
BRDA:145,11,0,0
BRDA:145,11,1,0
BRDA:155,12,0,0
BRDA:155,12,1,0
BRDA:164,13,0,0
BRDA:164,13,1,0
BRDA:170,14,0,0
BRDA:170,14,1,0
BRDA:177,15,0,0
BRDA:177,15,1,0
BRDA:187,16,0,0
BRDA:187,16,1,0
BRDA:200,17,0,0
BRDA:200,17,1,0
BRDA:210,18,0,0
BRDA:210,18,1,0
BRDA:234,19,0,0
BRDA:234,19,1,0
BRDA:234,19,2,0
BRDA:234,19,3,0
BRDA:243,20,0,0
BRDA:243,20,1,0
BRDA:246,21,0,1
BRDA:246,21,1,0
BRDA:279,22,0,0
BRDA:279,22,1,0
BRDA:279,22,2,0
BRDA:281,23,0,0
BRDA:281,23,1,0
BRDA:281,23,2,0
BRDA:282,24,0,0
BRDA:282,24,1,0
BRDA:285,25,0,0
BRDA:285,25,1,0
BRDA:290,26,0,0
BRDA:290,26,1,0
BRDA:290,26,2,0
BRDA:293,27,0,0
BRDA:293,27,1,0
BRDA:293,27,2,0
BRDA:305,28,0,0
BRDA:305,28,1,0
BRDA:336,29,0,0
BRDA:336,29,1,0
BRDA:337,30,0,0
BRDA:337,30,1,0
BRDA:340,31,0,0
BRDA:340,31,1,0
BRDA:378,32,0,0
BRDA:378,32,1,0
BRDA:417,33,0,0
BRDA:417,33,1,0
BRDA:420,34,0,0
BRDA:420,34,1,0
BRDA:424,35,0,0
BRDA:424,35,1,0
BRDA:425,36,0,0
BRDA:425,36,1,0
BRDA:446,37,0,0
BRDA:446,37,1,0
BRDA:447,38,0,0
BRDA:447,38,1,0
BRDA:469,39,0,0
BRDA:469,39,1,0
BRDA:475,40,0,0
BRDA:475,40,1,0
BRDA:488,41,0,0
BRDA:488,41,1,0
BRDA:499,42,0,0
BRDA:499,42,1,0
BRDA:499,42,2,0
BRDA:514,43,0,0
BRDA:514,43,1,0
BRDA:522,44,0,0
BRDA:522,44,1,0
BRDA:530,45,0,0
BRDA:530,45,1,0
BRDA:538,46,0,0
BRDA:538,46,1,0
BRDA:546,47,0,0
BRDA:546,47,1,0
BRDA:548,48,0,0
BRDA:548,48,1,0
BRF:105
BRH:7
end_of_record
TN:
SF:src\pages\AuthSuccess.jsx
FN:6,(anonymous_0)
FN:11,(anonymous_1)
FN:12,(anonymous_2)
FN:19,(anonymous_3)
FN:44,(anonymous_4)
FN:58,(anonymous_5)
FN:64,(anonymous_6)
FNF:7
FNH:3
FNDA:2,(anonymous_0)
FNDA:1,(anonymous_1)
FNDA:1,(anonymous_2)
FNDA:0,(anonymous_3)
FNDA:0,(anonymous_4)
FNDA:0,(anonymous_5)
FNDA:0,(anonymous_6)
DA:6,1
DA:7,2
DA:8,2
DA:9,2
DA:11,2
DA:12,1
DA:13,1
DA:14,1
DA:16,1
DA:17,0
DA:18,0
DA:19,0
DA:20,0
DA:22,0
DA:25,1
DA:26,1
DA:28,1
DA:31,1
DA:37,0
DA:38,0
DA:39,0
DA:40,0
DA:41,0
DA:44,0
DA:45,0
DA:48,0
DA:51,0
DA:54,1
DA:55,1
DA:56,1
DA:57,1
DA:58,1
DA:59,0
DA:63,0
DA:64,0
DA:65,0
DA:70,1
DA:73,2
LF:38
LH:20
BRDA:16,0,0,0
BRDA:16,0,1,1
BRDA:25,1,0,1
BRDA:25,1,1,0
BRDA:37,2,0,0
BRDA:37,2,1,0
BRDA:39,3,0,0
BRDA:39,3,1,0
BRDA:39,4,0,0
BRDA:39,4,1,0
BRDA:76,5,0,2
BRDA:76,5,1,1
BRDA:84,6,0,2
BRDA:84,6,1,0
BRDA:92,7,0,2
BRDA:92,7,1,1
BRF:16
BRH:7
end_of_record
TN:
SF:src\pages\Dashboard.jsx
FN:10,Dashboard
FN:17,(anonymous_1)
FN:18,(anonymous_2)
FN:24,(anonymous_3)
FN:32,(anonymous_4)
FN:41,(anonymous_5)
FN:53,(anonymous_6)
FN:65,(anonymous_7)
FN:77,(anonymous_8)
FN:90,(anonymous_9)
FN:232,(anonymous_10)
FNF:11
FNH:3
FNDA:1,Dashboard
FNDA:1,(anonymous_1)
FNDA:1,(anonymous_2)
FNDA:0,(anonymous_3)
FNDA:0,(anonymous_4)
FNDA:0,(anonymous_5)
FNDA:0,(anonymous_6)
FNDA:0,(anonymous_7)
FNDA:0,(anonymous_8)
FNDA:0,(anonymous_9)
FNDA:0,(anonymous_10)
DA:11,1
DA:12,1
DA:13,1
DA:14,1
DA:15,1
DA:17,1
DA:18,1
DA:19,1
DA:20,1
DA:21,1
DA:24,0
DA:27,0
DA:28,0
DA:29,0
DA:31,0
DA:32,0
DA:38,0
DA:41,0
DA:42,0
DA:53,0
DA:54,0
DA:65,0
DA:66,0
DA:77,0
DA:78,0
DA:79,0
DA:81,0
DA:82,0
DA:86,1
DA:90,1
DA:91,0
DA:92,0
DA:93,0
DA:94,0
DA:95,0
DA:96,0
DA:98,0
DA:99,0
DA:100,0
DA:101,0
DA:104,1
DA:233,0
LF:42
LH:13
BRDA:27,0,0,0
BRDA:27,0,1,0
BRDA:28,1,0,0
BRDA:28,1,1,0
BRDA:29,2,0,0
BRDA:29,2,1,0
BRDA:47,3,0,0
BRDA:47,3,1,0
BRDA:59,4,0,0
BRDA:59,4,1,0
BRDA:70,5,0,0
BRDA:70,5,1,0
BRDA:71,6,0,0
BRDA:71,6,1,0
BRDA:98,7,0,0
BRDA:98,7,1,0
BRDA:99,8,0,0
BRDA:99,8,1,0
BRDA:100,9,0,0
BRDA:100,9,1,0
BRDA:114,10,0,1
BRDA:114,10,1,1
BRDA:114,10,2,1
BRDA:225,11,0,1
BRDA:225,11,1,0
BRDA:230,12,0,0
BRDA:230,12,1,0
BRF:27
BRH:4
end_of_record
TN:
SF:src\pages\Itineraries.jsx
FN:12,(anonymous_0)
FN:36,(anonymous_1)
FN:37,(anonymous_2)
FN:53,(anonymous_3)
FN:55,(anonymous_4)
FN:75,(anonymous_5)
FN:121,(anonymous_6)
FN:143,(anonymous_7)
FN:366,(anonymous_8)
FN:383,(anonymous_9)
FN:392,(anonymous_10)
FN:453,(anonymous_11)
FN:461,(anonymous_12)
FN:488,(anonymous_13)
FN:530,(anonymous_14)
FN:534,(anonymous_15)
FN:545,(anonymous_16)
FN:549,(anonymous_17)
FN:607,(anonymous_18)
FN:609,(anonymous_19)
FN:630,(anonymous_20)
FN:651,(anonymous_21)
FNF:22
FNH:3
FNDA:1,(anonymous_0)
FNDA:1,(anonymous_1)
FNDA:1,(anonymous_2)
FNDA:0,(anonymous_3)
FNDA:0,(anonymous_4)
FNDA:0,(anonymous_5)
FNDA:0,(anonymous_6)
FNDA:0,(anonymous_7)
FNDA:0,(anonymous_8)
FNDA:0,(anonymous_9)
FNDA:0,(anonymous_10)
FNDA:0,(anonymous_11)
FNDA:0,(anonymous_12)
FNDA:0,(anonymous_13)
FNDA:0,(anonymous_14)
FNDA:0,(anonymous_15)
FNDA:0,(anonymous_16)
FNDA:0,(anonymous_17)
FNDA:0,(anonymous_18)
FNDA:0,(anonymous_19)
FNDA:0,(anonymous_20)
FNDA:0,(anonymous_21)
DA:12,1
DA:13,1
DA:14,1
DA:15,1
DA:16,1
DA:17,1
DA:18,1
DA:19,1
DA:20,1
DA:21,1
DA:23,1
DA:30,1
DA:36,1
DA:37,1
DA:38,1
DA:40,1
DA:41,0
DA:42,0
DA:43,0
DA:45,0
DA:46,0
DA:50,1
DA:53,1
DA:54,0
DA:55,0
DA:56,0
DA:57,0
DA:58,0
DA:61,0
DA:62,0
DA:63,0
DA:64,0
DA:65,0
DA:66,0
DA:70,0
DA:75,1
DA:76,0
DA:77,0
DA:78,0
DA:80,0
DA:81,0
DA:82,0
DA:84,0
DA:85,0
DA:86,0
DA:89,0
DA:90,0
DA:92,0
DA:93,0
DA:100,0
DA:106,0
DA:110,0
DA:111,0
DA:114,0
DA:115,0
DA:117,0
DA:121,1
DA:122,0
DA:124,0
DA:125,0
DA:126,0
DA:127,0
DA:130,0
DA:136,0
DA:137,0
DA:140,0
DA:141,0
DA:142,0
DA:143,0
DA:144,0
DA:145,0
DA:149,0
DA:152,0
DA:153,0
DA:154,0
DA:155,0
DA:157,0
DA:158,0
DA:159,0
DA:161,0
DA:163,0
DA:164,0
DA:165,0
DA:166,0
DA:168,0
DA:169,0
DA:170,0
DA:174,0
DA:175,0
DA:177,0
DA:180,0
DA:181,0
DA:183,0
DA:184,0
DA:185,0
DA:186,0
DA:188,0
DA:189,0
DA:192,0
DA:193,0
DA:194,0
DA:196,0
DA:200,0
DA:204,0
DA:206,0
DA:207,0
DA:208,0
DA:209,0
DA:211,0
DA:212,0
DA:213,0
DA:214,0
DA:216,0
DA:217,0
DA:218,0
DA:219,0
DA:220,0
DA:222,0
DA:224,0
DA:225,0
DA:228,0
DA:229,0
DA:231,0
DA:234,0
DA:235,0
DA:236,0
DA:237,0
DA:239,0
DA:240,0
DA:241,0
DA:242,0
DA:243,0
DA:244,0
DA:246,0
DA:249,0
DA:250,0
DA:251,0
DA:252,0
DA:253,0
DA:255,0
DA:256,0
DA:257,0
DA:258,0
DA:259,0
DA:260,0
DA:262,0
DA:266,0
DA:267,0
DA:268,0
DA:269,0
DA:270,0
DA:272,0
DA:275,0
DA:279,0
DA:315,0
DA:348,0
DA:352,0
DA:353,0
DA:354,0
DA:357,0
DA:358,0
DA:359,0
DA:362,0
DA:363,0
DA:366,0
DA:368,0
DA:369,0
DA:370,0
DA:374,0
DA:375,0
DA:377,0
DA:378,0
DA:379,0
DA:380,0
DA:383,0
DA:384,0
DA:385,0
DA:386,0
DA:389,0
DA:392,0
DA:399,0
DA:425,0
DA:429,0
DA:430,0
DA:431,0
DA:432,0
DA:433,0
DA:434,0
DA:440,0
DA:449,0
DA:450,0
DA:453,1
DA:454,0
DA:461,1
DA:462,0
DA:468,1
DA:489,0
DA:531,0
DA:534,0
DA:546,0
DA:549,0
DA:609,0
DA:611,0
DA:631,0
DA:652,0
LF:205
LH:23
BRDA:43,0,0,0
BRDA:43,0,1,0
BRDA:61,1,0,0
BRDA:61,1,1,0
BRDA:64,2,0,0
BRDA:64,2,1,0
BRDA:76,3,0,0
BRDA:76,3,1,0
BRDA:80,4,0,0
BRDA:80,4,1,0
BRDA:84,5,0,0
BRDA:84,5,1,0
BRDA:110,6,0,0
BRDA:110,6,1,0
BRDA:115,7,0,0
BRDA:115,7,1,0
BRDA:122,8,0,0
BRDA:122,8,1,0
BRDA:122,9,0,0
BRDA:122,9,1,0
BRDA:192,10,0,0
BRDA:192,10,1,0
BRDA:200,11,0,0
BRDA:200,11,1,0
BRDA:200,11,2,0
BRDA:204,12,0,0
BRDA:204,12,1,0
BRDA:206,13,0,0
BRDA:206,13,1,0
BRDA:207,14,0,0
BRDA:207,14,1,0
BRDA:208,15,0,0
BRDA:208,15,1,0
BRDA:212,16,0,0
BRDA:212,16,1,0
BRDA:217,17,0,0
BRDA:217,17,1,0
BRDA:217,18,0,0
BRDA:217,18,1,0
BRDA:243,19,0,0
BRDA:243,19,1,0
BRDA:243,19,2,0
BRDA:244,20,0,0
BRDA:244,20,1,0
BRDA:249,21,0,0
BRDA:249,21,1,0
BRDA:260,22,0,0
BRDA:260,22,1,0
BRDA:266,23,0,0
BRDA:266,23,1,0
BRDA:275,24,0,0
BRDA:275,24,1,0
BRDA:275,24,2,0
BRDA:279,25,0,0
BRDA:279,25,1,0
BRDA:282,26,0,0
BRDA:282,26,1,0
BRDA:283,27,0,0
BRDA:283,27,1,0
BRDA:283,28,0,0
BRDA:283,28,1,0
BRDA:286,29,0,0
BRDA:286,29,1,0
BRDA:287,30,0,0
BRDA:287,30,1,0
BRDA:287,31,0,0
BRDA:287,31,1,0
BRDA:290,32,0,0
BRDA:290,32,1,0
BRDA:291,33,0,0
BRDA:291,33,1,0
BRDA:291,34,0,0
BRDA:291,34,1,0
BRDA:294,35,0,0
BRDA:294,35,1,0
BRDA:295,36,0,0
BRDA:295,36,1,0
BRDA:295,37,0,0
BRDA:295,37,1,0
BRDA:298,38,0,0
BRDA:298,38,1,0
BRDA:299,39,0,0
BRDA:299,39,1,0
BRDA:299,40,0,0
BRDA:299,40,1,0
BRDA:302,41,0,0
BRDA:302,41,1,0
BRDA:303,42,0,0
BRDA:303,42,1,0
BRDA:303,43,0,0
BRDA:303,43,1,0
BRDA:307,44,0,0
BRDA:307,44,1,0
BRDA:308,45,0,0
BRDA:308,45,1,0
BRDA:309,46,0,0
BRDA:309,46,1,0
BRDA:310,47,0,0
BRDA:310,47,1,0
BRDA:311,48,0,0
BRDA:311,48,1,0
BRDA:312,49,0,0
BRDA:312,49,1,0
BRDA:338,50,0,0
BRDA:338,50,1,0
BRDA:357,51,0,0
BRDA:357,51,1,0
BRDA:368,52,0,0
BRDA:368,52,1,0
BRDA:384,53,0,0
BRDA:384,53,1,0
BRDA:395,54,0,0
BRDA:395,54,1,0
BRDA:396,55,0,0
BRDA:396,55,1,0
BRDA:483,56,0,1
BRDA:483,56,1,1
BRDA:496,57,0,1
BRDA:496,57,1,0
BRDA:504,58,0,0
BRDA:504,58,1,0
BRDA:512,59,0,0
BRDA:512,59,1,0
BRDA:512,60,0,0
BRDA:512,60,1,0
BRDA:512,60,2,0
BRDA:515,61,0,0
BRDA:515,61,1,0
BRDA:516,62,0,0
BRDA:516,62,1,0
BRDA:517,63,0,0
BRDA:517,63,1,0
BRDA:517,64,0,0
BRDA:517,64,1,0
BRDA:520,65,0,0
BRDA:520,65,1,0
BRDA:523,66,0,0
BRDA:523,66,1,0
BRDA:533,67,0,0
BRDA:533,67,1,0
BRDA:548,68,0,0
BRDA:548,68,1,0
BRDA:560,69,0,0
BRDA:560,69,1,0
BRDA:560,69,2,0
BRDA:562,70,0,0
BRDA:562,70,1,0
BRDA:567,71,0,1
BRDA:567,71,1,0
BRDA:570,72,0,1
BRDA:570,72,1,0
BRDA:593,73,0,0
BRDA:593,73,1,0
BRDA:617,74,0,0
BRDA:617,74,1,0
BRDA:619,75,0,0
BRDA:619,75,1,0
BRDA:622,76,0,0
BRDA:622,76,1,0
BRDA:624,77,0,0
BRDA:624,77,1,0
BRDA:628,78,0,0
BRDA:628,78,1,0
BRDA:638,79,0,0
BRDA:638,79,1,0
BRDA:666,80,0,0
BRDA:666,80,1,0
BRDA:671,81,0,0
BRDA:671,81,1,0
BRDA:671,81,2,0
BRDA:671,81,3,0
BRDA:679,82,0,0
BRDA:679,82,1,0
BRDA:694,83,0,0
BRDA:694,83,1,0
BRDA:697,84,0,0
BRDA:697,84,1,0
BRDA:697,84,2,0
BRDA:701,85,0,0
BRDA:701,85,1,0
BRDA:715,86,0,0
BRDA:715,86,1,0
BRDA:718,87,0,0
BRDA:718,87,1,0
BRDA:718,87,2,0
BRDA:722,88,0,0
BRDA:722,88,1,0
BRDA:736,89,0,0
BRDA:736,89,1,0
BRDA:739,90,0,0
BRDA:739,90,1,0
BRDA:739,90,2,0
BRDA:743,91,0,0
BRDA:743,91,1,0
BRDA:757,92,0,0
BRDA:757,92,1,0
BRDA:760,93,0,0
BRDA:760,93,1,0
BRDA:760,93,2,0
BRDA:764,94,0,0
BRDA:764,94,1,0
BRDA:778,95,0,0
BRDA:778,95,1,0
BRDA:781,96,0,0
BRDA:781,96,1,0
BRDA:781,96,2,0
BRDA:785,97,0,0
BRDA:785,97,1,0
BRDA:799,98,0,0
BRDA:799,98,1,0
BRDA:802,99,0,0
BRDA:802,99,1,0
BRDA:802,99,2,0
BRDA:806,100,0,0
BRDA:806,100,1,0
BRDA:815,101,0,0
BRDA:815,101,1,0
BRDA:815,101,2,0
BRDA:822,102,0,0
BRDA:822,102,1,0
BRDA:826,103,0,0
BRDA:826,103,1,0
BRDA:826,103,2,0
BRDA:839,104,0,0
BRDA:839,104,1,0
BRDA:839,105,0,0
BRDA:839,105,1,0
BRDA:842,106,0,0
BRDA:842,106,1,0
BRDA:846,107,0,0
BRDA:846,107,1,0
BRDA:846,107,2,0
BRDA:849,108,0,0
BRDA:849,108,1,0
BRDA:849,109,0,0
BRDA:849,109,1,0
BRDA:853,110,0,0
BRDA:853,110,1,0
BRF:238
BRH:5
end_of_record
TN:
SF:src\pages\Login.jsx
FN:10,Login
FN:17,(anonymous_1)
FN:64,(anonymous_2)
FN:78,(anonymous_3)
FNF:4
FNH:1
FNDA:1,Login
FNDA:0,(anonymous_1)
FNDA:0,(anonymous_2)
FNDA:0,(anonymous_3)
DA:11,1
DA:12,1
DA:13,1
DA:14,1
DA:15,1
DA:17,1
DA:18,0
DA:19,0
DA:20,0
DA:22,0
DA:23,0
DA:25,0
DA:26,0
DA:27,0
DA:29,0
DA:32,0
DA:34,0
DA:38,1
DA:64,0
DA:78,0
LF:20
LH:7
BRDA:25,0,0,0
BRDA:25,0,1,0
BRDA:25,1,0,0
BRDA:25,1,1,0
BRDA:29,2,0,0
BRDA:29,2,1,0
BRDA:32,3,0,0
BRDA:32,3,1,0
BRDA:54,4,0,1
BRDA:54,4,1,0
BRDA:87,5,0,0
BRDA:87,5,1,1
BRF:12
BRH:2
end_of_record
TN:
SF:src\pages\Profile.jsx
FN:9,Profile
FN:30,(anonymous_1)
FN:45,(anonymous_2)
FN:52,(anonymous_3)
FN:59,(anonymous_4)
FN:66,(anonymous_5)
FN:86,(anonymous_6)
FN:101,(anonymous_7)
FN:136,(anonymous_8)
FN:181,(anonymous_9)
FN:250,(anonymous_10)
FN:277,(anonymous_11)
FN:339,(anonymous_12)
FNF:13
FNH:2
FNDA:1,Profile
FNDA:0,(anonymous_1)
FNDA:1,(anonymous_2)
FNDA:0,(anonymous_3)
FNDA:0,(anonymous_4)
FNDA:0,(anonymous_5)
FNDA:0,(anonymous_6)
FNDA:0,(anonymous_7)
FNDA:0,(anonymous_8)
FNDA:0,(anonymous_9)
FNDA:0,(anonymous_10)
FNDA:0,(anonymous_11)
FNDA:0,(anonymous_12)
DA:10,1
DA:11,1
DA:13,1
DA:14,1
DA:15,1
DA:21,1
DA:27,1
DA:28,1
DA:30,1
DA:31,0
DA:32,0
DA:33,0
DA:34,0
DA:41,0
DA:45,1
DA:46,1
DA:47,0
DA:52,1
DA:53,0
DA:59,1
DA:60,0
DA:66,1
DA:67,0
DA:68,0
DA:69,0
DA:71,0
DA:72,0
DA:78,0
DA:80,0
DA:82,0
DA:83,0
DA:86,0
DA:87,0
DA:91,0
DA:96,0
DA:101,1
DA:102,0
DA:104,0
DA:105,0
DA:106,0
DA:109,0
DA:110,0
DA:111,0
DA:114,0
DA:115,0
DA:117,0
DA:118,0
DA:123,0
DA:124,0
DA:125,0
DA:127,0
DA:132,0
DA:136,1
DA:137,0
DA:141,0
DA:143,0
DA:144,0
DA:145,0
DA:147,0
DA:154,1
DA:181,0
DA:251,0
DA:252,0
DA:277,0
DA:340,0
DA:341,0
LF:66
LH:17
BRDA:16,0,0,1
BRDA:16,0,1,1
BRDA:17,1,0,1
BRDA:17,1,1,1
BRDA:18,2,0,1
BRDA:18,2,1,1
BRDA:33,3,0,0
BRDA:33,3,1,0
BRDA:35,4,0,0
BRDA:35,4,1,0
BRDA:36,5,0,0
BRDA:36,5,1,0
BRDA:37,6,0,0
BRDA:37,6,1,0
BRDA:46,7,0,0
BRDA:46,7,1,1
BRDA:78,8,0,0
BRDA:78,8,1,0
BRDA:93,9,0,0
BRDA:93,9,1,0
BRDA:104,10,0,0
BRDA:104,10,1,0
BRDA:109,11,0,0
BRDA:109,11,1,0
BRDA:129,12,0,0
BRDA:129,12,1,0
BRDA:141,13,0,0
BRDA:141,13,1,0
BRDA:149,14,0,0
BRDA:149,14,1,0
BRDA:161,15,0,1
BRDA:161,15,1,1
BRDA:161,15,2,1
BRDA:168,16,0,1
BRDA:168,16,1,0
BRDA:178,17,0,1
BRDA:178,17,1,1
BRDA:188,18,0,1
BRDA:188,18,1,0
BRDA:192,19,0,1
BRDA:192,19,1,1
BRDA:197,20,0,1
BRDA:197,20,1,1
BRDA:263,21,0,0
BRDA:263,21,1,0
BRDA:274,22,0,1
BRDA:274,22,1,1
BRDA:284,23,0,1
BRDA:284,23,1,0
BRDA:352,24,0,0
BRDA:352,24,1,0
BRF:51
BRH:21
end_of_record
TN:
SF:src\pages\Register.jsx
FN:9,Register
FN:22,(anonymous_1)
FN:84,(anonymous_2)
FN:98,(anonymous_3)
FN:113,(anonymous_4)
FN:127,(anonymous_5)
FN:143,(anonymous_6)
FNF:7
FNH:1
FNDA:1,Register
FNDA:0,(anonymous_1)
FNDA:0,(anonymous_2)
FNDA:0,(anonymous_3)
FNDA:0,(anonymous_4)
FNDA:0,(anonymous_5)
FNDA:0,(anonymous_6)
DA:10,1
DA:17,1
DA:18,1
DA:19,1
DA:20,1
DA:22,1
DA:23,0
DA:24,0
DA:26,0
DA:27,0
DA:28,0
DA:31,0
DA:32,0
DA:33,0
DA:36,0
DA:38,0
DA:40,0
DA:47,0
DA:48,0
DA:49,0
DA:52,0
DA:54,0
DA:58,1
DA:84,0
DA:98,0
DA:113,0
DA:127,0
DA:143,0
LF:28
LH:7
BRDA:26,0,0,0
BRDA:26,0,1,0
BRDA:31,1,0,0
BRDA:31,1,1,0
BRDA:47,2,0,0
BRDA:47,2,1,0
BRDA:47,3,0,0
BRDA:47,3,1,0
BRDA:52,4,0,0
BRDA:52,4,1,0
BRDA:74,5,0,1
BRDA:74,5,1,0
BRDA:152,6,0,0
BRDA:152,6,1,1
BRF:14
BRH:2
end_of_record
TN:
SF:src\pages\Trips.jsx
FN:9,Trips
FN:47,(anonymous_1)
FN:61,(anonymous_2)
FN:66,(anonymous_3)
FN:73,(anonymous_4)
FN:125,(anonymous_5)
FN:152,(anonymous_6)
FN:163,(anonymous_7)
FN:200,(anonymous_8)
FN:216,(anonymous_9)
FN:236,(anonymous_10)
FN:250,(anonymous_11)
FN:261,(anonymous_12)
FN:266,(anonymous_13)
FN:282,(anonymous_14)
FN:288,(anonymous_15)
FN:294,(anonymous_16)
FN:306,(anonymous_17)
FN:314,(anonymous_18)
FN:320,(anonymous_19)
FN:326,(anonymous_20)
FN:345,(anonymous_21)
FN:374,(anonymous_22)
FN:380,(anonymous_23)
FN:387,(anonymous_24)
FN:396,(anonymous_25)
FN:454,(anonymous_26)
FN:496,(anonymous_27)
FN:499,(anonymous_28)
FN:527,(anonymous_29)
FN:530,(anonymous_30)
FNF:31
FNH:3
FNDA:1,Trips
FNDA:1,(anonymous_1)
FNDA:1,(anonymous_2)
FNDA:0,(anonymous_3)
FNDA:0,(anonymous_4)
FNDA:0,(anonymous_5)
FNDA:0,(anonymous_6)
FNDA:0,(anonymous_7)
FNDA:0,(anonymous_8)
FNDA:0,(anonymous_9)
FNDA:0,(anonymous_10)
FNDA:0,(anonymous_11)
FNDA:0,(anonymous_12)
FNDA:0,(anonymous_13)
FNDA:0,(anonymous_14)
FNDA:0,(anonymous_15)
FNDA:0,(anonymous_16)
FNDA:0,(anonymous_17)
FNDA:0,(anonymous_18)
FNDA:0,(anonymous_19)
FNDA:0,(anonymous_20)
FNDA:0,(anonymous_21)
FNDA:0,(anonymous_22)
FNDA:0,(anonymous_23)
FNDA:0,(anonymous_24)
FNDA:0,(anonymous_25)
FNDA:0,(anonymous_26)
FNDA:0,(anonymous_27)
FNDA:0,(anonymous_28)
FNDA:0,(anonymous_29)
FNDA:0,(anonymous_30)
DA:10,1
DA:11,1
DA:12,1
DA:13,1
DA:14,1
DA:15,1
DA:16,1
DA:18,1
DA:19,1
DA:20,1
DA:21,1
DA:23,1
DA:24,1
DA:25,1
DA:27,1
DA:40,1
DA:47,1
DA:48,1
DA:49,1
DA:51,1
DA:52,0
DA:54,0
DA:55,0
DA:57,0
DA:61,1
DA:62,1
DA:66,1
DA:67,0
DA:73,1
DA:74,0
DA:75,0
DA:76,0
DA:88,0
DA:89,0
DA:90,0
DA:97,0
DA:98,0
DA:110,0
DA:111,0
DA:112,0
DA:119,0
DA:120,0
DA:121,0
DA:122,0
DA:125,1
DA:126,0
DA:127,0
DA:128,0
DA:129,0
DA:130,0
DA:131,0
DA:132,0
DA:144,0
DA:152,1
DA:153,0
DA:154,0
DA:155,0
DA:163,1
DA:164,0
DA:166,0
DA:167,0
DA:176,0
DA:182,0
DA:183,0
DA:184,0
DA:186,0
DA:187,0
DA:190,0
DA:191,0
DA:193,0
DA:200,1
DA:201,0
DA:203,0
DA:204,0
DA:205,0
DA:206,0
DA:208,0
DA:216,1
DA:217,0
DA:218,0
DA:219,0
DA:222,0
DA:223,0
DA:224,0
DA:233,0
DA:235,0
DA:236,0
DA:242,0
DA:244,0
DA:246,0
DA:250,1
DA:251,0
DA:252,0
DA:253,0
DA:256,0
DA:257,0
DA:261,0
DA:262,0
DA:266,1
DA:268,0
DA:269,0
DA:270,0
DA:274,1
DA:282,1
DA:283,0
DA:284,0
DA:285,0
DA:288,0
DA:289,0
DA:291,0
DA:294,1
DA:295,0
DA:296,0
DA:297,0
DA:300,0
DA:301,0
DA:305,0
DA:306,0
DA:307,0
DA:310,0
DA:314,1
DA:315,0
DA:316,0
DA:317,0
DA:320,1
DA:321,0
DA:322,0
DA:323,0
DA:326,1
DA:327,0
DA:328,0
DA:329,0
DA:330,0
DA:331,0
DA:334,1
DA:345,0
DA:374,0
DA:381,0
DA:387,0
DA:396,0
DA:454,0
DA:497,0
DA:499,0
DA:528,0
DA:530,0
LF:145
LH:38
BRDA:73,0,0,0
BRDA:74,1,0,0
BRDA:74,1,1,0
BRDA:79,2,0,0
BRDA:79,2,1,0
BRDA:80,3,0,0
BRDA:80,3,1,0
BRDA:81,4,0,0
BRDA:81,4,1,0
BRDA:82,5,0,0
BRDA:82,5,1,0
BRDA:83,6,0,0
BRDA:83,6,1,0
BRDA:84,7,0,0
BRDA:84,7,1,0
BRDA:85,8,0,0
BRDA:85,8,1,0
BRDA:86,9,0,0
BRDA:86,9,1,0
BRDA:88,10,0,0
BRDA:88,10,1,0
BRDA:89,11,0,0
BRDA:89,11,1,0
BRDA:91,12,0,0
BRDA:91,12,1,0
BRDA:92,13,0,0
BRDA:92,13,1,0
BRDA:93,14,0,0
BRDA:93,14,1,0
BRDA:94,15,0,0
BRDA:94,15,1,0
BRDA:94,16,0,0
BRDA:94,16,1,0
BRDA:170,17,0,0
BRDA:170,17,1,0
BRDA:182,18,0,0
BRDA:182,18,1,0
BRDA:195,19,0,0
BRDA:195,19,1,0
BRDA:201,20,0,0
BRDA:201,20,1,0
BRDA:210,21,0,0
BRDA:210,21,1,0
BRDA:217,22,0,0
BRDA:217,22,1,0
BRDA:217,23,0,0
BRDA:217,23,1,0
BRDA:233,24,0,0
BRDA:233,24,1,0
BRDA:256,25,0,0
BRDA:256,25,1,0
BRDA:283,26,0,0
BRDA:283,26,1,0
BRDA:283,27,0,0
BRDA:283,27,1,0
BRDA:300,28,0,0
BRDA:300,28,1,0
BRDA:305,29,0,0
BRDA:305,29,1,0
BRDA:321,30,0,0
BRDA:321,30,1,0
BRDA:327,31,0,0
BRDA:327,31,1,0
BRDA:327,32,0,0
BRDA:327,32,1,0
BRDA:331,33,0,0
BRDA:331,33,1,0
BRDA:331,34,0,0
BRDA:331,34,1,0
BRDA:354,35,0,1
BRDA:354,35,1,0
BRDA:361,36,0,1
BRDA:361,36,1,0
BRDA:366,37,0,0
BRDA:366,37,1,0
BRDA:427,38,0,0
BRDA:427,38,1,0
BRDA:433,39,0,0
BRDA:433,39,1,0
BRDA:442,40,0,0
BRDA:442,40,1,0
BRDA:452,41,0,1
BRDA:452,41,1,0
BRDA:456,42,0,0
BRDA:456,42,1,0
BRDA:491,43,0,0
BRDA:491,43,1,0
BRDA:494,44,0,0
BRDA:494,44,1,0
BRDA:525,45,0,0
BRDA:525,45,1,0
BRDA:610,46,0,0
BRDA:610,46,1,0
BRF:93
BRH:3
end_of_record
TN:
SF:src\services\api.js
FN:13,(anonymous_0)
FN:20,(anonymous_1)
FN:27,(anonymous_2)
FN:30,(anonymous_3)
FNF:4
FNH:1
FNDA:7,(anonymous_0)
FNDA:0,(anonymous_1)
FNDA:0,(anonymous_2)
FNDA:0,(anonymous_3)
DA:4,9
DA:12,9
DA:14,7
DA:15,7
DA:16,0
DA:18,7
DA:21,0
DA:26,9
DA:28,0
DA:32,0
DA:34,0
DA:35,0
DA:38,0
DA:39,0
DA:43,0
LF:15
LH:6
BRDA:15,0,0,0
BRDA:15,0,1,7
BRDA:32,1,0,0
BRDA:32,1,1,0
BRDA:32,2,0,0
BRDA:32,2,1,0
BRDA:38,3,0,0
BRDA:38,3,1,0
BRF:8
BRH:1
end_of_record
TN:
SF:src\services\currencyService.js
FN:126,(anonymous_0)
FN:148,(anonymous_1)
FN:154,(anonymous_2)
FN:161,(anonymous_3)
FN:171,(anonymous_4)
FN:194,(anonymous_5)
FN:273,(anonymous_6)
FN:292,(anonymous_7)
FNF:8
FNH:2
FNDA:0,(anonymous_0)
FNDA:0,(anonymous_1)
FNDA:0,(anonymous_2)
FNDA:0,(anonymous_3)
FNDA:0,(anonymous_4)
FNDA:1,(anonymous_5)
FNDA:0,(anonymous_6)
FNDA:2,(anonymous_7)
DA:7,4
DA:10,4
DA:44,4
DA:55,4
DA:126,4
DA:127,0
DA:130,0
DA:131,0
DA:135,0
DA:136,0
DA:137,0
DA:138,0
DA:142,0
DA:148,4
DA:149,0
DA:150,0
DA:151,0
DA:153,0
DA:154,0
DA:157,0
DA:159,0
DA:161,0
DA:171,4
DA:172,0
DA:173,0
DA:174,0
DA:176,0
DA:177,0
DA:184,0
DA:186,0
DA:187,0
DA:194,4
DA:195,1
DA:196,1
DA:197,1
DA:207,0
DA:208,0
DA:211,0
DA:212,0
DA:213,0
DA:214,0
DA:215,0
DA:216,0
DA:228,0
DA:232,0
DA:241,0
DA:242,0
DA:243,0
DA:244,0
DA:245,0
DA:248,0
DA:249,0
DA:252,0
DA:254,0
DA:265,0
DA:266,0
DA:273,4
DA:274,0
DA:276,0
DA:277,0
DA:283,0
DA:285,0
DA:292,4
DA:293,2
LF:64
LH:14
BRDA:127,0,0,0
BRDA:127,0,1,0
BRDA:130,1,0,0
BRDA:130,1,1,0
BRDA:137,2,0,0
BRDA:137,2,1,0
BRDA:137,3,0,0
BRDA:137,3,1,0
BRDA:153,4,0,0
BRDA:153,4,1,0
BRDA:171,5,0,0
BRDA:176,6,0,0
BRDA:176,6,1,0
BRDA:176,7,0,0
BRDA:176,7,1,0
BRDA:196,8,0,1
BRDA:196,8,1,0
BRDA:211,9,0,0
BRDA:211,9,1,0
BRDA:213,10,0,0
BRDA:213,10,1,0
BRDA:213,11,0,0
BRDA:213,11,1,0
BRDA:213,11,2,0
BRDA:213,11,3,0
BRDA:242,12,0,0
BRDA:242,12,1,0
BRDA:242,13,0,0
BRDA:242,13,1,0
BRDA:244,14,0,0
BRDA:244,14,1,0
BRDA:244,15,0,0
BRDA:244,15,1,0
BRDA:273,16,0,0
BRDA:273,17,0,0
BRDA:274,18,0,0
BRDA:274,18,1,0
BRF:37
BRH:1
end_of_record
TN:
SF:src\services\itineraryService.js
FN:9,(anonymous_0)
FN:17,(anonymous_1)
FN:35,(anonymous_2)
FN:54,(anonymous_3)
FN:72,(anonymous_4)
FN:89,(anonymous_5)
FN:107,(anonymous_6)
FN:125,(anonymous_7)
FNF:8
FNH:0
FNDA:0,(anonymous_0)
FNDA:0,(anonymous_1)
FNDA:0,(anonymous_2)
FNDA:0,(anonymous_3)
FNDA:0,(anonymous_4)
FNDA:0,(anonymous_5)
FNDA:0,(anonymous_6)
FNDA:0,(anonymous_7)
DA:4,2
DA:9,2
DA:10,0
DA:11,0
DA:17,2
DA:18,0
DA:19,0
DA:35,2
DA:36,0
DA:37,0
DA:42,0
DA:44,0
DA:45,0
DA:54,2
DA:55,0
DA:56,0
DA:60,0
DA:62,0
DA:63,0
DA:72,2
DA:73,0
DA:74,0
DA:78,0
DA:80,0
DA:81,0
DA:89,2
DA:90,0
DA:91,0
DA:95,0
DA:97,0
DA:98,0
DA:107,2
DA:108,0
DA:109,0
DA:113,0
DA:115,0
DA:116,0
DA:125,2
DA:128,0
LF:39
LH:9
BRDA:45,0,0,0
BRDA:45,0,1,0
BRDA:63,1,0,0
BRDA:63,1,1,0
BRDA:81,2,0,0
BRDA:81,2,1,0
BRDA:98,3,0,0
BRDA:98,3,1,0
BRDA:116,4,0,0
BRDA:116,4,1,0
BRF:10
BRH:0
end_of_record
TN:
SF:src\services\tripService.js
FN:6,(anonymous_0)
FN:12,(anonymous_1)
FN:18,(anonymous_2)
FN:20,(anonymous_3)
FN:24,(anonymous_4)
FN:30,(anonymous_5)
FN:36,(anonymous_6)
FNF:7
FNH:7
FNDA:5,(anonymous_0)
FNDA:2,(anonymous_1)
FNDA:2,(anonymous_2)
FNDA:3,(anonymous_3)
FNDA:1,(anonymous_4)
FNDA:1,(anonymous_5)
FNDA:1,(anonymous_6)
DA:4,5
DA:7,5
DA:8,3
DA:13,2
DA:14,2
DA:19,2
DA:20,3
DA:25,1
DA:26,1
DA:31,1
DA:32,1
DA:37,1
DA:38,1
LF:13
LH:13
BRF:0
BRH:0
end_of_record
TN:
SF:src\services\weatherService.js
FN:6,(anonymous_0)
FN:20,(anonymous_1)
FN:26,(anonymous_2)
FN:32,(anonymous_3)
FN:38,(anonymous_4)
FNF:5
FNH:0
FNDA:0,(anonymous_0)
FNDA:0,(anonymous_1)
FNDA:0,(anonymous_2)
FNDA:0,(anonymous_3)
FNDA:0,(anonymous_4)
DA:4,1
DA:8,0
DA:9,0
DA:16,0
DA:21,0
DA:22,0
DA:27,0
DA:28,0
DA:33,0
DA:34,0
DA:39,0
DA:40,0
LF:12
LH:1
BRF:0
BRH:0
end_of_record
