{"C:\\Users\\patri\\OneDrive\\Escritorio\\TravelBrain\\business-rules-backend\\src\\app.js": {"path":"C:\\Users\\patri\\OneDrive\\Escritorio\\TravelBrain\\business-rules-backend\\src\\app.js","statementMap":{"0":{"start":{"line":1,"column":16},"end":{"line":1,"column":34}},"1":{"start":{"line":2,"column":13},"end":{"line":2,"column":28}},"2":{"start":{"line":3,"column":15},"end":{"line":3,"column":38}},"3":{"start":{"line":4,"column":28},"end":{"line":4,"column":67}},"4":{"start":{"line":6,"column":12},"end":{"line":6,"column":21}},"5":{"start":{"line":9,"column":0},"end":{"line":12,"column":4}},"6":{"start":{"line":14,"column":0},"end":{"line":14,"column":24}},"7":{"start":{"line":15,"column":0},"end":{"line":15,"column":48}},"8":{"start":{"line":18,"column":0},"end":{"line":21,"column":3}},"9":{"start":{"line":19,"column":2},"end":{"line":19,"column":72}},"10":{"start":{"line":20,"column":2},"end":{"line":20,"column":9}},"11":{"start":{"line":24,"column":0},"end":{"line":30,"column":3}},"12":{"start":{"line":25,"column":2},"end":{"line":29,"column":5}},"13":{"start":{"line":33,"column":0},"end":{"line":44,"column":3}},"14":{"start":{"line":34,"column":2},"end":{"line":43,"column":5}},"15":{"start":{"line":47,"column":0},"end":{"line":47,"column":34}},"16":{"start":{"line":50,"column":0},"end":{"line":55,"column":3}},"17":{"start":{"line":51,"column":2},"end":{"line":54,"column":5}},"18":{"start":{"line":58,"column":0},"end":{"line":65,"column":3}},"19":{"start":{"line":59,"column":2},"end":{"line":59,"column":31}},"20":{"start":{"line":60,"column":2},"end":{"line":64,"column":5}},"21":{"start":{"line":67,"column":0},"end":{"line":67,"column":21}}},"fnMap":{"0":{"name":"(anonymous_0)","decl":{"start":{"line":18,"column":8},"end":{"line":18,"column":9}},"loc":{"start":{"line":18,"column":28},"end":{"line":21,"column":1}},"line":18},"1":{"name":"(anonymous_1)","decl":{"start":{"line":24,"column":19},"end":{"line":24,"column":20}},"loc":{"start":{"line":24,"column":33},"end":{"line":30,"column":1}},"line":24},"2":{"name":"(anonymous_2)","decl":{"start":{"line":33,"column":13},"end":{"line":33,"column":14}},"loc":{"start":{"line":33,"column":27},"end":{"line":44,"column":1}},"line":33},"3":{"name":"(anonymous_3)","decl":{"start":{"line":50,"column":8},"end":{"line":50,"column":9}},"loc":{"start":{"line":50,"column":22},"end":{"line":55,"column":1}},"line":50},"4":{"name":"(anonymous_4)","decl":{"start":{"line":58,"column":8},"end":{"line":58,"column":9}},"loc":{"start":{"line":58,"column":33},"end":{"line":65,"column":1}},"line":58}},"branchMap":{"0":{"loc":{"start":{"line":63,"column":8},"end":{"line":63,"column":64}},"type":"binary-expr","locations":[{"start":{"line":63,"column":8},"end":{"line":63,"column":40}},{"start":{"line":63,"column":44},"end":{"line":63,"column":64}}],"line":63}},"s":{"0":3,"1":3,"2":3,"3":3,"4":3,"5":3,"6":3,"7":3,"8":3,"9":4,"10":4,"11":3,"12":0,"13":3,"14":0,"15":3,"16":3,"17":4,"18":3,"19":0,"20":0,"21":3},"f":{"0":4,"1":0,"2":0,"3":4,"4":0},"b":{"0":[0,0]},"_coverageSchema":"1a1c01bbd47fc00a2c39e90264f33305004495a9","hash":"8fc76b737c23428dc60d8cff836357cd9d775cfa"}
,"C:\\Users\\patri\\OneDrive\\Escritorio\\TravelBrain\\business-rules-backend\\src\\config\\env.js": {"path":"C:\\Users\\patri\\OneDrive\\Escritorio\\TravelBrain\\business-rules-backend\\src\\config\\env.js","statementMap":{"0":{"start":{"line":1,"column":0},"end":{"line":1,"column":27}},"1":{"start":{"line":3,"column":0},"end":{"line":10,"column":2}}},"fnMap":{},"branchMap":{"0":{"loc":{"start":{"line":4,"column":8},"end":{"line":4,"column":32}},"type":"binary-expr","locations":[{"start":{"line":4,"column":8},"end":{"line":4,"column":24}},{"start":{"line":4,"column":28},"end":{"line":4,"column":32}}],"line":4},"1":{"loc":{"start":{"line":5,"column":11},"end":{"line":5,"column":48}},"type":"binary-expr","locations":[{"start":{"line":5,"column":11},"end":{"line":5,"column":31}},{"start":{"line":5,"column":35},"end":{"line":5,"column":48}}],"line":5},"2":{"loc":{"start":{"line":6,"column":15},"end":{"line":8,"column":81}},"type":"cond-expr","locations":[{"start":{"line":7,"column":6},"end":{"line":7,"column":41}},{"start":{"line":8,"column":6},"end":{"line":8,"column":81}}],"line":6},"3":{"loc":{"start":{"line":9,"column":15},"end":{"line":9,"column":62}},"type":"binary-expr","locations":[{"start":{"line":9,"column":15},"end":{"line":9,"column":39}},{"start":{"line":9,"column":43},"end":{"line":9,"column":62}}],"line":9}},"s":{"0":3,"1":3},"f":{},"b":{"0":[3,0],"1":[3,0],"2":[3,0],"3":[3,0]},"_coverageSchema":"1a1c01bbd47fc00a2c39e90264f33305004495a9","hash":"60cfd019ecf17cf30208aeb7eec2cf5434148920"}
,"C:\\Users\\patri\\OneDrive\\Escritorio\\TravelBrain\\business-rules-backend\\src\\controllers\\businessRulesController.js": {"path":"C:\\Users\\patri\\OneDrive\\Escritorio\\TravelBrain\\business-rules-backend\\src\\controllers\\businessRulesController.js","statementMap":{"0":{"start":{"line":1,"column":26},"end":{"line":1,"column":66}},"1":{"start":{"line":2,"column":26},"end":{"line":2,"column":66}},"2":{"start":{"line":3,"column":33},"end":{"line":3,"column":80}},"3":{"start":{"line":4,"column":27},"end":{"line":4,"column":68}},"4":{"start":{"line":5,"column":31},"end":{"line":5,"column":76}},"5":{"start":{"line":10,"column":0},"end":{"line":20,"column":2}},"6":{"start":{"line":11,"column":2},"end":{"line":19,"column":3}},"7":{"start":{"line":12,"column":19},"end":{"line":12,"column":67}},"8":{"start":{"line":13,"column":4},"end":{"line":13,"column":21}},"9":{"start":{"line":15,"column":4},"end":{"line":18,"column":7}},"10":{"start":{"line":23,"column":0},"end":{"line":33,"column":2}},"11":{"start":{"line":24,"column":2},"end":{"line":32,"column":3}},"12":{"start":{"line":25,"column":19},"end":{"line":25,"column":68}},"13":{"start":{"line":26,"column":4},"end":{"line":26,"column":21}},"14":{"start":{"line":28,"column":4},"end":{"line":31,"column":7}},"15":{"start":{"line":35,"column":0},"end":{"line":45,"column":2}},"16":{"start":{"line":36,"column":2},"end":{"line":44,"column":3}},"17":{"start":{"line":37,"column":19},"end":{"line":37,"column":61}},"18":{"start":{"line":38,"column":4},"end":{"line":38,"column":21}},"19":{"start":{"line":40,"column":4},"end":{"line":43,"column":7}},"20":{"start":{"line":50,"column":0},"end":{"line":60,"column":2}},"21":{"start":{"line":51,"column":2},"end":{"line":59,"column":3}},"22":{"start":{"line":52,"column":19},"end":{"line":52,"column":63}},"23":{"start":{"line":53,"column":4},"end":{"line":53,"column":21}},"24":{"start":{"line":55,"column":4},"end":{"line":58,"column":7}},"25":{"start":{"line":63,"column":0},"end":{"line":73,"column":2}},"26":{"start":{"line":64,"column":2},"end":{"line":72,"column":3}},"27":{"start":{"line":65,"column":19},"end":{"line":65,"column":64}},"28":{"start":{"line":66,"column":4},"end":{"line":66,"column":21}},"29":{"start":{"line":68,"column":4},"end":{"line":71,"column":7}},"30":{"start":{"line":75,"column":0},"end":{"line":85,"column":2}},"31":{"start":{"line":76,"column":2},"end":{"line":84,"column":3}},"32":{"start":{"line":77,"column":19},"end":{"line":77,"column":61}},"33":{"start":{"line":78,"column":4},"end":{"line":78,"column":21}},"34":{"start":{"line":80,"column":4},"end":{"line":83,"column":7}},"35":{"start":{"line":87,"column":0},"end":{"line":98,"column":2}},"36":{"start":{"line":88,"column":2},"end":{"line":97,"column":3}},"37":{"start":{"line":89,"column":35},"end":{"line":89,"column":43}},"38":{"start":{"line":90,"column":21},"end":{"line":90,"column":76}},"39":{"start":{"line":91,"column":4},"end":{"line":91,"column":27}},"40":{"start":{"line":93,"column":4},"end":{"line":96,"column":7}},"41":{"start":{"line":103,"column":0},"end":{"line":113,"column":2}},"42":{"start":{"line":104,"column":2},"end":{"line":112,"column":3}},"43":{"start":{"line":105,"column":19},"end":{"line":105,"column":70}},"44":{"start":{"line":106,"column":4},"end":{"line":106,"column":21}},"45":{"start":{"line":108,"column":4},"end":{"line":111,"column":7}},"46":{"start":{"line":116,"column":0},"end":{"line":126,"column":2}},"47":{"start":{"line":117,"column":2},"end":{"line":125,"column":3}},"48":{"start":{"line":118,"column":19},"end":{"line":118,"column":71}},"49":{"start":{"line":119,"column":4},"end":{"line":119,"column":21}},"50":{"start":{"line":121,"column":4},"end":{"line":124,"column":7}},"51":{"start":{"line":128,"column":0},"end":{"line":138,"column":2}},"52":{"start":{"line":129,"column":2},"end":{"line":137,"column":3}},"53":{"start":{"line":130,"column":19},"end":{"line":130,"column":68}},"54":{"start":{"line":131,"column":4},"end":{"line":131,"column":21}},"55":{"start":{"line":133,"column":4},"end":{"line":136,"column":7}},"56":{"start":{"line":140,"column":0},"end":{"line":151,"column":2}},"57":{"start":{"line":141,"column":2},"end":{"line":150,"column":3}},"58":{"start":{"line":142,"column":25},"end":{"line":142,"column":33}},"59":{"start":{"line":143,"column":19},"end":{"line":143,"column":77}},"60":{"start":{"line":144,"column":4},"end":{"line":144,"column":21}},"61":{"start":{"line":146,"column":4},"end":{"line":149,"column":7}},"62":{"start":{"line":153,"column":0},"end":{"line":164,"column":2}},"63":{"start":{"line":154,"column":2},"end":{"line":163,"column":3}},"64":{"start":{"line":155,"column":39},"end":{"line":155,"column":47}},"65":{"start":{"line":156,"column":21},"end":{"line":156,"column":87}},"66":{"start":{"line":157,"column":4},"end":{"line":157,"column":27}},"67":{"start":{"line":159,"column":4},"end":{"line":162,"column":7}},"68":{"start":{"line":169,"column":0},"end":{"line":179,"column":2}},"69":{"start":{"line":170,"column":2},"end":{"line":178,"column":3}},"70":{"start":{"line":171,"column":19},"end":{"line":171,"column":64}},"71":{"start":{"line":172,"column":4},"end":{"line":172,"column":21}},"72":{"start":{"line":174,"column":4},"end":{"line":177,"column":7}},"73":{"start":{"line":181,"column":0},"end":{"line":191,"column":2}},"74":{"start":{"line":182,"column":2},"end":{"line":190,"column":3}},"75":{"start":{"line":183,"column":19},"end":{"line":183,"column":62}},"76":{"start":{"line":184,"column":4},"end":{"line":184,"column":21}},"77":{"start":{"line":186,"column":4},"end":{"line":189,"column":7}},"78":{"start":{"line":196,"column":0},"end":{"line":207,"column":2}},"79":{"start":{"line":197,"column":2},"end":{"line":206,"column":3}},"80":{"start":{"line":198,"column":51},"end":{"line":198,"column":59}},"81":{"start":{"line":199,"column":19},"end":{"line":199,"column":95}},"82":{"start":{"line":200,"column":4},"end":{"line":200,"column":21}},"83":{"start":{"line":202,"column":4},"end":{"line":205,"column":7}},"84":{"start":{"line":209,"column":0},"end":{"line":220,"column":2}},"85":{"start":{"line":210,"column":2},"end":{"line":219,"column":3}},"86":{"start":{"line":211,"column":29},"end":{"line":211,"column":37}},"87":{"start":{"line":212,"column":23},"end":{"line":212,"column":76}},"88":{"start":{"line":213,"column":4},"end":{"line":213,"column":29}},"89":{"start":{"line":215,"column":4},"end":{"line":218,"column":7}},"90":{"start":{"line":222,"column":0},"end":{"line":232,"column":2}},"91":{"start":{"line":223,"column":2},"end":{"line":231,"column":3}},"92":{"start":{"line":224,"column":46},"end":{"line":224,"column":54}},"93":{"start":{"line":225,"column":22},"end":{"line":225,"column":100}},"94":{"start":{"line":226,"column":4},"end":{"line":226,"column":24}},"95":{"start":{"line":228,"column":4},"end":{"line":230,"column":7}},"96":{"start":{"line":234,"column":0},"end":{"line":244,"column":2}},"97":{"start":{"line":235,"column":2},"end":{"line":243,"column":3}},"98":{"start":{"line":236,"column":19},"end":{"line":236,"column":76}},"99":{"start":{"line":237,"column":4},"end":{"line":237,"column":21}},"100":{"start":{"line":239,"column":4},"end":{"line":242,"column":7}},"101":{"start":{"line":246,"column":0},"end":{"line":256,"column":2}},"102":{"start":{"line":247,"column":2},"end":{"line":255,"column":3}},"103":{"start":{"line":248,"column":22},"end":{"line":248,"column":67}},"104":{"start":{"line":249,"column":4},"end":{"line":249,"column":28}},"105":{"start":{"line":251,"column":4},"end":{"line":254,"column":7}}},"fnMap":{"0":{"name":"(anonymous_0)","decl":{"start":{"line":10,"column":35},"end":{"line":10,"column":36}},"loc":{"start":{"line":10,"column":49},"end":{"line":20,"column":1}},"line":10},"1":{"name":"(anonymous_1)","decl":{"start":{"line":23,"column":38},"end":{"line":23,"column":39}},"loc":{"start":{"line":23,"column":52},"end":{"line":33,"column":1}},"line":23},"2":{"name":"(anonymous_2)","decl":{"start":{"line":35,"column":29},"end":{"line":35,"column":30}},"loc":{"start":{"line":35,"column":43},"end":{"line":45,"column":1}},"line":35},"3":{"name":"(anonymous_3)","decl":{"start":{"line":50,"column":31},"end":{"line":50,"column":32}},"loc":{"start":{"line":50,"column":45},"end":{"line":60,"column":1}},"line":50},"4":{"name":"(anonymous_4)","decl":{"start":{"line":63,"column":34},"end":{"line":63,"column":35}},"loc":{"start":{"line":63,"column":48},"end":{"line":73,"column":1}},"line":63},"5":{"name":"(anonymous_5)","decl":{"start":{"line":75,"column":29},"end":{"line":75,"column":30}},"loc":{"start":{"line":75,"column":43},"end":{"line":85,"column":1}},"line":75},"6":{"name":"(anonymous_6)","decl":{"start":{"line":87,"column":32},"end":{"line":87,"column":33}},"loc":{"start":{"line":87,"column":46},"end":{"line":98,"column":1}},"line":87},"7":{"name":"(anonymous_7)","decl":{"start":{"line":103,"column":38},"end":{"line":103,"column":39}},"loc":{"start":{"line":103,"column":52},"end":{"line":113,"column":1}},"line":103},"8":{"name":"(anonymous_8)","decl":{"start":{"line":116,"column":41},"end":{"line":116,"column":42}},"loc":{"start":{"line":116,"column":55},"end":{"line":126,"column":1}},"line":116},"9":{"name":"(anonymous_9)","decl":{"start":{"line":128,"column":36},"end":{"line":128,"column":37}},"loc":{"start":{"line":128,"column":50},"end":{"line":138,"column":1}},"line":128},"10":{"name":"(anonymous_10)","decl":{"start":{"line":140,"column":30},"end":{"line":140,"column":31}},"loc":{"start":{"line":140,"column":44},"end":{"line":151,"column":1}},"line":140},"11":{"name":"(anonymous_11)","decl":{"start":{"line":153,"column":28},"end":{"line":153,"column":29}},"loc":{"start":{"line":153,"column":42},"end":{"line":164,"column":1}},"line":153},"12":{"name":"(anonymous_12)","decl":{"start":{"line":169,"column":32},"end":{"line":169,"column":33}},"loc":{"start":{"line":169,"column":46},"end":{"line":179,"column":1}},"line":169},"13":{"name":"(anonymous_13)","decl":{"start":{"line":181,"column":30},"end":{"line":181,"column":31}},"loc":{"start":{"line":181,"column":44},"end":{"line":191,"column":1}},"line":181},"14":{"name":"(anonymous_14)","decl":{"start":{"line":196,"column":28},"end":{"line":196,"column":29}},"loc":{"start":{"line":196,"column":42},"end":{"line":207,"column":1}},"line":196},"15":{"name":"(anonymous_15)","decl":{"start":{"line":209,"column":27},"end":{"line":209,"column":28}},"loc":{"start":{"line":209,"column":41},"end":{"line":220,"column":1}},"line":209},"16":{"name":"(anonymous_16)","decl":{"start":{"line":222,"column":35},"end":{"line":222,"column":36}},"loc":{"start":{"line":222,"column":49},"end":{"line":232,"column":1}},"line":222},"17":{"name":"(anonymous_17)","decl":{"start":{"line":234,"column":35},"end":{"line":234,"column":36}},"loc":{"start":{"line":234,"column":49},"end":{"line":244,"column":1}},"line":234},"18":{"name":"(anonymous_18)","decl":{"start":{"line":246,"column":31},"end":{"line":246,"column":32}},"loc":{"start":{"line":246,"column":45},"end":{"line":256,"column":1}},"line":246}},"branchMap":{},"s":{"0":3,"1":3,"2":3,"3":3,"4":3,"5":3,"6":0,"7":0,"8":0,"9":0,"10":3,"11":0,"12":0,"13":0,"14":0,"15":3,"16":0,"17":0,"18":0,"19":0,"20":3,"21":0,"22":0,"23":0,"24":0,"25":3,"26":0,"27":0,"28":0,"29":0,"30":3,"31":0,"32":0,"33":0,"34":0,"35":3,"36":0,"37":0,"38":0,"39":0,"40":0,"41":3,"42":0,"43":0,"44":0,"45":0,"46":3,"47":0,"48":0,"49":0,"50":0,"51":3,"52":0,"53":0,"54":0,"55":0,"56":3,"57":0,"58":0,"59":0,"60":0,"61":0,"62":3,"63":0,"64":0,"65":0,"66":0,"67":0,"68":3,"69":0,"70":0,"71":0,"72":0,"73":3,"74":0,"75":0,"76":0,"77":0,"78":3,"79":0,"80":0,"81":0,"82":0,"83":0,"84":3,"85":0,"86":0,"87":0,"88":0,"89":0,"90":3,"91":0,"92":0,"93":0,"94":0,"95":0,"96":3,"97":0,"98":0,"99":0,"100":0,"101":3,"102":0,"103":0,"104":0,"105":0},"f":{"0":0,"1":0,"2":0,"3":0,"4":0,"5":0,"6":0,"7":0,"8":0,"9":0,"10":0,"11":0,"12":0,"13":0,"14":0,"15":0,"16":0,"17":0,"18":0},"b":{},"_coverageSchema":"1a1c01bbd47fc00a2c39e90264f33305004495a9","hash":"8cbb39da6a854c07ad4eb34117eb7798f1f58e97"}
,"C:\\Users\\patri\\OneDrive\\Escritorio\\TravelBrain\\business-rules-backend\\src\\routes\\businessRulesRoutes.js": {"path":"C:\\Users\\patri\\OneDrive\\Escritorio\\TravelBrain\\business-rules-backend\\src\\routes\\businessRulesRoutes.js","statementMap":{"0":{"start":{"line":3,"column":16},"end":{"line":3,"column":34}},"1":{"start":{"line":4,"column":15},"end":{"line":4,"column":31}},"2":{"start":{"line":5,"column":19},"end":{"line":5,"column":68}},"3":{"start":{"line":8,"column":19},"end":{"line":13,"column":1}},"4":{"start":{"line":9,"column":2},"end":{"line":12,"column":5}},"5":{"start":{"line":16,"column":0},"end":{"line":16,"column":83}},"6":{"start":{"line":17,"column":0},"end":{"line":17,"column":49}},"7":{"start":{"line":20,"column":0},"end":{"line":20,"column":75}},"8":{"start":{"line":21,"column":0},"end":{"line":21,"column":49}},"9":{"start":{"line":22,"column":0},"end":{"line":22,"column":52}},"10":{"start":{"line":25,"column":0},"end":{"line":25,"column":89}},"11":{"start":{"line":26,"column":0},"end":{"line":26,"column":56}},"12":{"start":{"line":27,"column":0},"end":{"line":27,"column":61}},"13":{"start":{"line":28,"column":0},"end":{"line":28,"column":59}},"14":{"start":{"line":31,"column":0},"end":{"line":31,"column":52}},"15":{"start":{"line":32,"column":0},"end":{"line":32,"column":50}},"16":{"start":{"line":35,"column":0},"end":{"line":35,"column":48}},"17":{"start":{"line":36,"column":0},"end":{"line":36,"column":58}},"18":{"start":{"line":37,"column":0},"end":{"line":37,"column":66}},"19":{"start":{"line":38,"column":0},"end":{"line":38,"column":56}},"20":{"start":{"line":41,"column":0},"end":{"line":41,"column":81}},"21":{"start":{"line":42,"column":0},"end":{"line":42,"column":69}},"22":{"start":{"line":45,"column":0},"end":{"line":45,"column":73}},"23":{"start":{"line":46,"column":0},"end":{"line":46,"column":69}},"24":{"start":{"line":47,"column":0},"end":{"line":47,"column":75}},"25":{"start":{"line":50,"column":0},"end":{"line":50,"column":87}},"26":{"start":{"line":51,"column":0},"end":{"line":51,"column":83}},"27":{"start":{"line":52,"column":0},"end":{"line":52,"column":82}},"28":{"start":{"line":53,"column":0},"end":{"line":53,"column":78}},"29":{"start":{"line":56,"column":0},"end":{"line":56,"column":75}},"30":{"start":{"line":57,"column":0},"end":{"line":57,"column":71}},"31":{"start":{"line":60,"column":0},"end":{"line":60,"column":67}},"32":{"start":{"line":61,"column":0},"end":{"line":61,"column":76}},"33":{"start":{"line":62,"column":0},"end":{"line":62,"column":92}},"34":{"start":{"line":63,"column":0},"end":{"line":63,"column":82}},"35":{"start":{"line":64,"column":0},"end":{"line":64,"column":79}},"36":{"start":{"line":66,"column":0},"end":{"line":66,"column":24}},"37":{"start":{"line":68,"column":0},"end":{"line":76,"column":3}},"38":{"start":{"line":69,"column":2},"end":{"line":75,"column":5}}},"fnMap":{"0":{"name":"(anonymous_0)","decl":{"start":{"line":8,"column":19},"end":{"line":8,"column":20}},"loc":{"start":{"line":8,"column":33},"end":{"line":13,"column":1}},"line":8},"1":{"name":"(anonymous_1)","decl":{"start":{"line":68,"column":39},"end":{"line":68,"column":40}},"loc":{"start":{"line":68,"column":53},"end":{"line":76,"column":1}},"line":68}},"branchMap":{},"s":{"0":3,"1":3,"2":3,"3":3,"4":0,"5":3,"6":3,"7":3,"8":3,"9":3,"10":3,"11":3,"12":3,"13":3,"14":3,"15":3,"16":3,"17":3,"18":3,"19":3,"20":3,"21":3,"22":3,"23":3,"24":3,"25":3,"26":3,"27":3,"28":3,"29":3,"30":3,"31":3,"32":3,"33":3,"34":3,"35":3,"36":3,"37":3,"38":0},"f":{"0":0,"1":0},"b":{},"_coverageSchema":"1a1c01bbd47fc00a2c39e90264f33305004495a9","hash":"5356eedb26fa9f91f86a3b1fcfa7a56781bfb87f"}
,"C:\\Users\\patri\\OneDrive\\Escritorio\\TravelBrain\\business-rules-backend\\src\\services\\destinationBusinessRules.js": {"path":"C:\\Users\\patri\\OneDrive\\Escritorio\\TravelBrain\\business-rules-backend\\src\\services\\destinationBusinessRules.js","statementMap":{"0":{"start":{"line":11,"column":19},"end":{"line":11,"column":21}},"1":{"start":{"line":13,"column":4},"end":{"line":19,"column":5}},"2":{"start":{"line":14,"column":6},"end":{"line":18,"column":9}},"3":{"start":{"line":21,"column":4},"end":{"line":21,"column":50}},"4":{"start":{"line":28,"column":19},"end":{"line":28,"column":21}},"5":{"start":{"line":30,"column":4},"end":{"line":36,"column":5}},"6":{"start":{"line":31,"column":6},"end":{"line":35,"column":9}},"7":{"start":{"line":38,"column":4},"end":{"line":38,"column":50}},"8":{"start":{"line":47,"column":19},"end":{"line":47,"column":21}},"9":{"start":{"line":49,"column":4},"end":{"line":70,"column":5}},"10":{"start":{"line":50,"column":6},"end":{"line":54,"column":9}},"11":{"start":{"line":56,"column":23},"end":{"line":56,"column":34}},"12":{"start":{"line":57,"column":6},"end":{"line":69,"column":7}},"13":{"start":{"line":58,"column":8},"end":{"line":62,"column":11}},"14":{"start":{"line":63,"column":13},"end":{"line":69,"column":7}},"15":{"start":{"line":64,"column":8},"end":{"line":68,"column":11}},"16":{"start":{"line":72,"column":4},"end":{"line":93,"column":5}},"17":{"start":{"line":73,"column":6},"end":{"line":77,"column":9}},"18":{"start":{"line":79,"column":24},"end":{"line":79,"column":35}},"19":{"start":{"line":80,"column":6},"end":{"line":92,"column":7}},"20":{"start":{"line":81,"column":8},"end":{"line":85,"column":11}},"21":{"start":{"line":86,"column":13},"end":{"line":92,"column":7}},"22":{"start":{"line":87,"column":8},"end":{"line":91,"column":11}},"23":{"start":{"line":95,"column":4},"end":{"line":95,"column":50}},"24":{"start":{"line":103,"column":4},"end":{"line":103,"column":39}},"25":{"start":{"line":110,"column":19},"end":{"line":110,"column":21}},"26":{"start":{"line":113,"column":4},"end":{"line":119,"column":5}},"27":{"start":{"line":117,"column":6},"end":{"line":117,"column":45}},"28":{"start":{"line":118,"column":6},"end":{"line":118,"column":42}},"29":{"start":{"line":122,"column":27},"end":{"line":122,"column":66}},"30":{"start":{"line":123,"column":4},"end":{"line":125,"column":5}},"31":{"start":{"line":124,"column":6},"end":{"line":124,"column":44}},"32":{"start":{"line":128,"column":30},"end":{"line":128,"column":75}},"33":{"start":{"line":129,"column":4},"end":{"line":131,"column":5}},"34":{"start":{"line":130,"column":6},"end":{"line":130,"column":47}},"35":{"start":{"line":134,"column":34},"end":{"line":137,"column":5}},"36":{"start":{"line":138,"column":4},"end":{"line":140,"column":5}},"37":{"start":{"line":139,"column":6},"end":{"line":139,"column":51}},"38":{"start":{"line":145,"column":29},"end":{"line":145,"column":72}},"39":{"start":{"line":146,"column":4},"end":{"line":148,"column":5}},"40":{"start":{"line":147,"column":6},"end":{"line":147,"column":46}},"41":{"start":{"line":150,"column":4},"end":{"line":154,"column":6}},"42":{"start":{"line":161,"column":19},"end":{"line":161,"column":21}},"43":{"start":{"line":164,"column":4},"end":{"line":169,"column":5}},"44":{"start":{"line":165,"column":6},"end":{"line":165,"column":45}},"45":{"start":{"line":166,"column":6},"end":{"line":168,"column":7}},"46":{"start":{"line":167,"column":8},"end":{"line":167,"column":44}},"47":{"start":{"line":172,"column":4},"end":{"line":177,"column":5}},"48":{"start":{"line":173,"column":29},"end":{"line":173,"column":68}},"49":{"start":{"line":174,"column":6},"end":{"line":176,"column":7}},"50":{"start":{"line":175,"column":8},"end":{"line":175,"column":46}},"51":{"start":{"line":179,"column":4},"end":{"line":184,"column":5}},"52":{"start":{"line":180,"column":32},"end":{"line":180,"column":77}},"53":{"start":{"line":181,"column":6},"end":{"line":183,"column":7}},"54":{"start":{"line":182,"column":8},"end":{"line":182,"column":49}},"55":{"start":{"line":186,"column":4},"end":{"line":194,"column":5}},"56":{"start":{"line":187,"column":36},"end":{"line":190,"column":7}},"57":{"start":{"line":191,"column":6},"end":{"line":193,"column":7}},"58":{"start":{"line":192,"column":8},"end":{"line":192,"column":53}},"59":{"start":{"line":196,"column":4},"end":{"line":199,"column":6}},"60":{"start":{"line":206,"column":4},"end":{"line":206,"column":46}},"61":{"start":{"line":214,"column":4},"end":{"line":228,"column":6}},"62":{"start":{"line":236,"column":14},"end":{"line":236,"column":18}},"63":{"start":{"line":237,"column":17},"end":{"line":237,"column":44}},"64":{"start":{"line":238,"column":17},"end":{"line":238,"column":44}},"65":{"start":{"line":241,"column":6},"end":{"line":243,"column":45}},"66":{"start":{"line":245,"column":14},"end":{"line":245,"column":60}},"67":{"start":{"line":246,"column":21},"end":{"line":246,"column":26}},"68":{"start":{"line":248,"column":4},"end":{"line":248,"column":20}},"69":{"start":{"line":252,"column":4},"end":{"line":252,"column":37}},"70":{"start":{"line":256,"column":0},"end":{"line":256,"column":48}}},"fnMap":{"0":{"name":"(anonymous_0)","decl":{"start":{"line":10,"column":2},"end":{"line":10,"column":3}},"loc":{"start":{"line":10,"column":21},"end":{"line":22,"column":3}},"line":10},"1":{"name":"(anonymous_1)","decl":{"start":{"line":27,"column":2},"end":{"line":27,"column":3}},"loc":{"start":{"line":27,"column":27},"end":{"line":39,"column":3}},"line":27},"2":{"name":"(anonymous_2)","decl":{"start":{"line":46,"column":2},"end":{"line":46,"column":3}},"loc":{"start":{"line":46,"column":32},"end":{"line":96,"column":3}},"line":46},"3":{"name":"(anonymous_3)","decl":{"start":{"line":101,"column":2},"end":{"line":101,"column":3}},"loc":{"start":{"line":101,"column":25},"end":{"line":104,"column":3}},"line":101},"4":{"name":"(anonymous_4)","decl":{"start":{"line":109,"column":2},"end":{"line":109,"column":3}},"loc":{"start":{"line":109,"column":36},"end":{"line":155,"column":3}},"line":109},"5":{"name":"(anonymous_5)","decl":{"start":{"line":160,"column":2},"end":{"line":160,"column":3}},"loc":{"start":{"line":160,"column":34},"end":{"line":200,"column":3}},"line":160},"6":{"name":"(anonymous_6)","decl":{"start":{"line":205,"column":2},"end":{"line":205,"column":3}},"loc":{"start":{"line":205,"column":36},"end":{"line":207,"column":3}},"line":205},"7":{"name":"(anonymous_7)","decl":{"start":{"line":213,"column":2},"end":{"line":213,"column":3}},"loc":{"start":{"line":213,"column":28},"end":{"line":229,"column":3}},"line":213},"8":{"name":"(anonymous_8)","decl":{"start":{"line":235,"column":2},"end":{"line":235,"column":3}},"loc":{"start":{"line":235,"column":44},"end":{"line":249,"column":3}},"line":235},"9":{"name":"(anonymous_9)","decl":{"start":{"line":251,"column":2},"end":{"line":251,"column":3}},"loc":{"start":{"line":251,"column":21},"end":{"line":253,"column":3}},"line":251}},"branchMap":{"0":{"loc":{"start":{"line":13,"column":4},"end":{"line":19,"column":5}},"type":"if","locations":[{"start":{"line":13,"column":4},"end":{"line":19,"column":5}},{"start":{},"end":{}}],"line":13},"1":{"loc":{"start":{"line":13,"column":8},"end":{"line":13,"column":41}},"type":"binary-expr","locations":[{"start":{"line":13,"column":8},"end":{"line":13,"column":13}},{"start":{"line":13,"column":17},"end":{"line":13,"column":41}}],"line":13},"2":{"loc":{"start":{"line":30,"column":4},"end":{"line":36,"column":5}},"type":"if","locations":[{"start":{"line":30,"column":4},"end":{"line":36,"column":5}},{"start":{},"end":{}}],"line":30},"3":{"loc":{"start":{"line":30,"column":8},"end":{"line":30,"column":47}},"type":"binary-expr","locations":[{"start":{"line":30,"column":8},"end":{"line":30,"column":16}},{"start":{"line":30,"column":20},"end":{"line":30,"column":47}}],"line":30},"4":{"loc":{"start":{"line":49,"column":4},"end":{"line":70,"column":5}},"type":"if","locations":[{"start":{"line":49,"column":4},"end":{"line":70,"column":5}},{"start":{"line":55,"column":11},"end":{"line":70,"column":5}}],"line":49},"5":{"loc":{"start":{"line":49,"column":8},"end":{"line":49,"column":41}},"type":"binary-expr","locations":[{"start":{"line":49,"column":8},"end":{"line":49,"column":25}},{"start":{"line":49,"column":29},"end":{"line":49,"column":41}}],"line":49},"6":{"loc":{"start":{"line":57,"column":6},"end":{"line":69,"column":7}},"type":"if","locations":[{"start":{"line":57,"column":6},"end":{"line":69,"column":7}},{"start":{"line":63,"column":13},"end":{"line":69,"column":7}}],"line":57},"7":{"loc":{"start":{"line":63,"column":13},"end":{"line":69,"column":7}},"type":"if","locations":[{"start":{"line":63,"column":13},"end":{"line":69,"column":7}},{"start":{},"end":{}}],"line":63},"8":{"loc":{"start":{"line":63,"column":17},"end":{"line":63,"column":48}},"type":"binary-expr","locations":[{"start":{"line":63,"column":17},"end":{"line":63,"column":31}},{"start":{"line":63,"column":35},"end":{"line":63,"column":48}}],"line":63},"9":{"loc":{"start":{"line":72,"column":4},"end":{"line":93,"column":5}},"type":"if","locations":[{"start":{"line":72,"column":4},"end":{"line":93,"column":5}},{"start":{"line":78,"column":11},"end":{"line":93,"column":5}}],"line":72},"10":{"loc":{"start":{"line":72,"column":8},"end":{"line":72,"column":41}},"type":"binary-expr","locations":[{"start":{"line":72,"column":8},"end":{"line":72,"column":25}},{"start":{"line":72,"column":29},"end":{"line":72,"column":41}}],"line":72},"11":{"loc":{"start":{"line":80,"column":6},"end":{"line":92,"column":7}},"type":"if","locations":[{"start":{"line":80,"column":6},"end":{"line":92,"column":7}},{"start":{"line":86,"column":13},"end":{"line":92,"column":7}}],"line":80},"12":{"loc":{"start":{"line":86,"column":13},"end":{"line":92,"column":7}},"type":"if","locations":[{"start":{"line":86,"column":13},"end":{"line":92,"column":7}},{"start":{},"end":{}}],"line":86},"13":{"loc":{"start":{"line":86,"column":17},"end":{"line":86,"column":52}},"type":"binary-expr","locations":[{"start":{"line":86,"column":17},"end":{"line":86,"column":33}},{"start":{"line":86,"column":37},"end":{"line":86,"column":52}}],"line":86},"14":{"loc":{"start":{"line":113,"column":4},"end":{"line":119,"column":5}},"type":"if","locations":[{"start":{"line":113,"column":4},"end":{"line":119,"column":5}},{"start":{},"end":{}}],"line":113},"15":{"loc":{"start":{"line":114,"column":6},"end":{"line":115,"column":84}},"type":"binary-expr","locations":[{"start":{"line":114,"column":7},"end":{"line":114,"column":30}},{"start":{"line":114,"column":34},"end":{"line":114,"column":89}},{"start":{"line":115,"column":7},"end":{"line":115,"column":27}},{"start":{"line":115,"column":31},"end":{"line":115,"column":83}}],"line":114},"16":{"loc":{"start":{"line":123,"column":4},"end":{"line":125,"column":5}},"type":"if","locations":[{"start":{"line":123,"column":4},"end":{"line":125,"column":5}},{"start":{},"end":{}}],"line":123},"17":{"loc":{"start":{"line":129,"column":4},"end":{"line":131,"column":5}},"type":"if","locations":[{"start":{"line":129,"column":4},"end":{"line":131,"column":5}},{"start":{},"end":{}}],"line":129},"18":{"loc":{"start":{"line":138,"column":4},"end":{"line":140,"column":5}},"type":"if","locations":[{"start":{"line":138,"column":4},"end":{"line":140,"column":5}},{"start":{},"end":{}}],"line":138},"19":{"loc":{"start":{"line":146,"column":4},"end":{"line":148,"column":5}},"type":"if","locations":[{"start":{"line":146,"column":4},"end":{"line":148,"column":5}},{"start":{},"end":{}}],"line":146},"20":{"loc":{"start":{"line":164,"column":4},"end":{"line":169,"column":5}},"type":"if","locations":[{"start":{"line":164,"column":4},"end":{"line":169,"column":5}},{"start":{},"end":{}}],"line":164},"21":{"loc":{"start":{"line":164,"column":8},"end":{"line":164,"column":90}},"type":"binary-expr","locations":[{"start":{"line":164,"column":8},"end":{"line":164,"column":31}},{"start":{"line":164,"column":35},"end":{"line":164,"column":90}}],"line":164},"22":{"loc":{"start":{"line":166,"column":6},"end":{"line":168,"column":7}},"type":"if","locations":[{"start":{"line":166,"column":6},"end":{"line":168,"column":7}},{"start":{},"end":{}}],"line":166},"23":{"loc":{"start":{"line":166,"column":10},"end":{"line":166,"column":86}},"type":"binary-expr","locations":[{"start":{"line":166,"column":10},"end":{"line":166,"column":30}},{"start":{"line":166,"column":34},"end":{"line":166,"column":86}}],"line":166},"24":{"loc":{"start":{"line":172,"column":4},"end":{"line":177,"column":5}},"type":"if","locations":[{"start":{"line":172,"column":4},"end":{"line":177,"column":5}},{"start":{},"end":{}}],"line":172},"25":{"loc":{"start":{"line":174,"column":6},"end":{"line":176,"column":7}},"type":"if","locations":[{"start":{"line":174,"column":6},"end":{"line":176,"column":7}},{"start":{},"end":{}}],"line":174},"26":{"loc":{"start":{"line":179,"column":4},"end":{"line":184,"column":5}},"type":"if","locations":[{"start":{"line":179,"column":4},"end":{"line":184,"column":5}},{"start":{},"end":{}}],"line":179},"27":{"loc":{"start":{"line":181,"column":6},"end":{"line":183,"column":7}},"type":"if","locations":[{"start":{"line":181,"column":6},"end":{"line":183,"column":7}},{"start":{},"end":{}}],"line":181},"28":{"loc":{"start":{"line":186,"column":4},"end":{"line":194,"column":5}},"type":"if","locations":[{"start":{"line":186,"column":4},"end":{"line":194,"column":5}},{"start":{},"end":{}}],"line":186},"29":{"loc":{"start":{"line":186,"column":8},"end":{"line":186,"column":78}},"type":"binary-expr","locations":[{"start":{"line":186,"column":8},"end":{"line":186,"column":41}},{"start":{"line":186,"column":45},"end":{"line":186,"column":78}}],"line":186},"30":{"loc":{"start":{"line":191,"column":6},"end":{"line":193,"column":7}},"type":"if","locations":[{"start":{"line":191,"column":6},"end":{"line":193,"column":7}},{"start":{},"end":{}}],"line":191}},"s":{"0":0,"1":0,"2":0,"3":0,"4":0,"5":0,"6":0,"7":0,"8":0,"9":0,"10":0,"11":0,"12":0,"13":0,"14":0,"15":0,"16":0,"17":0,"18":0,"19":0,"20":0,"21":0,"22":0,"23":0,"24":0,"25":0,"26":0,"27":0,"28":0,"29":0,"30":0,"31":0,"32":0,"33":0,"34":0,"35":0,"36":0,"37":0,"38":0,"39":0,"40":0,"41":0,"42":0,"43":0,"44":0,"45":0,"46":0,"47":0,"48":0,"49":0,"50":0,"51":0,"52":0,"53":0,"54":0,"55":0,"56":0,"57":0,"58":0,"59":0,"60":0,"61":0,"62":0,"63":0,"64":0,"65":0,"66":0,"67":0,"68":0,"69":0,"70":3},"f":{"0":0,"1":0,"2":0,"3":0,"4":0,"5":0,"6":0,"7":0,"8":0,"9":0},"b":{"0":[0,0],"1":[0,0],"2":[0,0],"3":[0,0],"4":[0,0],"5":[0,0],"6":[0,0],"7":[0,0],"8":[0,0],"9":[0,0],"10":[0,0],"11":[0,0],"12":[0,0],"13":[0,0],"14":[0,0],"15":[0,0,0,0],"16":[0,0],"17":[0,0],"18":[0,0],"19":[0,0],"20":[0,0],"21":[0,0],"22":[0,0],"23":[0,0],"24":[0,0],"25":[0,0],"26":[0,0],"27":[0,0],"28":[0,0],"29":[0,0],"30":[0,0]},"_coverageSchema":"1a1c01bbd47fc00a2c39e90264f33305004495a9","hash":"3d923dea1f890d83168bc8d94e8fd184dd33616b"}
,"C:\\Users\\patri\\OneDrive\\Escritorio\\TravelBrain\\business-rules-backend\\src\\services\\itineraryBusinessRules.js": {"path":"C:\\Users\\patri\\OneDrive\\Escritorio\\TravelBrain\\business-rules-backend\\src\\services\\itineraryBusinessRules.js","statementMap":{"0":{"start":{"line":11,"column":4},"end":{"line":105,"column":6}},"1":{"start":{"line":112,"column":4},"end":{"line":114,"column":5}},"2":{"start":{"line":113,"column":6},"end":{"line":113,"column":25}},"3":{"start":{"line":116,"column":24},"end":{"line":116,"column":37}},"4":{"start":{"line":118,"column":4},"end":{"line":118,"column":46}},"5":{"start":{"line":118,"column":27},"end":{"line":118,"column":46}},"6":{"start":{"line":119,"column":4},"end":{"line":119,"column":64}},"7":{"start":{"line":119,"column":49},"end":{"line":119,"column":64}},"8":{"start":{"line":120,"column":4},"end":{"line":120,"column":18}},"9":{"start":{"line":127,"column":22},"end":{"line":149,"column":5}},"10":{"start":{"line":151,"column":21},"end":{"line":151,"column":68}},"11":{"start":{"line":152,"column":28},"end":{"line":152,"column":30}},"12":{"start":{"line":154,"column":4},"end":{"line":165,"column":7}},"13":{"start":{"line":155,"column":33},"end":{"line":155,"column":79}},"14":{"start":{"line":155,"column":56},"end":{"line":155,"column":78}},"15":{"start":{"line":156,"column":6},"end":{"line":164,"column":7}},"16":{"start":{"line":157,"column":31},"end":{"line":157,"column":104}},"17":{"start":{"line":158,"column":8},"end":{"line":163,"column":11}},"18":{"start":{"line":167,"column":4},"end":{"line":167,"column":27}},"19":{"start":{"line":174,"column":4},"end":{"line":183,"column":5}},"20":{"start":{"line":175,"column":6},"end":{"line":182,"column":8}},"21":{"start":{"line":185,"column":24},"end":{"line":207,"column":5}},"22":{"start":{"line":209,"column":22},"end":{"line":209,"column":73}},"23":{"start":{"line":211,"column":4},"end":{"line":218,"column":6}},"24":{"start":{"line":225,"column":19},"end":{"line":225,"column":21}},"25":{"start":{"line":228,"column":4},"end":{"line":230,"column":5}},"26":{"start":{"line":229,"column":6},"end":{"line":229,"column":83}},"27":{"start":{"line":231,"column":4},"end":{"line":233,"column":5}},"28":{"start":{"line":232,"column":6},"end":{"line":232,"column":78}},"29":{"start":{"line":234,"column":4},"end":{"line":236,"column":5}},"30":{"start":{"line":235,"column":6},"end":{"line":235,"column":86}},"31":{"start":{"line":238,"column":4},"end":{"line":240,"column":5}},"32":{"start":{"line":239,"column":6},"end":{"line":239,"column":38}},"33":{"start":{"line":243,"column":18},"end":{"line":243,"column":46}},"34":{"start":{"line":244,"column":16},"end":{"line":244,"column":42}},"35":{"start":{"line":245,"column":17},"end":{"line":245,"column":65}},"36":{"start":{"line":247,"column":4},"end":{"line":252,"column":5}},"37":{"start":{"line":248,"column":6},"end":{"line":251,"column":8}},"38":{"start":{"line":255,"column":23},"end":{"line":255,"column":97}},"39":{"start":{"line":258,"column":22},"end":{"line":258,"column":49}},"40":{"start":{"line":259,"column":23},"end":{"line":259,"column":60}},"41":{"start":{"line":261,"column":4},"end":{"line":269,"column":5}},"42":{"start":{"line":262,"column":6},"end":{"line":268,"column":8}},"43":{"start":{"line":272,"column":28},"end":{"line":272,"column":30}},"44":{"start":{"line":273,"column":4},"end":{"line":282,"column":5}},"45":{"start":{"line":273,"column":19},"end":{"line":273,"column":20}},"46":{"start":{"line":274,"column":19},"end":{"line":274,"column":34}},"47":{"start":{"line":275,"column":6},"end":{"line":275,"column":47}},"48":{"start":{"line":277,"column":6},"end":{"line":281,"column":9}},"49":{"start":{"line":285,"column":28},"end":{"line":289,"column":5}},"50":{"start":{"line":291,"column":4},"end":{"line":300,"column":6}},"51":{"start":{"line":307,"column":19},"end":{"line":307,"column":21}},"52":{"start":{"line":309,"column":4},"end":{"line":314,"column":5}},"53":{"start":{"line":310,"column":6},"end":{"line":313,"column":9}},"54":{"start":{"line":316,"column":4},"end":{"line":321,"column":5}},"55":{"start":{"line":317,"column":6},"end":{"line":320,"column":9}},"56":{"start":{"line":323,"column":31},"end":{"line":328,"column":5}},"57":{"start":{"line":330,"column":4},"end":{"line":335,"column":5}},"58":{"start":{"line":331,"column":6},"end":{"line":334,"column":9}},"59":{"start":{"line":337,"column":4},"end":{"line":345,"column":5}},"60":{"start":{"line":338,"column":31},"end":{"line":338,"column":61}},"61":{"start":{"line":339,"column":6},"end":{"line":344,"column":7}},"62":{"start":{"line":340,"column":8},"end":{"line":343,"column":11}},"63":{"start":{"line":347,"column":4},"end":{"line":350,"column":6}},"64":{"start":{"line":354,"column":0},"end":{"line":354,"column":46}}},"fnMap":{"0":{"name":"(anonymous_0)","decl":{"start":{"line":10,"column":2},"end":{"line":10,"column":3}},"loc":{"start":{"line":10,"column":25},"end":{"line":106,"column":3}},"line":10},"1":{"name":"(anonymous_1)","decl":{"start":{"line":111,"column":2},"end":{"line":111,"column":3}},"loc":{"start":{"line":111,"column":33},"end":{"line":121,"column":3}},"line":111},"2":{"name":"(anonymous_2)","decl":{"start":{"line":126,"column":2},"end":{"line":126,"column":3}},"loc":{"start":{"line":126,"column":53},"end":{"line":168,"column":3}},"line":126},"3":{"name":"(anonymous_3)","decl":{"start":{"line":154,"column":21},"end":{"line":154,"column":22}},"loc":{"start":{"line":154,"column":38},"end":{"line":165,"column":5}},"line":154},"4":{"name":"(anonymous_4)","decl":{"start":{"line":155,"column":51},"end":{"line":155,"column":52}},"loc":{"start":{"line":155,"column":56},"end":{"line":155,"column":78}},"line":155},"5":{"name":"(anonymous_5)","decl":{"start":{"line":173,"column":2},"end":{"line":173,"column":3}},"loc":{"start":{"line":173,"column":58},"end":{"line":219,"column":3}},"line":173},"6":{"name":"(anonymous_6)","decl":{"start":{"line":224,"column":2},"end":{"line":224,"column":3}},"loc":{"start":{"line":224,"column":72},"end":{"line":301,"column":3}},"line":224},"7":{"name":"(anonymous_7)","decl":{"start":{"line":306,"column":2},"end":{"line":306,"column":3}},"loc":{"start":{"line":306,"column":40},"end":{"line":351,"column":3}},"line":306}},"branchMap":{"0":{"loc":{"start":{"line":112,"column":4},"end":{"line":114,"column":5}},"type":"if","locations":[{"start":{"line":112,"column":4},"end":{"line":114,"column":5}},{"start":{},"end":{}}],"line":112},"1":{"loc":{"start":{"line":112,"column":8},"end":{"line":112,"column":37}},"type":"binary-expr","locations":[{"start":{"line":112,"column":8},"end":{"line":112,"column":15}},{"start":{"line":112,"column":19},"end":{"line":112,"column":24}},{"start":{"line":112,"column":28},"end":{"line":112,"column":37}}],"line":112},"2":{"loc":{"start":{"line":118,"column":4},"end":{"line":118,"column":46}},"type":"if","locations":[{"start":{"line":118,"column":4},"end":{"line":118,"column":46}},{"start":{},"end":{}}],"line":118},"3":{"loc":{"start":{"line":119,"column":4},"end":{"line":119,"column":64}},"type":"if","locations":[{"start":{"line":119,"column":4},"end":{"line":119,"column":64}},{"start":{},"end":{}}],"line":119},"4":{"loc":{"start":{"line":119,"column":8},"end":{"line":119,"column":47}},"type":"binary-expr","locations":[{"start":{"line":119,"column":8},"end":{"line":119,"column":26}},{"start":{"line":119,"column":30},"end":{"line":119,"column":47}}],"line":119},"5":{"loc":{"start":{"line":151,"column":21},"end":{"line":151,"column":68}},"type":"binary-expr","locations":[{"start":{"line":151,"column":21},"end":{"line":151,"column":42}},{"start":{"line":151,"column":46},"end":{"line":151,"column":68}}],"line":151},"6":{"loc":{"start":{"line":156,"column":6},"end":{"line":164,"column":7}},"type":"if","locations":[{"start":{"line":156,"column":6},"end":{"line":164,"column":7}},{"start":{},"end":{}}],"line":156},"7":{"loc":{"start":{"line":174,"column":4},"end":{"line":183,"column":5}},"type":"if","locations":[{"start":{"line":174,"column":4},"end":{"line":183,"column":5}},{"start":{},"end":{}}],"line":174},"8":{"loc":{"start":{"line":174,"column":8},"end":{"line":174,"column":42}},"type":"binary-expr","locations":[{"start":{"line":174,"column":8},"end":{"line":174,"column":20}},{"start":{"line":174,"column":24},"end":{"line":174,"column":29}},{"start":{"line":174,"column":33},"end":{"line":174,"column":42}}],"line":174},"9":{"loc":{"start":{"line":209,"column":22},"end":{"line":209,"column":73}},"type":"binary-expr","locations":[{"start":{"line":209,"column":22},"end":{"line":209,"column":45}},{"start":{"line":209,"column":49},"end":{"line":209,"column":73}}],"line":209},"10":{"loc":{"start":{"line":224,"column":44},"end":{"line":224,"column":70}},"type":"default-arg","locations":[{"start":{"line":224,"column":66},"end":{"line":224,"column":70}}],"line":224},"11":{"loc":{"start":{"line":228,"column":4},"end":{"line":230,"column":5}},"type":"if","locations":[{"start":{"line":228,"column":4},"end":{"line":230,"column":5}},{"start":{},"end":{}}],"line":228},"12":{"loc":{"start":{"line":231,"column":4},"end":{"line":233,"column":5}},"type":"if","locations":[{"start":{"line":231,"column":4},"end":{"line":233,"column":5}},{"start":{},"end":{}}],"line":231},"13":{"loc":{"start":{"line":234,"column":4},"end":{"line":236,"column":5}},"type":"if","locations":[{"start":{"line":234,"column":4},"end":{"line":236,"column":5}},{"start":{},"end":{}}],"line":234},"14":{"loc":{"start":{"line":238,"column":4},"end":{"line":240,"column":5}},"type":"if","locations":[{"start":{"line":238,"column":4},"end":{"line":240,"column":5}},{"start":{},"end":{}}],"line":238},"15":{"loc":{"start":{"line":247,"column":4},"end":{"line":252,"column":5}},"type":"if","locations":[{"start":{"line":247,"column":4},"end":{"line":252,"column":5}},{"start":{},"end":{}}],"line":247},"16":{"loc":{"start":{"line":255,"column":23},"end":{"line":255,"column":97}},"type":"binary-expr","locations":[{"start":{"line":255,"column":23},"end":{"line":255,"column":42}},{"start":{"line":255,"column":46},"end":{"line":255,"column":97}}],"line":255},"17":{"loc":{"start":{"line":255,"column":68},"end":{"line":255,"column":90}},"type":"binary-expr","locations":[{"start":{"line":255,"column":68},"end":{"line":255,"column":83}},{"start":{"line":255,"column":87},"end":{"line":255,"column":90}}],"line":255},"18":{"loc":{"start":{"line":261,"column":4},"end":{"line":269,"column":5}},"type":"if","locations":[{"start":{"line":261,"column":4},"end":{"line":269,"column":5}},{"start":{},"end":{}}],"line":261},"19":{"loc":{"start":{"line":286,"column":6},"end":{"line":286,"column":28}},"type":"binary-expr","locations":[{"start":{"line":286,"column":6},"end":{"line":286,"column":21}},{"start":{"line":286,"column":25},"end":{"line":286,"column":28}}],"line":286},"20":{"loc":{"start":{"line":309,"column":4},"end":{"line":314,"column":5}},"type":"if","locations":[{"start":{"line":309,"column":4},"end":{"line":314,"column":5}},{"start":{},"end":{}}],"line":309},"21":{"loc":{"start":{"line":316,"column":4},"end":{"line":321,"column":5}},"type":"if","locations":[{"start":{"line":316,"column":4},"end":{"line":321,"column":5}},{"start":{},"end":{}}],"line":316},"22":{"loc":{"start":{"line":330,"column":4},"end":{"line":335,"column":5}},"type":"if","locations":[{"start":{"line":330,"column":4},"end":{"line":335,"column":5}},{"start":{},"end":{}}],"line":330},"23":{"loc":{"start":{"line":330,"column":8},"end":{"line":330,"column":90}},"type":"binary-expr","locations":[{"start":{"line":330,"column":8},"end":{"line":330,"column":32}},{"start":{"line":330,"column":36},"end":{"line":330,"column":90}}],"line":330},"24":{"loc":{"start":{"line":337,"column":4},"end":{"line":345,"column":5}},"type":"if","locations":[{"start":{"line":337,"column":4},"end":{"line":345,"column":5}},{"start":{},"end":{}}],"line":337},"25":{"loc":{"start":{"line":339,"column":6},"end":{"line":344,"column":7}},"type":"if","locations":[{"start":{"line":339,"column":6},"end":{"line":344,"column":7}},{"start":{},"end":{}}],"line":339}},"s":{"0":0,"1":0,"2":0,"3":0,"4":0,"5":0,"6":0,"7":0,"8":0,"9":0,"10":0,"11":0,"12":0,"13":0,"14":0,"15":0,"16":0,"17":0,"18":0,"19":0,"20":0,"21":0,"22":0,"23":0,"24":0,"25":0,"26":0,"27":0,"28":0,"29":0,"30":0,"31":0,"32":0,"33":0,"34":0,"35":0,"36":0,"37":0,"38":0,"39":0,"40":0,"41":0,"42":0,"43":0,"44":0,"45":0,"46":0,"47":0,"48":0,"49":0,"50":0,"51":0,"52":0,"53":0,"54":0,"55":0,"56":0,"57":0,"58":0,"59":0,"60":0,"61":0,"62":0,"63":0,"64":3},"f":{"0":0,"1":0,"2":0,"3":0,"4":0,"5":0,"6":0,"7":0},"b":{"0":[0,0],"1":[0,0,0],"2":[0,0],"3":[0,0],"4":[0,0],"5":[0,0],"6":[0,0],"7":[0,0],"8":[0,0,0],"9":[0,0],"10":[0],"11":[0,0],"12":[0,0],"13":[0,0],"14":[0,0],"15":[0,0],"16":[0,0],"17":[0,0],"18":[0,0],"19":[0,0],"20":[0,0],"21":[0,0],"22":[0,0],"23":[0,0],"24":[0,0],"25":[0,0]},"_coverageSchema":"1a1c01bbd47fc00a2c39e90264f33305004495a9","hash":"69ab3baf15dffde728588a5668658b64a663abf1"}
,"C:\\Users\\patri\\OneDrive\\Escritorio\\TravelBrain\\business-rules-backend\\src\\services\\routeBusinessRules.js": {"path":"C:\\Users\\patri\\OneDrive\\Escritorio\\TravelBrain\\business-rules-backend\\src\\services\\routeBusinessRules.js","statementMap":{"0":{"start":{"line":11,"column":19},"end":{"line":11,"column":21}},"1":{"start":{"line":13,"column":4},"end":{"line":19,"column":5}},"2":{"start":{"line":14,"column":6},"end":{"line":18,"column":9}},"3":{"start":{"line":21,"column":4},"end":{"line":21,"column":50}},"4":{"start":{"line":28,"column":19},"end":{"line":28,"column":21}},"5":{"start":{"line":30,"column":4},"end":{"line":36,"column":5}},"6":{"start":{"line":31,"column":6},"end":{"line":35,"column":9}},"7":{"start":{"line":38,"column":4},"end":{"line":38,"column":50}},"8":{"start":{"line":47,"column":19},"end":{"line":47,"column":21}},"9":{"start":{"line":49,"column":4},"end":{"line":56,"column":5}},"10":{"start":{"line":50,"column":6},"end":{"line":54,"column":9}},"11":{"start":{"line":55,"column":6},"end":{"line":55,"column":38}},"12":{"start":{"line":58,"column":4},"end":{"line":79,"column":5}},"13":{"start":{"line":59,"column":6},"end":{"line":63,"column":9}},"14":{"start":{"line":65,"column":18},"end":{"line":65,"column":36}},"15":{"start":{"line":66,"column":6},"end":{"line":78,"column":7}},"16":{"start":{"line":67,"column":8},"end":{"line":71,"column":11}},"17":{"start":{"line":72,"column":13},"end":{"line":78,"column":7}},"18":{"start":{"line":73,"column":8},"end":{"line":77,"column":11}},"19":{"start":{"line":81,"column":4},"end":{"line":102,"column":5}},"20":{"start":{"line":82,"column":6},"end":{"line":86,"column":9}},"21":{"start":{"line":88,"column":18},"end":{"line":88,"column":36}},"22":{"start":{"line":89,"column":6},"end":{"line":101,"column":7}},"23":{"start":{"line":90,"column":8},"end":{"line":94,"column":11}},"24":{"start":{"line":95,"column":13},"end":{"line":101,"column":7}},"25":{"start":{"line":96,"column":8},"end":{"line":100,"column":11}},"26":{"start":{"line":104,"column":4},"end":{"line":104,"column":50}},"27":{"start":{"line":113,"column":19},"end":{"line":113,"column":21}},"28":{"start":{"line":115,"column":4},"end":{"line":122,"column":5}},"29":{"start":{"line":116,"column":6},"end":{"line":120,"column":9}},"30":{"start":{"line":121,"column":6},"end":{"line":121,"column":38}},"31":{"start":{"line":124,"column":4},"end":{"line":145,"column":5}},"32":{"start":{"line":125,"column":6},"end":{"line":129,"column":9}},"33":{"start":{"line":131,"column":18},"end":{"line":131,"column":41}},"34":{"start":{"line":132,"column":6},"end":{"line":144,"column":7}},"35":{"start":{"line":133,"column":8},"end":{"line":137,"column":11}},"36":{"start":{"line":138,"column":13},"end":{"line":144,"column":7}},"37":{"start":{"line":139,"column":8},"end":{"line":143,"column":11}},"38":{"start":{"line":147,"column":4},"end":{"line":168,"column":5}},"39":{"start":{"line":148,"column":6},"end":{"line":152,"column":9}},"40":{"start":{"line":154,"column":18},"end":{"line":154,"column":41}},"41":{"start":{"line":155,"column":6},"end":{"line":167,"column":7}},"42":{"start":{"line":156,"column":8},"end":{"line":160,"column":11}},"43":{"start":{"line":161,"column":13},"end":{"line":167,"column":7}},"44":{"start":{"line":162,"column":8},"end":{"line":166,"column":11}},"45":{"start":{"line":170,"column":4},"end":{"line":170,"column":50}},"46":{"start":{"line":177,"column":19},"end":{"line":177,"column":21}},"47":{"start":{"line":179,"column":4},"end":{"line":195,"column":5}},"48":{"start":{"line":180,"column":23},"end":{"line":180,"column":41}},"49":{"start":{"line":182,"column":6},"end":{"line":194,"column":7}},"50":{"start":{"line":183,"column":8},"end":{"line":187,"column":11}},"51":{"start":{"line":188,"column":13},"end":{"line":194,"column":7}},"52":{"start":{"line":189,"column":8},"end":{"line":193,"column":11}},"53":{"start":{"line":197,"column":4},"end":{"line":197,"column":50}},"54":{"start":{"line":204,"column":19},"end":{"line":204,"column":21}},"55":{"start":{"line":206,"column":4},"end":{"line":222,"column":5}},"56":{"start":{"line":207,"column":23},"end":{"line":207,"column":42}},"57":{"start":{"line":209,"column":6},"end":{"line":221,"column":7}},"58":{"start":{"line":210,"column":8},"end":{"line":214,"column":11}},"59":{"start":{"line":215,"column":13},"end":{"line":221,"column":7}},"60":{"start":{"line":216,"column":8},"end":{"line":220,"column":11}},"61":{"start":{"line":224,"column":4},"end":{"line":224,"column":50}},"62":{"start":{"line":232,"column":23},"end":{"line":232,"column":67}},"63":{"start":{"line":233,"column":19},"end":{"line":233,"column":21}},"64":{"start":{"line":235,"column":4},"end":{"line":241,"column":5}},"65":{"start":{"line":236,"column":6},"end":{"line":240,"column":9}},"66":{"start":{"line":243,"column":4},"end":{"line":247,"column":6}},"67":{"start":{"line":254,"column":19},"end":{"line":254,"column":21}},"68":{"start":{"line":255,"column":27},"end":{"line":255,"column":29}},"69":{"start":{"line":258,"column":29},"end":{"line":258,"column":66}},"70":{"start":{"line":259,"column":4},"end":{"line":261,"column":5}},"71":{"start":{"line":260,"column":6},"end":{"line":260,"column":46}},"72":{"start":{"line":264,"column":27},"end":{"line":264,"column":60}},"73":{"start":{"line":265,"column":4},"end":{"line":267,"column":5}},"74":{"start":{"line":266,"column":6},"end":{"line":266,"column":44}},"75":{"start":{"line":270,"column":29},"end":{"line":270,"column":66}},"76":{"start":{"line":271,"column":4},"end":{"line":273,"column":5}},"77":{"start":{"line":272,"column":6},"end":{"line":272,"column":46}},"78":{"start":{"line":276,"column":34},"end":{"line":276,"column":81}},"79":{"start":{"line":277,"column":4},"end":{"line":279,"column":5}},"80":{"start":{"line":278,"column":6},"end":{"line":278,"column":51}},"81":{"start":{"line":282,"column":31},"end":{"line":282,"column":74}},"82":{"start":{"line":283,"column":4},"end":{"line":285,"column":5}},"83":{"start":{"line":284,"column":6},"end":{"line":284,"column":48}},"84":{"start":{"line":288,"column":31},"end":{"line":288,"column":75}},"85":{"start":{"line":289,"column":4},"end":{"line":291,"column":5}},"86":{"start":{"line":290,"column":6},"end":{"line":290,"column":48}},"87":{"start":{"line":294,"column":27},"end":{"line":294,"column":69}},"88":{"start":{"line":295,"column":4},"end":{"line":297,"column":5}},"89":{"start":{"line":296,"column":6},"end":{"line":296,"column":44}},"90":{"start":{"line":298,"column":4},"end":{"line":298,"column":56}},"91":{"start":{"line":300,"column":4},"end":{"line":304,"column":6}},"92":{"start":{"line":311,"column":19},"end":{"line":311,"column":21}},"93":{"start":{"line":312,"column":27},"end":{"line":312,"column":29}},"94":{"start":{"line":315,"column":4},"end":{"line":320,"column":5}},"95":{"start":{"line":316,"column":31},"end":{"line":316,"column":68}},"96":{"start":{"line":317,"column":6},"end":{"line":319,"column":7}},"97":{"start":{"line":318,"column":8},"end":{"line":318,"column":48}},"98":{"start":{"line":322,"column":4},"end":{"line":327,"column":5}},"99":{"start":{"line":323,"column":29},"end":{"line":323,"column":62}},"100":{"start":{"line":324,"column":6},"end":{"line":326,"column":7}},"101":{"start":{"line":325,"column":8},"end":{"line":325,"column":46}},"102":{"start":{"line":329,"column":4},"end":{"line":334,"column":5}},"103":{"start":{"line":330,"column":31},"end":{"line":330,"column":68}},"104":{"start":{"line":331,"column":6},"end":{"line":333,"column":7}},"105":{"start":{"line":332,"column":8},"end":{"line":332,"column":48}},"106":{"start":{"line":336,"column":4},"end":{"line":341,"column":5}},"107":{"start":{"line":337,"column":36},"end":{"line":337,"column":83}},"108":{"start":{"line":338,"column":6},"end":{"line":340,"column":7}},"109":{"start":{"line":339,"column":8},"end":{"line":339,"column":53}},"110":{"start":{"line":343,"column":4},"end":{"line":348,"column":5}},"111":{"start":{"line":344,"column":33},"end":{"line":344,"column":76}},"112":{"start":{"line":345,"column":6},"end":{"line":347,"column":7}},"113":{"start":{"line":346,"column":8},"end":{"line":346,"column":50}},"114":{"start":{"line":350,"column":4},"end":{"line":355,"column":5}},"115":{"start":{"line":351,"column":33},"end":{"line":351,"column":77}},"116":{"start":{"line":352,"column":6},"end":{"line":354,"column":7}},"117":{"start":{"line":353,"column":8},"end":{"line":353,"column":50}},"118":{"start":{"line":357,"column":4},"end":{"line":363,"column":5}},"119":{"start":{"line":358,"column":29},"end":{"line":358,"column":71}},"120":{"start":{"line":359,"column":6},"end":{"line":361,"column":7}},"121":{"start":{"line":360,"column":8},"end":{"line":360,"column":46}},"122":{"start":{"line":362,"column":6},"end":{"line":362,"column":58}},"123":{"start":{"line":365,"column":4},"end":{"line":369,"column":6}},"124":{"start":{"line":377,"column":4},"end":{"line":385,"column":6}},"125":{"start":{"line":389,"column":0},"end":{"line":389,"column":42}}},"fnMap":{"0":{"name":"(anonymous_0)","decl":{"start":{"line":10,"column":2},"end":{"line":10,"column":3}},"loc":{"start":{"line":10,"column":25},"end":{"line":22,"column":3}},"line":10},"1":{"name":"(anonymous_1)","decl":{"start":{"line":27,"column":2},"end":{"line":27,"column":3}},"loc":{"start":{"line":27,"column":21},"end":{"line":39,"column":3}},"line":27},"2":{"name":"(anonymous_2)","decl":{"start":{"line":46,"column":2},"end":{"line":46,"column":3}},"loc":{"start":{"line":46,"column":25},"end":{"line":105,"column":3}},"line":46},"3":{"name":"(anonymous_3)","decl":{"start":{"line":112,"column":2},"end":{"line":112,"column":3}},"loc":{"start":{"line":112,"column":35},"end":{"line":171,"column":3}},"line":112},"4":{"name":"(anonymous_4)","decl":{"start":{"line":176,"column":2},"end":{"line":176,"column":3}},"loc":{"start":{"line":176,"column":31},"end":{"line":198,"column":3}},"line":176},"5":{"name":"(anonymous_5)","decl":{"start":{"line":203,"column":2},"end":{"line":203,"column":3}},"loc":{"start":{"line":203,"column":32},"end":{"line":225,"column":3}},"line":203},"6":{"name":"(anonymous_6)","decl":{"start":{"line":231,"column":2},"end":{"line":231,"column":3}},"loc":{"start":{"line":231,"column":30},"end":{"line":248,"column":3}},"line":231},"7":{"name":"(anonymous_7)","decl":{"start":{"line":253,"column":2},"end":{"line":253,"column":3}},"loc":{"start":{"line":253,"column":30},"end":{"line":305,"column":3}},"line":253},"8":{"name":"(anonymous_8)","decl":{"start":{"line":310,"column":2},"end":{"line":310,"column":3}},"loc":{"start":{"line":310,"column":28},"end":{"line":370,"column":3}},"line":310},"9":{"name":"(anonymous_9)","decl":{"start":{"line":376,"column":2},"end":{"line":376,"column":3}},"loc":{"start":{"line":376,"column":28},"end":{"line":386,"column":3}},"line":376}},"branchMap":{"0":{"loc":{"start":{"line":13,"column":4},"end":{"line":19,"column":5}},"type":"if","locations":[{"start":{"line":13,"column":4},"end":{"line":19,"column":5}},{"start":{},"end":{}}],"line":13},"1":{"loc":{"start":{"line":30,"column":4},"end":{"line":36,"column":5}},"type":"if","locations":[{"start":{"line":30,"column":4},"end":{"line":36,"column":5}},{"start":{},"end":{}}],"line":30},"2":{"loc":{"start":{"line":30,"column":8},"end":{"line":30,"column":41}},"type":"binary-expr","locations":[{"start":{"line":30,"column":8},"end":{"line":30,"column":13}},{"start":{"line":30,"column":17},"end":{"line":30,"column":41}}],"line":30},"3":{"loc":{"start":{"line":49,"column":4},"end":{"line":56,"column":5}},"type":"if","locations":[{"start":{"line":49,"column":4},"end":{"line":56,"column":5}},{"start":{},"end":{}}],"line":49},"4":{"loc":{"start":{"line":58,"column":4},"end":{"line":79,"column":5}},"type":"if","locations":[{"start":{"line":58,"column":4},"end":{"line":79,"column":5}},{"start":{"line":64,"column":11},"end":{"line":79,"column":5}}],"line":58},"5":{"loc":{"start":{"line":58,"column":8},"end":{"line":58,"column":55}},"type":"binary-expr","locations":[{"start":{"line":58,"column":8},"end":{"line":58,"column":32}},{"start":{"line":58,"column":36},"end":{"line":58,"column":55}}],"line":58},"6":{"loc":{"start":{"line":66,"column":6},"end":{"line":78,"column":7}},"type":"if","locations":[{"start":{"line":66,"column":6},"end":{"line":78,"column":7}},{"start":{"line":72,"column":13},"end":{"line":78,"column":7}}],"line":66},"7":{"loc":{"start":{"line":72,"column":13},"end":{"line":78,"column":7}},"type":"if","locations":[{"start":{"line":72,"column":13},"end":{"line":78,"column":7}},{"start":{},"end":{}}],"line":72},"8":{"loc":{"start":{"line":72,"column":17},"end":{"line":72,"column":38}},"type":"binary-expr","locations":[{"start":{"line":72,"column":17},"end":{"line":72,"column":26}},{"start":{"line":72,"column":30},"end":{"line":72,"column":38}}],"line":72},"9":{"loc":{"start":{"line":81,"column":4},"end":{"line":102,"column":5}},"type":"if","locations":[{"start":{"line":81,"column":4},"end":{"line":102,"column":5}},{"start":{"line":87,"column":11},"end":{"line":102,"column":5}}],"line":81},"10":{"loc":{"start":{"line":81,"column":8},"end":{"line":81,"column":55}},"type":"binary-expr","locations":[{"start":{"line":81,"column":8},"end":{"line":81,"column":32}},{"start":{"line":81,"column":36},"end":{"line":81,"column":55}}],"line":81},"11":{"loc":{"start":{"line":89,"column":6},"end":{"line":101,"column":7}},"type":"if","locations":[{"start":{"line":89,"column":6},"end":{"line":101,"column":7}},{"start":{"line":95,"column":13},"end":{"line":101,"column":7}}],"line":89},"12":{"loc":{"start":{"line":95,"column":13},"end":{"line":101,"column":7}},"type":"if","locations":[{"start":{"line":95,"column":13},"end":{"line":101,"column":7}},{"start":{},"end":{}}],"line":95},"13":{"loc":{"start":{"line":95,"column":17},"end":{"line":95,"column":40}},"type":"binary-expr","locations":[{"start":{"line":95,"column":17},"end":{"line":95,"column":27}},{"start":{"line":95,"column":31},"end":{"line":95,"column":40}}],"line":95},"14":{"loc":{"start":{"line":115,"column":4},"end":{"line":122,"column":5}},"type":"if","locations":[{"start":{"line":115,"column":4},"end":{"line":122,"column":5}},{"start":{},"end":{}}],"line":115},"15":{"loc":{"start":{"line":124,"column":4},"end":{"line":145,"column":5}},"type":"if","locations":[{"start":{"line":124,"column":4},"end":{"line":145,"column":5}},{"start":{"line":130,"column":11},"end":{"line":145,"column":5}}],"line":124},"16":{"loc":{"start":{"line":124,"column":8},"end":{"line":124,"column":65}},"type":"binary-expr","locations":[{"start":{"line":124,"column":8},"end":{"line":124,"column":37}},{"start":{"line":124,"column":41},"end":{"line":124,"column":65}}],"line":124},"17":{"loc":{"start":{"line":132,"column":6},"end":{"line":144,"column":7}},"type":"if","locations":[{"start":{"line":132,"column":6},"end":{"line":144,"column":7}},{"start":{"line":138,"column":13},"end":{"line":144,"column":7}}],"line":132},"18":{"loc":{"start":{"line":138,"column":13},"end":{"line":144,"column":7}},"type":"if","locations":[{"start":{"line":138,"column":13},"end":{"line":144,"column":7}},{"start":{},"end":{}}],"line":138},"19":{"loc":{"start":{"line":138,"column":17},"end":{"line":138,"column":38}},"type":"binary-expr","locations":[{"start":{"line":138,"column":17},"end":{"line":138,"column":26}},{"start":{"line":138,"column":30},"end":{"line":138,"column":38}}],"line":138},"20":{"loc":{"start":{"line":147,"column":4},"end":{"line":168,"column":5}},"type":"if","locations":[{"start":{"line":147,"column":4},"end":{"line":168,"column":5}},{"start":{"line":153,"column":11},"end":{"line":168,"column":5}}],"line":147},"21":{"loc":{"start":{"line":147,"column":8},"end":{"line":147,"column":65}},"type":"binary-expr","locations":[{"start":{"line":147,"column":8},"end":{"line":147,"column":37}},{"start":{"line":147,"column":41},"end":{"line":147,"column":65}}],"line":147},"22":{"loc":{"start":{"line":155,"column":6},"end":{"line":167,"column":7}},"type":"if","locations":[{"start":{"line":155,"column":6},"end":{"line":167,"column":7}},{"start":{"line":161,"column":13},"end":{"line":167,"column":7}}],"line":155},"23":{"loc":{"start":{"line":161,"column":13},"end":{"line":167,"column":7}},"type":"if","locations":[{"start":{"line":161,"column":13},"end":{"line":167,"column":7}},{"start":{},"end":{}}],"line":161},"24":{"loc":{"start":{"line":161,"column":17},"end":{"line":161,"column":40}},"type":"binary-expr","locations":[{"start":{"line":161,"column":17},"end":{"line":161,"column":27}},{"start":{"line":161,"column":31},"end":{"line":161,"column":40}}],"line":161},"25":{"loc":{"start":{"line":179,"column":4},"end":{"line":195,"column":5}},"type":"if","locations":[{"start":{"line":179,"column":4},"end":{"line":195,"column":5}},{"start":{},"end":{}}],"line":179},"26":{"loc":{"start":{"line":179,"column":8},"end":{"line":179,"column":55}},"type":"binary-expr","locations":[{"start":{"line":179,"column":8},"end":{"line":179,"column":32}},{"start":{"line":179,"column":36},"end":{"line":179,"column":55}}],"line":179},"27":{"loc":{"start":{"line":182,"column":6},"end":{"line":194,"column":7}},"type":"if","locations":[{"start":{"line":182,"column":6},"end":{"line":194,"column":7}},{"start":{"line":188,"column":13},"end":{"line":194,"column":7}}],"line":182},"28":{"loc":{"start":{"line":188,"column":13},"end":{"line":194,"column":7}},"type":"if","locations":[{"start":{"line":188,"column":13},"end":{"line":194,"column":7}},{"start":{},"end":{}}],"line":188},"29":{"loc":{"start":{"line":206,"column":4},"end":{"line":222,"column":5}},"type":"if","locations":[{"start":{"line":206,"column":4},"end":{"line":222,"column":5}},{"start":{},"end":{}}],"line":206},"30":{"loc":{"start":{"line":206,"column":8},"end":{"line":206,"column":57}},"type":"binary-expr","locations":[{"start":{"line":206,"column":8},"end":{"line":206,"column":33}},{"start":{"line":206,"column":37},"end":{"line":206,"column":57}}],"line":206},"31":{"loc":{"start":{"line":209,"column":6},"end":{"line":221,"column":7}},"type":"if","locations":[{"start":{"line":209,"column":6},"end":{"line":221,"column":7}},{"start":{"line":215,"column":13},"end":{"line":221,"column":7}}],"line":209},"32":{"loc":{"start":{"line":215,"column":13},"end":{"line":221,"column":7}},"type":"if","locations":[{"start":{"line":215,"column":13},"end":{"line":221,"column":7}},{"start":{},"end":{}}],"line":215},"33":{"loc":{"start":{"line":235,"column":4},"end":{"line":241,"column":5}},"type":"if","locations":[{"start":{"line":235,"column":4},"end":{"line":241,"column":5}},{"start":{},"end":{}}],"line":235},"34":{"loc":{"start":{"line":235,"column":8},"end":{"line":235,"column":42}},"type":"binary-expr","locations":[{"start":{"line":235,"column":8},"end":{"line":235,"column":12}},{"start":{"line":235,"column":16},"end":{"line":235,"column":42}}],"line":235},"35":{"loc":{"start":{"line":246,"column":22},"end":{"line":246,"column":39}},"type":"binary-expr","locations":[{"start":{"line":246,"column":22},"end":{"line":246,"column":26}},{"start":{"line":246,"column":30},"end":{"line":246,"column":39}}],"line":246},"36":{"loc":{"start":{"line":259,"column":4},"end":{"line":261,"column":5}},"type":"if","locations":[{"start":{"line":259,"column":4},"end":{"line":261,"column":5}},{"start":{},"end":{}}],"line":259},"37":{"loc":{"start":{"line":265,"column":4},"end":{"line":267,"column":5}},"type":"if","locations":[{"start":{"line":265,"column":4},"end":{"line":267,"column":5}},{"start":{},"end":{}}],"line":265},"38":{"loc":{"start":{"line":271,"column":4},"end":{"line":273,"column":5}},"type":"if","locations":[{"start":{"line":271,"column":4},"end":{"line":273,"column":5}},{"start":{},"end":{}}],"line":271},"39":{"loc":{"start":{"line":277,"column":4},"end":{"line":279,"column":5}},"type":"if","locations":[{"start":{"line":277,"column":4},"end":{"line":279,"column":5}},{"start":{},"end":{}}],"line":277},"40":{"loc":{"start":{"line":283,"column":4},"end":{"line":285,"column":5}},"type":"if","locations":[{"start":{"line":283,"column":4},"end":{"line":285,"column":5}},{"start":{},"end":{}}],"line":283},"41":{"loc":{"start":{"line":289,"column":4},"end":{"line":291,"column":5}},"type":"if","locations":[{"start":{"line":289,"column":4},"end":{"line":291,"column":5}},{"start":{},"end":{}}],"line":289},"42":{"loc":{"start":{"line":295,"column":4},"end":{"line":297,"column":5}},"type":"if","locations":[{"start":{"line":295,"column":4},"end":{"line":297,"column":5}},{"start":{},"end":{}}],"line":295},"43":{"loc":{"start":{"line":315,"column":4},"end":{"line":320,"column":5}},"type":"if","locations":[{"start":{"line":315,"column":4},"end":{"line":320,"column":5}},{"start":{},"end":{}}],"line":315},"44":{"loc":{"start":{"line":317,"column":6},"end":{"line":319,"column":7}},"type":"if","locations":[{"start":{"line":317,"column":6},"end":{"line":319,"column":7}},{"start":{},"end":{}}],"line":317},"45":{"loc":{"start":{"line":322,"column":4},"end":{"line":327,"column":5}},"type":"if","locations":[{"start":{"line":322,"column":4},"end":{"line":327,"column":5}},{"start":{},"end":{}}],"line":322},"46":{"loc":{"start":{"line":324,"column":6},"end":{"line":326,"column":7}},"type":"if","locations":[{"start":{"line":324,"column":6},"end":{"line":326,"column":7}},{"start":{},"end":{}}],"line":324},"47":{"loc":{"start":{"line":329,"column":4},"end":{"line":334,"column":5}},"type":"if","locations":[{"start":{"line":329,"column":4},"end":{"line":334,"column":5}},{"start":{},"end":{}}],"line":329},"48":{"loc":{"start":{"line":331,"column":6},"end":{"line":333,"column":7}},"type":"if","locations":[{"start":{"line":331,"column":6},"end":{"line":333,"column":7}},{"start":{},"end":{}}],"line":331},"49":{"loc":{"start":{"line":336,"column":4},"end":{"line":341,"column":5}},"type":"if","locations":[{"start":{"line":336,"column":4},"end":{"line":341,"column":5}},{"start":{},"end":{}}],"line":336},"50":{"loc":{"start":{"line":338,"column":6},"end":{"line":340,"column":7}},"type":"if","locations":[{"start":{"line":338,"column":6},"end":{"line":340,"column":7}},{"start":{},"end":{}}],"line":338},"51":{"loc":{"start":{"line":343,"column":4},"end":{"line":348,"column":5}},"type":"if","locations":[{"start":{"line":343,"column":4},"end":{"line":348,"column":5}},{"start":{},"end":{}}],"line":343},"52":{"loc":{"start":{"line":345,"column":6},"end":{"line":347,"column":7}},"type":"if","locations":[{"start":{"line":345,"column":6},"end":{"line":347,"column":7}},{"start":{},"end":{}}],"line":345},"53":{"loc":{"start":{"line":350,"column":4},"end":{"line":355,"column":5}},"type":"if","locations":[{"start":{"line":350,"column":4},"end":{"line":355,"column":5}},{"start":{},"end":{}}],"line":350},"54":{"loc":{"start":{"line":352,"column":6},"end":{"line":354,"column":7}},"type":"if","locations":[{"start":{"line":352,"column":6},"end":{"line":354,"column":7}},{"start":{},"end":{}}],"line":352},"55":{"loc":{"start":{"line":357,"column":4},"end":{"line":363,"column":5}},"type":"if","locations":[{"start":{"line":357,"column":4},"end":{"line":363,"column":5}},{"start":{},"end":{}}],"line":357},"56":{"loc":{"start":{"line":359,"column":6},"end":{"line":361,"column":7}},"type":"if","locations":[{"start":{"line":359,"column":6},"end":{"line":361,"column":7}},{"start":{},"end":{}}],"line":359}},"s":{"0":0,"1":0,"2":0,"3":0,"4":0,"5":0,"6":0,"7":0,"8":0,"9":0,"10":0,"11":0,"12":0,"13":0,"14":0,"15":0,"16":0,"17":0,"18":0,"19":0,"20":0,"21":0,"22":0,"23":0,"24":0,"25":0,"26":0,"27":0,"28":0,"29":0,"30":0,"31":0,"32":0,"33":0,"34":0,"35":0,"36":0,"37":0,"38":0,"39":0,"40":0,"41":0,"42":0,"43":0,"44":0,"45":0,"46":0,"47":0,"48":0,"49":0,"50":0,"51":0,"52":0,"53":0,"54":0,"55":0,"56":0,"57":0,"58":0,"59":0,"60":0,"61":0,"62":0,"63":0,"64":0,"65":0,"66":0,"67":0,"68":0,"69":0,"70":0,"71":0,"72":0,"73":0,"74":0,"75":0,"76":0,"77":0,"78":0,"79":0,"80":0,"81":0,"82":0,"83":0,"84":0,"85":0,"86":0,"87":0,"88":0,"89":0,"90":0,"91":0,"92":0,"93":0,"94":0,"95":0,"96":0,"97":0,"98":0,"99":0,"100":0,"101":0,"102":0,"103":0,"104":0,"105":0,"106":0,"107":0,"108":0,"109":0,"110":0,"111":0,"112":0,"113":0,"114":0,"115":0,"116":0,"117":0,"118":0,"119":0,"120":0,"121":0,"122":0,"123":0,"124":0,"125":3},"f":{"0":0,"1":0,"2":0,"3":0,"4":0,"5":0,"6":0,"7":0,"8":0,"9":0},"b":{"0":[0,0],"1":[0,0],"2":[0,0],"3":[0,0],"4":[0,0],"5":[0,0],"6":[0,0],"7":[0,0],"8":[0,0],"9":[0,0],"10":[0,0],"11":[0,0],"12":[0,0],"13":[0,0],"14":[0,0],"15":[0,0],"16":[0,0],"17":[0,0],"18":[0,0],"19":[0,0],"20":[0,0],"21":[0,0],"22":[0,0],"23":[0,0],"24":[0,0],"25":[0,0],"26":[0,0],"27":[0,0],"28":[0,0],"29":[0,0],"30":[0,0],"31":[0,0],"32":[0,0],"33":[0,0],"34":[0,0],"35":[0,0],"36":[0,0],"37":[0,0],"38":[0,0],"39":[0,0],"40":[0,0],"41":[0,0],"42":[0,0],"43":[0,0],"44":[0,0],"45":[0,0],"46":[0,0],"47":[0,0],"48":[0,0],"49":[0,0],"50":[0,0],"51":[0,0],"52":[0,0],"53":[0,0],"54":[0,0],"55":[0,0],"56":[0,0]},"_coverageSchema":"1a1c01bbd47fc00a2c39e90264f33305004495a9","hash":"d0df9988d35a7d8a3fbf64f33207c0531d603d48"}
,"C:\\Users\\patri\\OneDrive\\Escritorio\\TravelBrain\\business-rules-backend\\src\\services\\tripBusinessRules.js": {"path":"C:\\Users\\patri\\OneDrive\\Escritorio\\TravelBrain\\business-rules-backend\\src\\services\\tripBusinessRules.js","statementMap":{"0":{"start":{"line":11,"column":19},"end":{"line":11,"column":21}},"1":{"start":{"line":13,"column":4},"end":{"line":19,"column":5}},"2":{"start":{"line":14,"column":6},"end":{"line":18,"column":9}},"3":{"start":{"line":21,"column":4},"end":{"line":21,"column":50}},"4":{"start":{"line":28,"column":19},"end":{"line":28,"column":21}},"5":{"start":{"line":30,"column":4},"end":{"line":36,"column":5}},"6":{"start":{"line":31,"column":6},"end":{"line":35,"column":9}},"7":{"start":{"line":38,"column":4},"end":{"line":38,"column":50}},"8":{"start":{"line":45,"column":19},"end":{"line":45,"column":21}},"9":{"start":{"line":47,"column":4},"end":{"line":53,"column":5}},"10":{"start":{"line":48,"column":6},"end":{"line":52,"column":9}},"11":{"start":{"line":55,"column":4},"end":{"line":55,"column":50}},"12":{"start":{"line":63,"column":19},"end":{"line":63,"column":21}},"13":{"start":{"line":65,"column":4},"end":{"line":71,"column":5}},"14":{"start":{"line":66,"column":6},"end":{"line":70,"column":9}},"15":{"start":{"line":73,"column":4},"end":{"line":79,"column":5}},"16":{"start":{"line":74,"column":6},"end":{"line":78,"column":9}},"17":{"start":{"line":82,"column":4},"end":{"line":109,"column":5}},"18":{"start":{"line":83,"column":20},"end":{"line":83,"column":39}},"19":{"start":{"line":84,"column":18},"end":{"line":84,"column":35}},"20":{"start":{"line":86,"column":6},"end":{"line":92,"column":7}},"21":{"start":{"line":87,"column":8},"end":{"line":91,"column":11}},"22":{"start":{"line":94,"column":6},"end":{"line":100,"column":7}},"23":{"start":{"line":95,"column":8},"end":{"line":99,"column":11}},"24":{"start":{"line":102,"column":6},"end":{"line":108,"column":7}},"25":{"start":{"line":103,"column":8},"end":{"line":107,"column":11}},"26":{"start":{"line":111,"column":4},"end":{"line":111,"column":50}},"27":{"start":{"line":118,"column":19},"end":{"line":118,"column":21}},"28":{"start":{"line":120,"column":4},"end":{"line":136,"column":5}},"29":{"start":{"line":121,"column":24},"end":{"line":121,"column":38}},"30":{"start":{"line":123,"column":6},"end":{"line":135,"column":7}},"31":{"start":{"line":124,"column":8},"end":{"line":128,"column":11}},"32":{"start":{"line":129,"column":13},"end":{"line":135,"column":7}},"33":{"start":{"line":130,"column":8},"end":{"line":134,"column":11}},"34":{"start":{"line":138,"column":4},"end":{"line":138,"column":50}},"35":{"start":{"line":146,"column":4},"end":{"line":148,"column":5}},"36":{"start":{"line":147,"column":6},"end":{"line":147,"column":18}},"37":{"start":{"line":150,"column":18},"end":{"line":150,"column":37}},"38":{"start":{"line":151,"column":16},"end":{"line":151,"column":33}},"39":{"start":{"line":153,"column":4},"end":{"line":155,"column":5}},"40":{"start":{"line":154,"column":6},"end":{"line":154,"column":18}},"41":{"start":{"line":157,"column":23},"end":{"line":157,"column":34}},"42":{"start":{"line":158,"column":25},"end":{"line":158,"column":70}},"43":{"start":{"line":160,"column":4},"end":{"line":160,"column":24}},"44":{"start":{"line":167,"column":19},"end":{"line":167,"column":21}},"45":{"start":{"line":168,"column":27},"end":{"line":168,"column":29}},"46":{"start":{"line":171,"column":29},"end":{"line":171,"column":65}},"47":{"start":{"line":172,"column":4},"end":{"line":174,"column":5}},"48":{"start":{"line":173,"column":6},"end":{"line":173,"column":46}},"49":{"start":{"line":177,"column":28},"end":{"line":177,"column":62}},"50":{"start":{"line":178,"column":4},"end":{"line":180,"column":5}},"51":{"start":{"line":179,"column":6},"end":{"line":179,"column":45}},"52":{"start":{"line":183,"column":34},"end":{"line":183,"column":80}},"53":{"start":{"line":184,"column":4},"end":{"line":186,"column":5}},"54":{"start":{"line":185,"column":6},"end":{"line":185,"column":51}},"55":{"start":{"line":189,"column":28},"end":{"line":189,"column":84}},"56":{"start":{"line":190,"column":4},"end":{"line":192,"column":5}},"57":{"start":{"line":191,"column":6},"end":{"line":191,"column":45}},"58":{"start":{"line":195,"column":29},"end":{"line":195,"column":65}},"59":{"start":{"line":196,"column":4},"end":{"line":198,"column":5}},"60":{"start":{"line":197,"column":6},"end":{"line":197,"column":46}},"61":{"start":{"line":201,"column":4},"end":{"line":206,"column":5}},"62":{"start":{"line":202,"column":23},"end":{"line":202,"column":83}},"63":{"start":{"line":203,"column":6},"end":{"line":205,"column":7}},"64":{"start":{"line":204,"column":8},"end":{"line":204,"column":43}},"65":{"start":{"line":208,"column":4},"end":{"line":212,"column":6}},"66":{"start":{"line":219,"column":19},"end":{"line":219,"column":21}},"67":{"start":{"line":220,"column":27},"end":{"line":220,"column":29}},"68":{"start":{"line":223,"column":4},"end":{"line":228,"column":5}},"69":{"start":{"line":224,"column":31},"end":{"line":224,"column":67}},"70":{"start":{"line":225,"column":6},"end":{"line":227,"column":7}},"71":{"start":{"line":226,"column":8},"end":{"line":226,"column":48}},"72":{"start":{"line":230,"column":4},"end":{"line":235,"column":5}},"73":{"start":{"line":231,"column":30},"end":{"line":231,"column":64}},"74":{"start":{"line":232,"column":6},"end":{"line":234,"column":7}},"75":{"start":{"line":233,"column":8},"end":{"line":233,"column":47}},"76":{"start":{"line":237,"column":4},"end":{"line":242,"column":5}},"77":{"start":{"line":238,"column":36},"end":{"line":238,"column":82}},"78":{"start":{"line":239,"column":6},"end":{"line":241,"column":7}},"79":{"start":{"line":240,"column":8},"end":{"line":240,"column":53}},"80":{"start":{"line":244,"column":4},"end":{"line":249,"column":5}},"81":{"start":{"line":245,"column":30},"end":{"line":245,"column":86}},"82":{"start":{"line":246,"column":6},"end":{"line":248,"column":7}},"83":{"start":{"line":247,"column":8},"end":{"line":247,"column":47}},"84":{"start":{"line":251,"column":4},"end":{"line":256,"column":5}},"85":{"start":{"line":252,"column":31},"end":{"line":252,"column":67}},"86":{"start":{"line":253,"column":6},"end":{"line":255,"column":7}},"87":{"start":{"line":254,"column":8},"end":{"line":254,"column":48}},"88":{"start":{"line":259,"column":4},"end":{"line":264,"column":5}},"89":{"start":{"line":260,"column":23},"end":{"line":260,"column":83}},"90":{"start":{"line":261,"column":6},"end":{"line":263,"column":7
[...]
"end":{"line":201,"column":46}},{"start":{"line":201,"column":50},"end":{"line":201,"column":69}}],"line":201},"28":{"loc":{"start":{"line":203,"column":6},"end":{"line":205,"column":7}},"type":"if","locations":[{"start":{"line":203,"column":6},"end":{"line":205,"column":7}},{"start":{},"end":{}}],"line":203},"29":{"loc":{"start":{"line":223,"column":4},"end":{"line":228,"column":5}},"type":"if","locations":[{"start":{"line":223,"column":4},"end":{"line":228,"column":5}},{"start":{},"end":{}}],"line":223},"30":{"loc":{"start":{"line":225,"column":6},"end":{"line":227,"column":7}},"type":"if","locations":[{"start":{"line":225,"column":6},"end":{"line":227,"column":7}},{"start":{},"end":{}}],"line":225},"31":{"loc":{"start":{"line":230,"column":4},"end":{"line":235,"column":5}},"type":"if","locations":[{"start":{"line":230,"column":4},"end":{"line":235,"column":5}},{"start":{},"end":{}}],"line":230},"32":{"loc":{"start":{"line":232,"column":6},"end":{"line":234,"column":7}},"type":"if","locations":[{"start":{"line":232,"column":6},"end":{"line":234,"column":7}},{"start":{},"end":{}}],"line":232},"33":{"loc":{"start":{"line":237,"column":4},"end":{"line":242,"column":5}},"type":"if","locations":[{"start":{"line":237,"column":4},"end":{"line":242,"column":5}},{"start":{},"end":{}}],"line":237},"34":{"loc":{"start":{"line":239,"column":6},"end":{"line":241,"column":7}},"type":"if","locations":[{"start":{"line":239,"column":6},"end":{"line":241,"column":7}},{"start":{},"end":{}}],"line":239},"35":{"loc":{"start":{"line":244,"column":4},"end":{"line":249,"column":5}},"type":"if","locations":[{"start":{"line":244,"column":4},"end":{"line":249,"column":5}},{"start":{},"end":{}}],"line":244},"36":{"loc":{"start":{"line":244,"column":8},"end":{"line":244,"column":74}},"type":"binary-expr","locations":[{"start":{"line":244,"column":8},"end":{"line":244,"column":40}},{"start":{"line":244,"column":44},"end":{"line":244,"column":74}}],"line":244},"37":{"loc":{"start":{"line":246,"column":6},"end":{"line":248,"column":7}},"type":"if","locations":[{"start":{"line":246,"column":6},"end":{"line":248,"column":7}},{"start":{},"end":{}}],"line":246},"38":{"loc":{"start":{"line":251,"column":4},"end":{"line":256,"column":5}},"type":"if","locations":[{"start":{"line":251,"column":4},"end":{"line":256,"column":5}},{"start":{},"end":{}}],"line":251},"39":{"loc":{"start":{"line":253,"column":6},"end":{"line":255,"column":7}},"type":"if","locations":[{"start":{"line":253,"column":6},"end":{"line":255,"column":7}},{"start":{},"end":{}}],"line":253},"40":{"loc":{"start":{"line":259,"column":4},"end":{"line":264,"column":5}},"type":"if","locations":[{"start":{"line":259,"column":4},"end":{"line":264,"column":5}},{"start":{},"end":{}}],"line":259},"41":{"loc":{"start":{"line":259,"column":8},"end":{"line":259,"column":69}},"type":"binary-expr","locations":[{"start":{"line":259,"column":8},"end":{"line":259,"column":26}},{"start":{"line":259,"column":30},"end":{"line":259,"column":46}},{"start":{"line":259,"column":50},"end":{"line":259,"column":69}}],"line":259},"42":{"loc":{"start":{"line":261,"column":6},"end":{"line":263,"column":7}},"type":"if","locations":[{"start":{"line":261,"column":6},"end":{"line":263,"column":7}},{"start":{},"end":{}}],"line":261}},"s":{"0":0,"1":0,"2":0,"3":0,"4":0,"5":0,"6":0,"7":0,"8":0,"9":0,"10":0,"11":0,"12":0,"13":0,"14":0,"15":0,"16":0,"17":0,"18":0,"19":0,"20":0,"21":0,"22":0,"23":0,"24":0,"25":0,"26":0,"27":0,"28":0,"29":0,"30":0,"31":0,"32":0,"33":0,"34":0,"35":0,"36":0,"37":0,"38":0,"39":0,"40":0,"41":0,"42":0,"43":0,"44":0,"45":0,"46":0,"47":0,"48":0,"49":0,"50":0,"51":0,"52":0,"53":0,"54":0,"55":0,"56":0,"57":0,"58":0,"59":0,"60":0,"61":0,"62":0,"63":0,"64":0,"65":0,"66":0,"67":0,"68":0,"69":0,"70":0,"71":0,"72":0,"73":0,"74":0,"75":0,"76":0,"77":0,"78":0,"79":0,"80":0,"81":0,"82":0,"83":0,"84":0,"85":0,"86":0,"87":0,"88":0,"89":0,"90":0,"91":0,"92":0,"93":0,"94":3},"f":{"0":0,"1":0,"2":0,"3":0,"4":0,"5":0,"6":0,"7":0,"8":0},"b":{"0":[0,0],"1":[0,0],"2":[0,0],"3":[0,0],"4":[0,0],"5":[0,0],"6":[0,0],"7":[0,0],"8":[0,0],"9":[0,0],"10":[0,0],"11":[0,0],"12":[0,0,0],"13":[0,0],"14":[0,0],"15":[0,0],"16":[0,0],"17":[0,0],"18":[0,0],"19":[0,0],"20":[0,0],"21":[0,0],"22":[0,0],"23":[0,0],"24":[0,0],"25":[0,0],"26":[0,0],"27":[0,0,0],"28":[0,0],"29":[0,0],"30":[0,0],"31":[0,0],"32":[0,0],"33":[0,0],"34":[0,0],"35":[0,0],"36":[0,0],"37":[0,0],"38":[0,0],"39":[0,0],"40":[0,0],"41":[0,0,0],"42":[0,0]},"_coverageSchema":"1a1c01bbd47fc00a2c39e90264f33305004495a9","hash":"d26da0dde458e07ef84ceaed3f0d4f7d74bf0325"}
,"C:\\Users\\patri\\OneDrive\\Escritorio\\TravelBrain\\business-rules-backend\\src\\services\\userBusinessRules.js": {"path":"C:\\Users\\patri\\OneDrive\\Escritorio\\TravelBrain\\business-rules-backend\\src\\services\\userBusinessRules.js","statementMap":{"0":{"start":{"line":12,"column":19},"end":{"line":12,"column":21}},"1":{"start":{"line":14,"column":4},"end":{"line":21,"column":5}},"2":{"start":{"line":15,"column":6},"end":{"line":19,"column":9}},"3":{"start":{"line":20,"column":6},"end":{"line":20,"column":38}},"4":{"start":{"line":24,"column":23},"end":{"line":24,"column":51}},"5":{"start":{"line":25,"column":4},"end":{"line":31,"column":5}},"6":{"start":{"line":26,"column":6},"end":{"line":30,"column":9}},"7":{"start":{"line":33,"column":4},"end":{"line":37,"column":6}},"8":{"start":{"line":45,"column":19},"end":{"line":45,"column":21}},"9":{"start":{"line":48,"column":4},"end":{"line":50,"column":5}},"10":{"start":{"line":49,"column":6},"end":{"line":49,"column":41}},"11":{"start":{"line":53,"column":4},"end":{"line":59,"column":5}},"12":{"start":{"line":54,"column":6},"end":{"line":58,"column":9}},"13":{"start":{"line":61,"column":4},"end":{"line":61,"column":50}},"14":{"start":{"line":68,"column":19},"end":{"line":68,"column":21}},"15":{"start":{"line":70,"column":4},"end":{"line":77,"column":5}},"16":{"start":{"line":71,"column":6},"end":{"line":75,"column":9}},"17":{"start":{"line":76,"column":6},"end":{"line":76,"column":38}},"18":{"start":{"line":79,"column":4},"end":{"line":85,"column":5}},"19":{"start":{"line":80,"column":6},"end":{"line":84,"column":9}},"20":{"start":{"line":87,"column":4},"end":{"line":87,"column":50}},"21":{"start":{"line":94,"column":23},"end":{"line":94,"column":54}},"22":{"start":{"line":95,"column":19},"end":{"line":95,"column":21}},"23":{"start":{"line":97,"column":4},"end":{"line":103,"column":5}},"24":{"start":{"line":98,"column":6},"end":{"line":102,"column":9}},"25":{"start":{"line":105,"column":4},"end":{"line":109,"column":6}},"26":{"start":{"line":116,"column":26},"end":{"line":116,"column":48}},"27":{"start":{"line":117,"column":19},"end":{"line":117,"column":21}},"28":{"start":{"line":119,"column":4},"end":{"line":125,"column":5}},"29":{"start":{"line":120,"column":6},"end":{"line":124,"column":9}},"30":{"start":{"line":127,"column":4},"end":{"line":131,"column":6}},"31":{"start":{"line":138,"column":4},"end":{"line":141,"column":6}},"32":{"start":{"line":148,"column":19},"end":{"line":148,"column":21}},"33":{"start":{"line":149,"column":27},"end":{"line":149,"column":29}},"34":{"start":{"line":152,"column":28},"end":{"line":152,"column":62}},"35":{"start":{"line":153,"column":4},"end":{"line":157,"column":5}},"36":{"start":{"line":154,"column":6},"end":{"line":154,"column":45}},"37":{"start":{"line":156,"column":6},"end":{"line":156,"column":61}},"38":{"start":{"line":160,"column":31},"end":{"line":160,"column":71}},"39":{"start":{"line":161,"column":4},"end":{"line":165,"column":5}},"40":{"start":{"line":162,"column":6},"end":{"line":162,"column":48}},"41":{"start":{"line":163,"column":11},"end":{"line":165,"column":5}},"42":{"start":{"line":164,"column":6},"end":{"line":164,"column":50}},"43":{"start":{"line":168,"column":31},"end":{"line":168,"column":71}},"44":{"start":{"line":169,"column":4},"end":{"line":171,"column":5}},"45":{"start":{"line":170,"column":6},"end":{"line":170,"column":48}},"46":{"start":{"line":174,"column":27},"end":{"line":174,"column":59}},"47":{"start":{"line":175,"column":4},"end":{"line":177,"column":5}},"48":{"start":{"line":176,"column":6},"end":{"line":176,"column":44}},"49":{"start":{"line":178,"column":4},"end":{"line":178,"column":56}},"50":{"start":{"line":181,"column":29},"end":{"line":181,"column":65}},"51":{"start":{"line":182,"column":4},"end":{"line":184,"column":5}},"52":{"start":{"line":183,"column":6},"end":{"line":183,"column":46}},"53":{"start":{"line":185,"column":4},"end":{"line":185,"column":62}},"54":{"start":{"line":188,"column":31},"end":{"line":188,"column":71}},"55":{"start":{"line":189,"column":4},"end":{"line":189,"column":68}},"56":{"start":{"line":191,"column":4},"end":{"line":195,"column":6}},"57":{"start":{"line":202,"column":19},"end":{"line":202,"column":21}},"58":{"start":{"line":203,"column":27},"end":{"line":203,"column":29}},"59":{"start":{"line":206,"column":4},"end":{"line":213,"column":5}},"60":{"start":{"line":207,"column":30},"end":{"line":207,"column":64}},"61":{"start":{"line":208,"column":6},"end":{"line":212,"column":7}},"62":{"start":{"line":209,"column":8},"end":{"line":209,"column":47}},"63":{"start":{"line":211,"column":8},"end":{"line":211,"column":63}},"64":{"start":{"line":215,"column":4},"end":{"line":222,"column":5}},"65":{"start":{"line":216,"column":33},"end":{"line":216,"column":73}},"66":{"start":{"line":217,"column":6},"end":{"line":221,"column":7}},"67":{"start":{"line":218,"column":8},"end":{"line":218,"column":50}},"68":{"start":{"line":220,"column":8},"end":{"line":220,"column":52}},"69":{"start":{"line":224,"column":4},"end":{"line":229,"column":5}},"70":{"start":{"line":225,"column":33},"end":{"line":225,"column":73}},"71":{"start":{"line":226,"column":6},"end":{"line":228,"column":7}},"72":{"start":{"line":227,"column":8},"end":{"line":227,"column":50}},"73":{"start":{"line":231,"column":4},"end":{"line":238,"column":5}},"74":{"start":{"line":232,"column":29},"end":{"line":232,"column":61}},"75":{"start":{"line":233,"column":6},"end":{"line":237,"column":7}},"76":{"start":{"line":234,"column":8},"end":{"line":234,"column":46}},"77":{"start":{"line":236,"column":8},"end":{"line":236,"column":60}},"78":{"start":{"line":240,"column":4},"end":{"line":247,"column":5}},"79":{"start":{"line":241,"column":31},"end":{"line":241,"column":67}},"80":{"start":{"line":242,"column":6},"end":{"line":246,"column":7}},"81":{"start":{"line":243,"column":8},"end":{"line":243,"column":48}},"82":{"start":{"line":245,"column":8},"end":{"line":245,"column":66}},"83":{"start":{"line":249,"column":4},"end":{"line":252,"column":5}},"84":{"start":{"line":250,"column":33},"end":{"line":250,"column":73}},"85":{"start":{"line":251,"column":6},"end":{"line":251,"column":70}},"86":{"start":{"line":254,"column":4},"end":{"line":258,"column":6}},"87":{"start":{"line":262,"column":0},"end":{"line":262,"column":41}}},"fnMap":{"0":{"name":"(anonymous_0)","decl":{"start":{"line":11,"column":2},"end":{"line":11,"column":3}},"loc":{"start":{"line":11,"column":23},"end":{"line":38,"column":3}},"line":11},"1":{"name":"(anonymous_1)","decl":{"start":{"line":44,"column":2},"end":{"line":44,"column":3}},"loc":{"start":{"line":44,"column":29},"end":{"line":62,"column":3}},"line":44},"2":{"name":"(anonymous_2)","decl":{"start":{"line":67,"column":2},"end":{"line":67,"column":3}},"loc":{"start":{"line":67,"column":29},"end":{"line":88,"column":3}},"line":67},"3":{"name":"(anonymous_3)","decl":{"start":{"line":93,"column":2},"end":{"line":93,"column":3}},"loc":{"start":{"line":93,"column":21},"end":{"line":110,"column":3}},"line":93},"4":{"name":"(anonymous_4)","decl":{"start":{"line":115,"column":2},"end":{"line":115,"column":3}},"loc":{"start":{"line":115,"column":25},"end":{"line":132,"column":3}},"line":115},"5":{"name":"(anonymous_5)","decl":{"start":{"line":137,"column":2},"end":{"line":137,"column":3}},"loc":{"start":{"line":137,"column":29},"end":{"line":142,"column":3}},"line":137},"6":{"name":"(anonymous_6)","decl":{"start":{"line":147,"column":2},"end":{"line":147,"column":3}},"loc":{"start":{"line":147,"column":33},"end":{"line":196,"column":3}},"line":147},"7":{"name":"(anonymous_7)","decl":{"start":{"line":201,"column":2},"end":{"line":201,"column":3}},"loc":{"start":{"line":201,"column":27},"end":{"line":259,"column":3}},"line":201}},"branchMap":{"0":{"loc":{"start":{"line":14,"column":4},"end":{"line":21,"column":5}},"type":"if","locations":[{"start":{"line":14,"column":4},"end":{"line":21,"column":5}},{"start":{},"end":{}}],"line":14},"1":{"loc":{"start":{"line":25,"column":4},"end":{"line":31,"column":5}},"type":"if","locations":[{"start":{"line":25,"column":4},"end":{"line":31,"column":5}},{"start":{},"end":{}}],"line":25},"2":{"loc":{"start":{"line":48,"column":4},"end":{"line":50,"column":5}},"type":"if","locations":[{"start":{"line":48,"column":4},"end":{"line":50,"column":5}},{"start":{},"end":{}}],"line":48},"3":{"loc":{"start":{"line":53,"column":4},"end":{"line":59,"column":5}},"type":"if","locations":[{"start":{"line":53,"column":4},"end":{"line":59,"column":5}},{"start":{},"end":{}}],"line":53},"4":{"loc":{"start":{"line":70,"column":4},"end":{"line":77,"column":5}},"type":"if","locations":[{"start":{"line":70,"column":4},"end":{"line":77,"column":5}},{"start":{},"end":{}}],"line":70},"5":{"loc":{"start":{"line":79,"column":4},"end":{"line":85,"column":5}},"type":"if","locations":[{"start":{"line":79,"column":4},"end":{"line":85,"column":5}},{"start":{},"end":{}}],"line":79},"6":{"loc":{"start":{"line":97,"column":4},"end":{"line":103,"column":5}},"type":"if","locations":[{"start":{"line":97,"column":4},"end":{"line":103,"column":5}},{"start":{},"end":{}}],"line":97},"7":{"loc":{"start":{"line":97,"column":8},"end":{"line":97,"column":42}},"type":"binary-expr","locations":[{"start":{"line":97,"column":8},"end":{"line":97,"column":12}},{"start":{"line":97,"column":16},"end":{"line":97,"column":42}}],"line":97},"8":{"loc":{"start":{"line":108,"column":22},"end":{"line":108,"column":36}},"type":"binary-expr","locations":[{"start":{"line":108,"column":22},"end":{"line":108,"column":26}},{"start":{"line":108,"column":30},"end":{"line":108,"column":36}}],"line":108},"9":{"loc":{"start":{"line":119,"column":4},"end":{"line":125,"column":5}},"type":"if","locations":[{"start":{"line":119,"column":4},"end":{"line":125,"column":5}},{"start":{},"end":{}}],"line":119},"10":{"loc":{"start":{"line":119,"column":8},"end":{"line":119,"column":49}},"type":"binary-expr","locations":[{"start":{"line":119,"column":8},"end":{"line":119,"column":14}},{"start":{"line":119,"column":18},"end":{"line":119,"column":49}}],"line":119},"11":{"loc":{"start":{"line":130,"column":24},"end":{"line":130,"column":42}},"type":"binary-expr","locations":[{"start":{"line":130,"column":24},"end":{"line":130,"column":30}},{"start":{"line":130,"column":34},"end":{"line":130,"column":42}}],"line":130},"12":{"loc":{"start":{"line":140,"column":26},"end":{"line":140,"column":57}},"type":"binary-expr","locations":[{"start":{"line":140,"column":26},"end":{"line":140,"column":34}},{"start":{"line":140,"column":38},"end":{"line":140,"column":57}}],"line":140},"13":{"loc":{"start":{"line":153,"column":4},"end":{"line":157,"column":5}},"type":"if","locations":[{"start":{"line":153,"column":4},"end":{"line":157,"column":5}},{"start":{"line":155,"column":11},"end":{"line":157,"column":5}}],"line":153},"14":{"loc":{"start":{"line":161,"column":4},"end":{"line":165,"column":5}},"type":"if","locations":[{"start":{"line":161,"column":4},"end":{"line":165,"column":5}},{"start":{"line":163,"column":11},"end":{"line":165,"column":5}}],"line":161},"15":{"loc":{"start":{"line":163,"column":11},"end":{"line":165,"column":5}},"type":"if","locations":[{"start":{"line":163,"column":11},"end":{"line":165,"column":5}},{"start":{},"end":{}}],"line":163},"16":{"loc":{"start":{"line":169,"column":4},"end":{"line":171,"column":5}},"type":"if","locations":[{"start":{"line":169,"column":4},"end":{"line":171,"column":5}},{"start":{},"end":{}}],"line":169},"17":{"loc":{"start":{"line":175,"column":4},"end":{"line":177,"column":5}},"type":"if","locations":[{"start":{"line":175,"column":4},"end":{"line":177,"column":5}},{"start":{},"end":{}}],"line":175},"18":{"loc":{"start":{"line":182,"column":4},"end":{"line":184,"column":5}},"type":"if","locations":[{"start":{"line":182,"column":4},"end":{"line":184,"column":5}},{"start":{},"end":{}}],"line":182},"19":{"loc":{"start":{"line":206,"column":4},"end":{"line":213,"column":5}},"type":"if","locations":[{"start":{"line":206,"column":4},"end":{"line":213,"column":5}},{"start":{},"end":{}}],"line":206},"20":{"loc":{"start":{"line":208,"column":6},"end":{"line":212,"column":7}},"type":"if","locations":[{"start":{"line":208,"column":6},"end":{"line":212,"column":7}},{"start":{"line":210,"column":13},"end":{"line":212,"column":7}}],"line":208},"21":{"loc":{"start":{"line":215,"column":4},"end":{"line":222,"column":5}},"type":"if","locations":[{"start":{"line":215,"column":4},"end":{"line":222,"column":5}},{"start":{},"end":{}}],"line":215},"22":{"loc":{"start":{"line":217,"column":6},"end":{"line":221,"column":7}},"type":"if","locations":[{"start":{"line":217,"column":6},"end":{"line":221,"column":7}},{"start":{"line":219,"column":13},"end":{"line":221,"column":7}}],"line":217},"23":{"loc":{"start":{"line":224,"column":4},"end":{"line":229,"column":5}},"type":"if","locations":[{"start":{"line":224,"column":4},"end":{"line":229,"column":5}},{"start":{},"end":{}}],"line":224},"24":{"loc":{"start":{"line":226,"column":6},"end":{"line":228,"column":7}},"type":"if","locations":[{"start":{"line":226,"column":6},"end":{"line":228,"column":7}},{"start":{},"end":{}}],"line":226},"25":{"loc":{"start":{"line":231,"column":4},"end":{"line":238,"column":5}},"type":"if","locations":[{"start":{"line":231,"column":4},"end":{"line":238,"column":5}},{"start":{},"end":{}}],"line":231},"26":{"loc":{"start":{"line":233,"column":6},"end":{"line":237,"column":7}},"type":"if","locations":[{"start":{"line":233,"column":6},"end":{"line":237,"column":7}},{"start":{"line":235,"column":13},"end":{"line":237,"column":7}}],"line":233},"27":{"loc":{"start":{"line":240,"column":4},"end":{"line":247,"column":5}},"type":"if","locations":[{"start":{"line":240,"column":4},"end":{"line":247,"column":5}},{"start":{},"end":{}}],"line":240},"28":{"loc":{"start":{"line":242,"column":6},"end":{"line":246,"column":7}},"type":"if","locations":[{"start":{"line":242,"column":6},"end":{"line":246,"column":7}},{"start":{"line":244,"column":13},"end":{"line":246,"column":7}}],"line":242},"29":{"loc":{"start":{"line":249,"column":4},"end":{"line":252,"column":5}},"type":"if","locations":[{"start":{"line":249,"column":4},"end":{"line":252,"column":5}},{"start":{},"end":{}}],"line":249}},"s":{"0":0,"1":0,"2":0,"3":0,"4":0,"5":0,"6":0,"7":0,"8":0,"9":0,"10":0,"11":0,"12":0,"13":0,"14":0,"15":0,"16":0,"17":0,"18":0,"19":0,"20":0,"21":0,"22":0,"23":0,"24":0,"25":0,"26":0,"27":0,"28":0,"29":0,"30":0,"31":0,"32":0,"33":0,"34":0,"35":0,"36":0,"37":0,"38":0,"39":0,"40":0,"41":0,"42":0,"43":0,"44":0,"45":0,"46":0,"47":0,"48":0,"49":0,"50":0,"51":0,"52":0,"53":0,"54":0,"55":0,"56":0,"57":0,"58":0,"59":0,"60":0,"61":0,"62":0,"63":0,"64":0,"65":0,"66":0,"67":0,"68":0,"69":0,"70":0,"71":0,"72":0,"73":0,"74":0,"75":0,"76":0,"77":0,"78":0,"79":0,"80":0,"81":0,"82":0,"83":0,"84":0,"85":0,"86":0,"87":3},"f":{"0":0,"1":0,"2":0,"3":0,"4":0,"5":0,"6":0,"7":0},"b":{"0":[0,0],"1":[0,0],"2":[0,0],"3":[0,0],"4":[0,0],"5":[0,0],"6":[0,0],"7":[0,0],"8":[0,0],"9":[0,0],"10":[0,0],"11":[0,0],"12":[0,0],"13":[0,0],"14":[0,0],"15":[0,0],"16":[0,0],"17":[0,0],"18":[0,0],"19":[0,0],"20":[0,0],"21":[0,0],"22":[0,0],"23":[0,0],"24":[0,0],"25":[0,0],"26":[0,0],"27":[0,0],"28":[0,0],"29":[0,0]},"_coverageSchema":"1a1c01bbd47fc00a2c39e90264f33305004495a9","hash":"33df2ca04c64afdd051c04234f4837d035b7ad74"}
}
