TN:
SF:src\app.js
FN:18,(anonymous_0)
FN:24,(anonymous_1)
FN:33,(anonymous_2)
FN:50,(anonymous_3)
FN:58,(anonymous_4)
FNF:5
FNH:2
FNDA:4,(anonymous_0)
FNDA:0,(anonymous_1)
FNDA:0,(anonymous_2)
FNDA:4,(anonymous_3)
FNDA:0,(anonymous_4)
DA:1,3
DA:2,3
DA:3,3
DA:4,3
DA:6,3
DA:9,3
DA:14,3
DA:15,3
DA:18,3
DA:19,4
DA:20,4
DA:24,3
DA:25,0
DA:33,3
DA:34,0
DA:47,3
DA:50,3
DA:51,4
DA:58,3
DA:59,0
DA:60,0
DA:67,3
LF:22
LH:18
BRDA:63,0,0,0
BRDA:63,0,1,0
BRF:2
BRH:0
end_of_record
TN:
SF:src\config\env.js
FNF:0
FNH:0
DA:1,3
DA:3,3
LF:2
LH:2
BRDA:4,0,0,3
BRDA:4,0,1,0
BRDA:5,1,0,3
BRDA:5,1,1,0
BRDA:6,2,0,3
BRDA:6,2,1,0
BRDA:9,3,0,3
BRDA:9,3,1,0
BRF:8
BRH:4
end_of_record
TN:
SF:src\controllers\businessRulesController.js
FN:10,(anonymous_0)
FN:23,(anonymous_1)
FN:35,(anonymous_2)
FN:50,(anonymous_3)
FN:63,(anonymous_4)
FN:75,(anonymous_5)
FN:87,(anonymous_6)
FN:103,(anonymous_7)
FN:116,(anonymous_8)
FN:128,(anonymous_9)
FN:140,(anonymous_10)
FN:153,(anonymous_11)
FN:169,(anonymous_12)
FN:181,(anonymous_13)
FN:196,(anonymous_14)
FN:209,(anonymous_15)
FN:222,(anonymous_16)
FN:234,(anonymous_17)
FN:246,(anonymous_18)
FNF:19
FNH:0
FNDA:0,(anonymous_0)
FNDA:0,(anonymous_1)
FNDA:0,(anonymous_2)
FNDA:0,(anonymous_3)
FNDA:0,(anonymous_4)
FNDA:0,(anonymous_5)
FNDA:0,(anonymous_6)
FNDA:0,(anonymous_7)
FNDA:0,(anonymous_8)
FNDA:0,(anonymous_9)
FNDA:0,(anonymous_10)
FNDA:0,(anonymous_11)
FNDA:0,(anonymous_12)
FNDA:0,(anonymous_13)
FNDA:0,(anonymous_14)
FNDA:0,(anonymous_15)
FNDA:0,(anonymous_16)
FNDA:0,(anonymous_17)
FNDA:0,(anonymous_18)
DA:1,3
DA:2,3
DA:3,3
DA:4,3
DA:5,3
DA:10,3
DA:11,0
DA:12,0
DA:13,0
DA:15,0
DA:23,3
DA:24,0
DA:25,0
DA:26,0
DA:28,0
DA:35,3
DA:36,0
DA:37,0
DA:38,0
DA:40,0
DA:50,3
DA:51,0
DA:52,0
DA:53,0
DA:55,0
DA:63,3
DA:64,0
DA:65,0
DA:66,0
DA:68,0
DA:75,3
DA:76,0
DA:77,0
DA:78,0
DA:80,0
DA:87,3
DA:88,0
DA:89,0
DA:90,0
DA:91,0
DA:93,0
DA:103,3
DA:104,0
DA:105,0
DA:106,0
DA:108,0
DA:116,3
DA:117,0
DA:118,0
DA:119,0
DA:121,0
DA:128,3
DA:129,0
DA:130,0
DA:131,0
DA:133,0
DA:140,3
DA:141,0
DA:142,0
DA:143,0
DA:144,0
DA:146,0
DA:153,3
DA:154,0
DA:155,0
DA:156,0
DA:157,0
DA:159,0
DA:169,3
DA:170,0
DA:171,0
DA:172,0
DA:174,0
DA:181,3
DA:182,0
DA:183,0
DA:184,0
DA:186,0
DA:196,3
DA:197,0
DA:198,0
DA:199,0
DA:200,0
DA:202,0
DA:209,3
DA:210,0
DA:211,0
DA:212,0
DA:213,0
DA:215,0
DA:222,3
DA:223,0
DA:224,0
DA:225,0
DA:226,0
DA:228,0
DA:234,3
DA:235,0
DA:236,0
DA:237,0
DA:239,0
DA:246,3
DA:247,0
DA:248,0
DA:249,0
DA:251,0
LF:106
LH:24
BRF:0
BRH:0
end_of_record
TN:
SF:src\routes\businessRulesRoutes.js
FN:8,(anonymous_0)
FN:68,(anonymous_1)
FNF:2
FNH:0
FNDA:0,(anonymous_0)
FNDA:0,(anonymous_1)
DA:3,3
DA:4,3
DA:5,3
DA:8,3
DA:9,0
DA:16,3
DA:17,3
DA:20,3
DA:21,3
DA:22,3
DA:25,3
DA:26,3
DA:27,3
DA:28,3
DA:31,3
DA:32,3
DA:35,3
DA:36,3
DA:37,3
DA:38,3
DA:41,3
DA:42,3
DA:45,3
DA:46,3
DA:47,3
DA:50,3
DA:51,3
DA:52,3
DA:53,3
DA:56,3
DA:57,3
DA:60,3
DA:61,3
DA:62,3
DA:63,3
DA:64,3
DA:66,3
DA:68,3
DA:69,0
LF:39
LH:37
BRF:0
BRH:0
end_of_record
TN:
SF:src\services\destinationBusinessRules.js
FN:10,(anonymous_0)
FN:27,(anonymous_1)
FN:46,(anonymous_2)
FN:101,(anonymous_3)
FN:109,(anonymous_4)
FN:160,(anonymous_5)
FN:205,(anonymous_6)
FN:213,(anonymous_7)
FN:235,(anonymous_8)
FN:251,(anonymous_9)
FNF:10
FNH:0
FNDA:0,(anonymous_0)
FNDA:0,(anonymous_1)
FNDA:0,(anonymous_2)
FNDA:0,(anonymous_3)
FNDA:0,(anonymous_4)
FNDA:0,(anonymous_5)
FNDA:0,(anonymous_6)
FNDA:0,(anonymous_7)
FNDA:0,(anonymous_8)
FNDA:0,(anonymous_9)
DA:11,0
DA:13,0
DA:14,0
DA:21,0
DA:28,0
DA:30,0
DA:31,0
DA:38,0
DA:47,0
DA:49,0
DA:50,0
DA:56,0
DA:57,0
DA:58,0
DA:63,0
DA:64,0
DA:72,0
DA:73,0
DA:79,0
DA:80,0
DA:81,0
DA:86,0
DA:87,0
DA:95,0
DA:103,0
DA:110,0
DA:113,0
DA:117,0
DA:118,0
DA:122,0
DA:123,0
DA:124,0
DA:128,0
DA:129,0
DA:130,0
DA:134,0
DA:138,0
DA:139,0
DA:145,0
DA:146,0
DA:147,0
DA:150,0
DA:161,0
DA:164,0
DA:165,0
DA:166,0
DA:167,0
DA:172,0
DA:173,0
DA:174,0
DA:175,0
DA:179,0
DA:180,0
DA:181,0
DA:182,0
DA:186,0
DA:187,0
DA:191,0
DA:192,0
DA:196,0
DA:206,0
DA:214,0
DA:236,0
DA:237,0
DA:238,0
DA:241,0
DA:245,0
DA:246,0
DA:248,0
DA:252,0
DA:256,3
LF:71
LH:1
BRDA:13,0,0,0
BRDA:13,0,1,0
BRDA:13,1,0,0
BRDA:13,1,1,0
BRDA:30,2,0,0
BRDA:30,2,1,0
BRDA:30,3,0,0
BRDA:30,3,1,0
BRDA:49,4,0,0
BRDA:49,4,1,0
BRDA:49,5,0,0
BRDA:49,5,1,0
BRDA:57,6,0,0
BRDA:57,6,1,0
BRDA:63,7,0,0
BRDA:63,7,1,0
BRDA:63,8,0,0
BRDA:63,8,1,0
BRDA:72,9,0,0
BRDA:72,9,1,0
BRDA:72,10,0,0
BRDA:72,10,1,0
BRDA:80,11,0,0
BRDA:80,11,1,0
BRDA:86,12,0,0
BRDA:86,12,1,0
BRDA:86,13,0,0
BRDA:86,13,1,0
BRDA:113,14,0,0
BRDA:113,14,1,0
BRDA:114,15,0,0
BRDA:114,15,1,0
BRDA:114,15,2,0
BRDA:114,15,3,0
BRDA:123,16,0,0
BRDA:123,16,1,0
BRDA:129,17,0,0
BRDA:129,17,1,0
BRDA:138,18,0,0
BRDA:138,18,1,0
BRDA:146,19,0,0
BRDA:146,19,1,0
BRDA:164,20,0,0
BRDA:164,20,1,0
BRDA:164,21,0,0
BRDA:164,21,1,0
BRDA:166,22,0,0
BRDA:166,22,1,0
BRDA:166,23,0,0
BRDA:166,23,1,0
BRDA:172,24,0,0
BRDA:172,24,1,0
BRDA:174,25,0,0
BRDA:174,25,1,0
BRDA:179,26,0,0
BRDA:179,26,1,0
BRDA:181,27,0,0
BRDA:181,27,1,0
BRDA:186,28,0,0
BRDA:186,28,1,0
BRDA:186,29,0,0
BRDA:186,29,1,0
BRDA:191,30,0,0
BRDA:191,30,1,0
BRF:64
BRH:0
end_of_record
TN:
SF:src\services\itineraryBusinessRules.js
FN:10,(anonymous_0)
FN:111,(anonymous_1)
FN:126,(anonymous_2)
FN:154,(anonymous_3)
FN:155,(anonymous_4)
FN:173,(anonymous_5)
FN:224,(anonymous_6)
FN:306,(anonymous_7)
FNF:8
FNH:0
FNDA:0,(anonymous_0)
FNDA:0,(anonymous_1)
FNDA:0,(anonymous_2)
FNDA:0,(anonymous_3)
FNDA:0,(anonymous_4)
FNDA:0,(anonymous_5)
FNDA:0,(anonymous_6)
FNDA:0,(anonymous_7)
DA:11,0
DA:112,0
DA:113,0
DA:116,0
DA:118,0
DA:119,0
DA:120,0
DA:127,0
DA:151,0
DA:152,0
DA:154,0
DA:155,0
DA:156,0
DA:157,0
DA:158,0
DA:167,0
DA:174,0
DA:175,0
DA:185,0
DA:209,0
DA:211,0
DA:225,0
DA:228,0
DA:229,0
DA:231,0
DA:232,0
DA:234,0
DA:235,0
DA:238,0
DA:239,0
DA:243,0
DA:244,0
DA:245,0
DA:247,0
DA:248,0
DA:255,0
DA:258,0
DA:259,0
DA:261,0
DA:262,0
DA:272,0
DA:273,0
DA:274,0
DA:275,0
DA:277,0
DA:285,0
DA:291,0
DA:307,0
DA:309,0
DA:310,0
DA:316,0
DA:317,0
DA:323,0
DA:330,0
DA:331,0
DA:337,0
DA:338,0
DA:339,0
DA:340,0
DA:347,0
DA:354,3
LF:61
LH:1
BRDA:112,0,0,0
BRDA:112,0,1,0
BRDA:112,1,0,0
BRDA:112,1,1,0
BRDA:112,1,2,0
BRDA:118,2,0,0
BRDA:118,2,1,0
BRDA:119,3,0,0
BRDA:119,3,1,0
BRDA:119,4,0,0
BRDA:119,4,1,0
BRDA:151,5,0,0
BRDA:151,5,1,0
BRDA:156,6,0,0
BRDA:156,6,1,0
BRDA:174,7,0,0
BRDA:174,7,1,0
BRDA:174,8,0,0
BRDA:174,8,1,0
BRDA:174,8,2,0
BRDA:209,9,0,0
BRDA:209,9,1,0
BRDA:224,10,0,0
BRDA:228,11,0,0
BRDA:228,11,1,0
BRDA:231,12,0,0
BRDA:231,12,1,0
BRDA:234,13,0,0
BRDA:234,13,1,0
BRDA:238,14,0,0
BRDA:238,14,1,0
BRDA:247,15,0,0
BRDA:247,15,1,0
BRDA:255,16,0,0
BRDA:255,16,1,0
BRDA:255,17,0,0
BRDA:255,17,1,0
BRDA:261,18,0,0
BRDA:261,18,1,0
BRDA:286,19,0,0
BRDA:286,19,1,0
BRDA:309,20,0,0
BRDA:309,20,1,0
BRDA:316,21,0,0
BRDA:316,21,1,0
BRDA:330,22,0,0
BRDA:330,22,1,0
BRDA:330,23,0,0
BRDA:330,23,1,0
BRDA:337,24,0,0
BRDA:337,24,1,0
BRDA:339,25,0,0
BRDA:339,25,1,0
BRF:53
BRH:0
end_of_record
TN:
SF:src\services\routeBusinessRules.js
FN:10,(anonymous_0)
FN:27,(anonymous_1)
FN:46,(anonymous_2)
FN:112,(anonymous_3)
FN:176,(anonymous_4)
FN:203,(anonymous_5)
FN:231,(anonymous_6)
FN:253,(anonymous_7)
FN:310,(anonymous_8)
FN:376,(anonymous_9)
FNF:10
FNH:0
FNDA:0,(anonymous_0)
FNDA:0,(anonymous_1)
FNDA:0,(anonymous_2)
FNDA:0,(anonymous_3)
FNDA:0,(anonymous_4)
FNDA:0,(anonymous_5)
FNDA:0,(anonymous_6)
FNDA:0,(anonymous_7)
FNDA:0,(anonymous_8)
FNDA:0,(anonymous_9)
DA:11,0
DA:13,0
DA:14,0
DA:21,0
DA:28,0
DA:30,0
DA:31,0
DA:38,0
DA:47,0
DA:49,0
DA:50,0
DA:55,0
DA:58,0
DA:59,0
DA:65,0
DA:66,0
DA:67,0
DA:72,0
DA:73,0
DA:81,0
DA:82,0
DA:88,0
DA:89,0
DA:90,0
DA:95,0
DA:96,0
DA:104,0
DA:113,0
DA:115,0
DA:116,0
DA:121,0
DA:124,0
DA:125,0
DA:131,0
DA:132,0
DA:133,0
DA:138,0
DA:139,0
DA:147,0
DA:148,0
DA:154,0
DA:155,0
DA:156,0
DA:161,0
DA:162,0
DA:170,0
DA:177,0
DA:179,0
DA:180,0
DA:182,0
DA:183,0
DA:188,0
DA:189,0
DA:197,0
DA:204,0
DA:206,0
DA:207,0
DA:209,0
DA:210,0
DA:215,0
DA:216,0
DA:224,0
DA:232,0
DA:233,0
DA:235,0
DA:236,0
DA:243,0
DA:254,0
DA:255,0
DA:258,0
DA:259,0
DA:260,0
DA:264,0
DA:265,0
DA:266,0
DA:270,0
DA:271,0
DA:272,0
DA:276,0
DA:277,0
DA:278,0
DA:282,0
DA:283,0
DA:284,0
DA:288,0
DA:289,0
DA:290,0
DA:294,0
DA:295,0
DA:296,0
DA:298,0
DA:300,0
DA:311,0
DA:312,0
DA:315,0
DA:316,0
DA:317,0
DA:318,0
DA:322,0
DA:323,0
DA:324,0
DA:325,0
DA:329,0
DA:330,0
DA:331,0
DA:332,0
DA:336,0
DA:337,0
DA:338,0
DA:339,0
DA:343,0
DA:344,0
DA:345,0
DA:346,0
DA:350,0
DA:351,0
DA:352,0
DA:353,0
DA:357,0
DA:358,0
DA:359,0
DA:360,0
DA:362,0
DA:365,0
DA:377,0
DA:389,3
LF:126
LH:1
BRDA:13,0,0,0
BRDA:13,0,1,0
BRDA:30,1,0,0
BRDA:30,1,1,0
BRDA:30,2,0,0
BRDA:30,2,1,0
BRDA:49,3,0,0
BRDA:49,3,1,0
BRDA:58,4,0,0
BRDA:58,4,1,0
BRDA:58,5,0,0
BRDA:58,5,1,0
BRDA:66,6,0,0
BRDA:66,6,1,0
BRDA:72,7,0,0
BRDA:72,7,1,0
BRDA:72,8,0,0
BRDA:72,8,1,0
BRDA:81,9,0,0
BRDA:81,9,1,0
BRDA:81,10,0,0
BRDA:81,10,1,0
BRDA:89,11,0,0
BRDA:89,11,1,0
BRDA:95,12,0,0
BRDA:95,12,1,0
BRDA:95,13,0,0
BRDA:95,13,1,0
BRDA:115,14,0,0
BRDA:115,14,1,0
BRDA:124,15,0,0
BRDA:124,15,1,0
BRDA:124,16,0,0
BRDA:124,16,1,0
BRDA:132,17,0,0
BRDA:132,17,1,0
BRDA:138,18,0,0
BRDA:138,18,1,0
BRDA:138,19,0,0
BRDA:138,19,1,0
BRDA:147,20,0,0
BRDA:147,20,1,0
BRDA:147,21,0,0
BRDA:147,21,1,0
BRDA:155,22,0,0
BRDA:155,22,1,0
BRDA:161,23,0,0
BRDA:161,23,1,0
BRDA:161,24,0,0
BRDA:161,24,1,0
BRDA:179,25,0,0
BRDA:179,25,1,0
BRDA:179,26,0,0
BRDA:179,26,1,0
BRDA:182,27,0,0
BRDA:182,27,1,0
BRDA:188,28,0,0
BRDA:188,28,1,0
BRDA:206,29,0,0
BRDA:206,29,1,0
BRDA:206,30,0,0
BRDA:206,30,1,0
BRDA:209,31,0,0
BRDA:209,31,1,0
BRDA:215,32,0,0
BRDA:215,32,1,0
BRDA:235,33,0,0
BRDA:235,33,1,0
BRDA:235,34,0,0
BRDA:235,34,1,0
BRDA:246,35,0,0
BRDA:246,35,1,0
BRDA:259,36,0,0
BRDA:259,36,1,0
BRDA:265,37,0,0
BRDA:265,37,1,0
BRDA:271,38,0,0
BRDA:271,38,1,0
BRDA:277,39,0,0
BRDA:277,39,1,0
BRDA:283,40,0,0
BRDA:283,40,1,0
BRDA:289,41,0,0
BRDA:289,41,1,0
BRDA:295,42,0,0
BRDA:295,42,1,0
BRDA:315,43,0,0
BRDA:315,43,1,0
BRDA:317,44,0,0
BRDA:317,44,1,0
BRDA:322,45,0,0
BRDA:322,45,1,0
BRDA:324,46,0,0
BRDA:324,46,1,0
BRDA:329,47,0,0
BRDA:329,47,1,0
BRDA:331,48,0,0
BRDA:331,48,1,0
BRDA:336,49,0,0
BRDA:336,49,1,0
BRDA:338,50,0,0
BRDA:338,50,1,0
BRDA:343,51,0,0
BRDA:343,51,1,0
BRDA:345,52,0,0
BRDA:345,52,1,0
BRDA:350,53,0,0
BRDA:350,53,1,0
BRDA:352,54,0,0
BRDA:352,54,1,0
BRDA:357,55,0,0
BRDA:357,55,1,0
BRDA:359,56,0,0
BRDA:359,56,1,0
BRF:114
BRH:0
end_of_record
TN:
SF:src\services\tripBusinessRules.js
FN:10,(anonymous_0)
FN:27,(anonymous_1)
FN:44,(anonymous_2)
FN:62,(anonymous_3)
FN:117,(anonymous_4)
FN:145,(anonymous_5)
FN:166,(anonymous_6)
FN:218,(anonymous_7)
FN:277,(anonymous_8)
FNF:9
FNH:0
FNDA:0,(anonymous_0)
FNDA:0,(anonymous_1)
FNDA:0,(anonymous_2)
FNDA:0,(anonymous_3)
FNDA:0,(anonymous_4)
FNDA:0,(anonymous_5)
FNDA:0,(anonymous_6)
FNDA:0,(anonymous_7)
FNDA:0,(anonymous_8)
DA:11,0
DA:13,0
DA:14,0
DA:21,0
DA:28,0
DA:30,0
DA:31,0
DA:38,0
DA:45,0
DA:47,0
DA:48,0
DA:55,0
DA:63,0
DA:65,0
DA:66,0
DA:73,0
DA:74,0
DA:82,0
DA:83,0
DA:84,0
DA:86,0
DA:87,0
DA:94,0
DA:95,0
DA:102,0
DA:103,0
DA:111,0
DA:118,0
DA:120,0
DA:121,0
DA:123,0
DA:124,0
DA:129,0
DA:130,0
DA:138,0
DA:146,0
DA:147,0
DA:150,0
DA:151,0
DA:153,0
DA:154,0
DA:157,0
DA:158,0
DA:160,0
DA:167,0
DA:168,0
DA:171,0
DA:172,0
DA:173,0
DA:177,0
DA:178,0
DA:179,0
DA:183,0
DA:184,0
DA:185,0
DA:189,0
DA:190,0
DA:191,0
DA:195,0
DA:196,0
DA:197,0
DA:201,0
DA:202,0
DA:203,0
DA:204,0
DA:208,0
DA:219,0
DA:220,0
DA:223,0
DA:224,0
DA:225,0
DA:226,0
DA:230,0
DA:231,0
DA:232,0
DA:233,0
DA:237,0
DA:238,0
DA:239,0
DA:240,0
DA:244,0
DA:245,0
DA:246,0
DA:247,0
DA:251,0
DA:252,0
DA:253,0
DA:254,0
DA:259,0
DA:260,0
DA:261,0
DA:262,0
DA:266,0
DA:278,0
DA:295,3
LF:95
LH:1
BRDA:13,0,0,0
BRDA:13,0,1,0
BRDA:30,1,0,0
BRDA:30,1,1,0
BRDA:30,2,0,0
BRDA:30,2,1,0
BRDA:47,3,0,0
BRDA:47,3,1,0
BRDA:47,4,0,0
BRDA:47,4,1,0
BRDA:65,5,0,0
BRDA:65,5,1,0
BRDA:73,6,0,0
BRDA:73,6,1,0
BRDA:82,7,0,0
BRDA:82,7,1,0
BRDA:82,8,0,0
BRDA:82,8,1,0
BRDA:86,9,0,0
BRDA:86,9,1,0
BRDA:94,10,0,0
BRDA:94,10,1,0
BRDA:102,11,0,0
BRDA:102,11,1,0
BRDA:102,12,0,0
BRDA:102,12,1,0
BRDA:102,12,2,0
BRDA:120,13,0,0
BRDA:120,13,1,0
BRDA:120,14,0,0
BRDA:120,14,1,0
BRDA:123,15,0,0
BRDA:123,15,1,0
BRDA:129,16,0,0
BRDA:129,16,1,0
BRDA:146,17,0,0
BRDA:146,17,1,0
BRDA:146,18,0,0
BRDA:146,18,1,0
BRDA:153,19,0,0
BRDA:153,19,1,0
BRDA:153,20,0,0
BRDA:153,20,1,0
BRDA:172,21,0,0
BRDA:172,21,1,0
BRDA:178,22,0,0
BRDA:178,22,1,0
BRDA:184,23,0,0
BRDA:184,23,1,0
BRDA:190,24,0,0
BRDA:190,24,1,0
BRDA:196,25,0,0
BRDA:196,25,1,0
BRDA:201,26,0,0
BRDA:201,26,1,0
BRDA:201,27,0,0
BRDA:201,27,1,0
BRDA:201,27,2,0
BRDA:203,28,0,0
BRDA:203,28,1,0
BRDA:223,29,0,0
BRDA:223,29,1,0
BRDA:225,30,0,0
BRDA:225,30,1,0
BRDA:230,31,0,0
BRDA:230,31,1,0
BRDA:232,32,0,0
BRDA:232,32,1,0
BRDA:237,33,0,0
BRDA:237,33,1,0
BRDA:239,34,0,0
BRDA:239,34,1,0
BRDA:244,35,0,0
BRDA:244,35,1,0
BRDA:244,36,0,0
BRDA:244,36,1,0
BRDA:246,37,0,0
BRDA:246,37,1,0
BRDA:251,38,0,0
BRDA:251,38,1,0
BRDA:253,39,0,0
BRDA:253,39,1,0
BRDA:259,40,0,0
BRDA:259,40,1,0
BRDA:259,41,0,0
BRDA:259,41,1,0
BRDA:259,41,2,0
BRDA:261,42,0,0
BRDA:261,42,1,0
BRF:89
BRH:0
end_of_record
TN:
SF:src\services\userBusinessRules.js
FN:11,(anonymous_0)
FN:44,(anonymous_1)
FN:67,(anonymous_2)
FN:93,(anonymous_3)
FN:115,(anonymous_4)
FN:137,(anonymous_5)
FN:147,(anonymous_6)
FN:201,(anonymous_7)
FNF:8
FNH:0
FNDA:0,(anonymous_0)
FNDA:0,(anonymous_1)
FNDA:0,(anonymous_2)
FNDA:0,(anonymous_3)
FNDA:0,(anonymous_4)
FNDA:0,(anonymous_5)
FNDA:0,(anonymous_6)
FNDA:0,(anonymous_7)
DA:12,0
DA:14,0
DA:15,0
DA:20,0
DA:24,0
DA:25,0
DA:26,0
DA:33,0
DA:45,0
DA:48,0
DA:49,0
DA:53,0
DA:54,0
DA:61,0
DA:68,0
DA:70,0
DA:71,0
DA:76,0
DA:79,0
DA:80,0
DA:87,0
DA:94,0
DA:95,0
DA:97,0
DA:98,0
DA:105,0
DA:116,0
DA:117,0
DA:119,0
DA:120,0
DA:127,0
DA:138,0
DA:148,0
DA:149,0
DA:152,0
DA:153,0
DA:154,0
DA:156,0
DA:160,0
DA:161,0
DA:162,0
DA:163,0
DA:164,0
DA:168,0
DA:169,0
DA:170,0
DA:174,0
DA:175,0
DA:176,0
DA:178,0
DA:181,0
DA:182,0
DA:183,0
DA:185,0
DA:188,0
DA:189,0
DA:191,0
DA:202,0
DA:203,0
DA:206,0
DA:207,0
DA:208,0
DA:209,0
DA:211,0
DA:215,0
DA:216,0
DA:217,0
DA:218,0
DA:220,0
DA:224,0
DA:225,0
DA:226,0
DA:227,0
DA:231,0
DA:232,0
DA:233,0
DA:234,0
DA:236,0
DA:240,0
DA:241,0
DA:242,0
DA:243,0
DA:245,0
DA:249,0
DA:250,0
DA:251,0
DA:254,0
DA:262,3
LF:88
LH:1
BRDA:14,0,0,0
BRDA:14,0,1,0
BRDA:25,1,0,0
BRDA:25,1,1,0
BRDA:48,2,0,0
BRDA:48,2,1,0
BRDA:53,3,0,0
BRDA:53,3,1,0
BRDA:70,4,0,0
BRDA:70,4,1,0
BRDA:79,5,0,0
BRDA:79,5,1,0
BRDA:97,6,0,0
BRDA:97,6,1,0
BRDA:97,7,0,0
BRDA:97,7,1,0
BRDA:108,8,0,0
BRDA:108,8,1,0
BRDA:119,9,0,0
BRDA:119,9,1,0
BRDA:119,10,0,0
BRDA:119,10,1,0
BRDA:130,11,0,0
BRDA:130,11,1,0
BRDA:140,12,0,0
BRDA:140,12,1,0
BRDA:153,13,0,0
BRDA:153,13,1,0
BRDA:161,14,0,0
BRDA:161,14,1,0
BRDA:163,15,0,0
BRDA:163,15,1,0
BRDA:169,16,0,0
BRDA:169,16,1,0
BRDA:175,17,0,0
BRDA:175,17,1,0
BRDA:182,18,0,0
BRDA:182,18,1,0
BRDA:206,19,0,0
BRDA:206,19,1,0
BRDA:208,20,0,0
BRDA:208,20,1,0
BRDA:215,21,0,0
BRDA:215,21,1,0
BRDA:217,22,0,0
BRDA:217,22,1,0
BRDA:224,23,0,0
BRDA:224,23,1,0
BRDA:226,24,0,0
BRDA:226,24,1,0
BRDA:231,25,0,0
BRDA:231,25,1,0
BRDA:233,26,0,0
BRDA:233,26,1,0
BRDA:240,27,0,0
BRDA:240,27,1,0
BRDA:242,28,0,0
BRDA:242,28,1,0
BRDA:249,29,0,0
BRDA:249,29,1,0
BRF:60
BRH:0
end_of_record
